#
# There is insufficient memory for the Java Runtime Environment to continue.
# Native memory allocation (mmap) failed to map 276824064 bytes for Failed to commit area from 0x0000000092b00000 to 0x00000000a3300000 of length 276824064.
# Possible reasons:
#   The system is out of physical RAM or swap space
#   The process is running with CompressedOops enabled, and the Java Heap may be blocking the growth of the native heap
# Possible solutions:
#   Reduce memory load on the system
#   Increase physical memory or swap space
#   Check if swap backing stores is full
#   Decrease Java heap size (-Xmx/-Xms)
#   Decrease number of Java threads
#   Decrease Java thread stack sizes (-Xss)
#   Set larger code cache with -XX:ReservedCodeCacheSize=
#   JVM is running with Unscaled Compressed Oops mode in which the Java heap is
#     placed in the first 4GB address space. The Java Heap base address is the
#     maximum limit for the native heap growth. Please use -XX:HeapBaseMinAddress
#     to set the Java Heap base and to place the Java Heap above 4GB virtual address.
# This output file may be truncated or incomplete.
#
#  Out of Memory Error (./src/hotspot/os/windows/os_windows.cpp:3521), pid=2812, tid=2256
#
# JRE version: OpenJDK Runtime Environment (11.0.12+7) (build 11.0.12+7-b1504.28-7817840)
# Java VM: OpenJDK 64-Bit Server VM (11.0.12+7-b1504.28-7817840, mixed mode, tiered, compressed oops, g1 gc, windows-amd64)
# No core dump will be written. Minidumps are not enabled by default on client versions of Windows
#

---------------  S U M M A R Y ------------

Command Line: --add-opens=java.base/java.util=ALL-UNNAMED --add-opens=java.base/java.lang=ALL-UNNAMED --add-opens=java.base/java.lang.invoke=ALL-UNNAMED --add-opens=java.base/java.util=ALL-UNNAMED --add-opens=java.prefs/java.util.prefs=ALL-UNNAMED --add-opens=java.prefs/java.util.prefs=ALL-UNNAMED --add-opens=java.base/java.nio.charset=ALL-UNNAMED --add-opens=java.base/java.net=ALL-UNNAMED --add-opens=java.base/java.util.concurrent.atomic=ALL-UNNAMED -Xmx2048m -Dfile.encoding=UTF-8 -Duser.country=US -Duser.language=en -Duser.variant org.gradle.launcher.daemon.bootstrap.GradleDaemon 7.3.3

Host: Intel(R) Core(TM) i5-2520M CPU @ 2.50GHz, 4 cores, 7G,  Windows 10 , 64 bit Build 19041 (10.0.19041.2546)
Time: Mon Mar  6 15:13:39 2023 E. Africa Standard Time elapsed time: 11331.215288 seconds (0d 3h 8m 51s)

---------------  T H R E A D  ---------------

Current thread (0x000002127f39b000):  VMThread "VM Thread" [stack: 0x0000004544400000,0x0000004544500000] [id=2256]

Stack: [0x0000004544400000,0x0000004544500000]
[error occurred during error reporting (printing stack bounds), id 0xc0000005, EXCEPTION_ACCESS_VIOLATION (0xc0000005) at pc=0x000002120000112d]

Native frames: (J=compiled Java code, j=interpreted, Vv=VM code, C=native code)
V  [jvm.dll+0x5fbcea]
V  [jvm.dll+0x731905]
V  [jvm.dll+0x732f1d]
V  [jvm.dll+0x733535]
V  [jvm.dll+0x7334eb]
V  [jvm.dll+0x5fb080]
V  [jvm.dll+0x5fb818]
C  [ntdll.dll+0xa241f]
C  [ntdll.dll+0x514a4]
C  [ntdll.dll+0xa0f4e]
C  0x000002120000112d

VM_Operation (0x0000004549df9e40): G1CollectForAllocation, mode: safepoint, requested by thread 0x00000212134ef800


---------------  P R O C E S S  ---------------

Threads class SMR info:
_java_thread_list=0x0000021216a48010, length=96, elements={
0x00000212747ad800, 0x000002127f3a0800, 0x000002127f3a4000, 0x000002127f3bb000,
0x000002127f3bc000, 0x000002127f3bd800, 0x000002127f3c7000, 0x000002127f3d0000,
0x000002127f3d1000, 0x000002120f194800, 0x00000212100a3800, 0x000002120fef8000,
0x000002121025b800, 0x000002120f8a3800, 0x000002120f89f800, 0x000002120f8a0000,
0x000002120f8a4000, 0x000002120f8a1800, 0x0000021213001000, 0x0000021212fff800,
0x0000021213000800, 0x0000021212ffc800, 0x000002121188d800, 0x00000212134f0000,
0x00000212134ea800, 0x00000212134f1800, 0x00000212134f6800, 0x0000021212ffd000,
0x0000021212ffe000, 0x0000021215793800, 0x00000212134eb000, 0x0000021215798800,
0x0000021215797800, 0x0000021215792000, 0x0000021215794800, 0x0000021215795000,
0x0000021215796000, 0x0000021215797000, 0x000002121579b000, 0x000002121579c800,
0x000002121579d800, 0x000002121579f000, 0x000002121579b800, 0x000002121579e000,
0x0000021215799000, 0x000002121579a000, 0x00000212157a0000, 0x00000212157a0800,
0x000002121188e800, 0x000002121188b000, 0x0000021211890000, 0x000002121188d000,
0x000002121188f800, 0x0000021211892000, 0x0000021211891000, 0x000002121188c000,
0x0000021211893800, 0x0000021211898800, 0x0000021211896000, 0x0000021211897800,
0x0000021211892800, 0x0000021211899000, 0x0000021211895000, 0x000002121189a000,
0x0000021211894000, 0x0000021211896800, 0x0000021216bd6000, 0x0000021216bd9800,
0x0000021216bda800, 0x0000021216bdb000, 0x0000021216bd5800, 0x0000021216bdc000,
0x0000021216bdd000, 0x0000021216bd7000, 0x0000021216bdd800, 0x0000021216bde800,
0x0000021216bd8800, 0x0000021216bdf000, 0x0000021216be1000, 0x0000021216be1800,
0x0000021216be0000, 0x0000021216be2800, 0x0000021216be3800, 0x0000021216be4000,
0x00000212134ee800, 0x00000212134ed000, 0x00000212134e9800, 0x00000212134f1000,
0x00000212134ef800, 0x00000212134ec000, 0x00000212134f5000, 0x00000212134f2800,
0x00000212134f8000, 0x00000212134f7800, 0x00000212134f6000, 0x00000212134f3800
}

Java Threads: ( => current thread )
  0x00000212747ad800 JavaThread "main" [_thread_blocked, id=10488, stack(0x0000004543e00000,0x0000004543f00000)]
  0x000002127f3a0800 JavaThread "Reference Handler" daemon [_thread_blocked, id=11704, stack(0x0000004544500000,0x0000004544600000)]
  0x000002127f3a4000 JavaThread "Finalizer" daemon [_thread_blocked, id=8464, stack(0x0000004544600000,0x0000004544700000)]
  0x000002127f3bb000 JavaThread "Signal Dispatcher" daemon [_thread_blocked, id=9224, stack(0x0000004544700000,0x0000004544800000)]
  0x000002127f3bc000 JavaThread "Attach Listener" daemon [_thread_blocked, id=4252, stack(0x0000004544800000,0x0000004544900000)]
  0x000002127f3bd800 JavaThread "Service Thread" daemon [_thread_blocked, id=728, stack(0x0000004544900000,0x0000004544a00000)]
  0x000002127f3c7000 JavaThread "C2 CompilerThread0" daemon [_thread_blocked, id=11832, stack(0x0000004544a00000,0x0000004544b00000)]
  0x000002127f3d0000 JavaThread "C1 CompilerThread0" daemon [_thread_blocked, id=5876, stack(0x0000004544b00000,0x0000004544c00000)]
  0x000002127f3d1000 JavaThread "Sweeper thread" daemon [_thread_blocked, id=5652, stack(0x0000004544c00000,0x0000004544d00000)]
  0x000002120f194800 JavaThread "Common-Cleaner" daemon [_thread_blocked, id=10848, stack(0x0000004544d00000,0x0000004544e00000)]
  0x00000212100a3800 JavaThread "Daemon health stats" [_thread_blocked, id=12016, stack(0x0000004545100000,0x0000004545200000)]
  0x000002120fef8000 JavaThread "Incoming local TCP Connector on port 50727" [_thread_in_native, id=2396, stack(0x0000004545200000,0x0000004545300000)]
  0x000002121025b800 JavaThread "Daemon periodic checks" [_thread_blocked, id=3084, stack(0x0000004545300000,0x0000004545400000)]
  0x000002120f8a3800 JavaThread "Cache worker for journal cache (C:\Users\Dr. Pop Candy\.gradle\caches\journal-1)" [_thread_blocked, id=10344, stack(0x0000004545c00000,0x0000004545d00000)]
  0x000002120f89f800 JavaThread "File lock request listener" [_thread_in_native, id=4308, stack(0x0000004545d00000,0x0000004545e00000)]
  0x000002120f8a0000 JavaThread "Cache worker for file hash cache (C:\Users\Dr. Pop Candy\.gradle\caches\7.3.3\fileHashes)" [_thread_blocked, id=11632, stack(0x0000004545e00000,0x0000004545f00000)]
  0x000002120f8a4000 JavaThread "File watcher server" daemon [_thread_blocked, id=13128, stack(0x0000004545f00000,0x0000004546000000)]
  0x000002120f8a1800 JavaThread "File watcher consumer" daemon [_thread_blocked, id=12184, stack(0x0000004546100000,0x0000004546200000)]
  0x0000021213001000 JavaThread "Cache worker for execution history cache (C:\Users\Dr. Pop Candy\.gradle\caches\7.3.3\executionHistory)" [_thread_blocked, id=14196, stack(0x0000004546600000,0x0000004546700000)]
  0x0000021212fff800 JavaThread "jar transforms" [_thread_blocked, id=1192, stack(0x0000004546700000,0x0000004546800000)]
  0x0000021213000800 JavaThread "Cache worker for file content cache (C:\Users\Dr. Pop Candy\.gradle\caches\7.3.3\fileContent)" [_thread_blocked, id=4620, stack(0x0000004546800000,0x0000004546900000)]
  0x0000021212ffc800 JavaThread "jar transforms Thread 2" [_thread_blocked, id=7288, stack(0x0000004546900000,0x0000004546a00000)]
  0x000002121188d800 JavaThread "jar transforms Thread 3" [_thread_blocked, id=12300, stack(0x0000004546400000,0x0000004546500000)]
  0x00000212134f0000 JavaThread "jar transforms Thread 4" [_thread_blocked, id=13536, stack(0x0000004549400000,0x0000004549500000)]
  0x00000212134ea800 JavaThread "Memory manager" [_thread_blocked, id=10288, stack(0x0000004549600000,0x0000004549700000)]
  0x00000212134f1800 JavaThread "pool-3-thread-1" [_thread_blocked, id=12648, stack(0x0000004549800000,0x0000004549900000)]
  0x00000212134f6800 JavaThread "Cache worker for Java compile cache (C:\Users\Dr. Pop Candy\.gradle\caches\7.3.3\javaCompile)" [_thread_blocked, id=6884, stack(0x0000004549f00000,0x000000454a000000)]
  0x0000021212ffd000 JavaThread "pool-7-thread-1" [_thread_blocked, id=4700, stack(0x0000004549200000,0x0000004549300000)]
  0x0000021212ffe000 JavaThread "pool-11-thread-1" [_thread_blocked, id=7044, stack(0x0000004549500000,0x0000004549600000)]
  0x0000021215793800 JavaThread "pool-14-thread-1" [_thread_blocked, id=11128, stack(0x0000004549900000,0x0000004549a00000)]
  0x00000212134eb000 JavaThread "pool-18-thread-1" [_thread_blocked, id=3592, stack(0x0000004549700000,0x0000004549800000)]
  0x0000021215798800 JavaThread "pool-22-thread-1" [_thread_blocked, id=12828, stack(0x0000004549b00000,0x0000004549c00000)]
  0x0000021215797800 JavaThread "ForkJoinPool.commonPool-worker-5" daemon [_thread_blocked, id=12168, stack(0x000000454ac00000,0x000000454ad00000)]
  0x0000021215792000 JavaThread "Daemon Thread 7" [_thread_blocked, id=5364, stack(0x0000004543b00000,0x0000004543c00000)]
  0x0000021215794800 JavaThread "Handler for socket connection from /127.0.0.1:50727 to /127.0.0.1:49250" [_thread_in_native, id=1528, stack(0x0000004543c00000,0x0000004543d00000)]
  0x0000021215795000 JavaThread "Cancel handler" [_thread_blocked, id=9288, stack(0x0000004543d00000,0x0000004543e00000)]
  0x0000021215796000 JavaThread "Daemon worker Thread 7" [_thread_blocked, id=10560, stack(0x0000004545500000,0x0000004545600000)]
  0x0000021215797000 JavaThread "Asynchronous log dispatcher for DefaultDaemonConnection: socket connection from /127.0.0.1:50727 to /127.0.0.1:49250" [_thread_blocked, id=7708, stack(0x0000004545600000,0x0000004545700000)]
  0x000002121579b000 JavaThread "Daemon client event forwarder" [_thread_blocked, id=10800, stack(0x0000004545800000,0x0000004545900000)]
  0x000002121579c800 JavaThread "Cache worker for file hash cache (C:\Users\Dr. Pop Candy\AndroidStudioProjects\OlyxAdmin\.gradle\7.3.3\fileHashes)" [_thread_blocked, id=7584, stack(0x0000004545900000,0x0000004545a00000)]
  0x000002121579d800 JavaThread "Cache worker for checksums cache (C:\Users\Dr. Pop Candy\AndroidStudioProjects\OlyxAdmin\.gradle\7.3.3\checksums)" [_thread_blocked, id=4868, stack(0x0000004545a00000,0x0000004545b00000)]
  0x000002121579f000 JavaThread "Cache worker for cache directory md-supplier (C:\Users\Dr. Pop Candy\.gradle\caches\7.3.3\md-supplier)" [_thread_blocked, id=8556, stack(0x0000004545b00000,0x0000004545c00000)]
  0x000002121579b800 JavaThread "Cache worker for cache directory md-rule (C:\Users\Dr. Pop Candy\.gradle\caches\7.3.3\md-rule)" [_thread_blocked, id=4016, stack(0x0000004546000000,0x0000004546100000)]
  0x000002121579e000 JavaThread "Cache worker for dependencies-accessors (C:\Users\Dr. Pop Candy\AndroidStudioProjects\OlyxAdmin\.gradle\7.3.3\dependencies-accessors)" [_thread_blocked, id=5520, stack(0x0000004546200000,0x0000004546300000)]
  0x0000021215799000 JavaThread "Cache worker for Build Output Cleanup Cache (C:\Users\Dr. Pop Candy\AndroidStudioProjects\OlyxAdmin\.gradle\buildOutputCleanup)" [_thread_blocked, id=9428, stack(0x0000004546300000,0x0000004546400000)]
  0x000002121579a000 JavaThread "Unconstrained build operations" [_thread_blocked, id=11412, stack(0x0000004546a00000,0x0000004546b00000)]
  0x00000212157a0000 JavaThread "Unconstrained build operations Thread 2" [_thread_blocked, id=14056, stack(0x0000004546b00000,0x0000004546c00000)]
  0x00000212157a0800 JavaThread "Unconstrained build operations Thread 3" [_thread_blocked, id=10444, stack(0x0000004546c00000,0x0000004546d00000)]
  0x000002121188e800 JavaThread "Unconstrained build operations Thread 4" [_thread_blocked, id=2608, stack(0x0000004546d00000,0x0000004546e00000)]
  0x000002121188b000 JavaThread "Unconstrained build operations Thread 5" [_thread_blocked, id=13988, stack(0x0000004546e00000,0x0000004546f00000)]
  0x0000021211890000 JavaThread "Unconstrained build operations Thread 6" [_thread_blocked, id=444, stack(0x0000004546f00000,0x0000004547000000)]
  0x000002121188d000 JavaThread "Unconstrained build operations Thread 7" [_thread_blocked, id=12568, stack(0x0000004547000000,0x0000004547100000)]
  0x000002121188f800 JavaThread "Unconstrained build operations Thread 8" [_thread_blocked, id=13644, stack(0x0000004547100000,0x0000004547200000)]
  0x0000021211892000 JavaThread "Unconstrained build operations Thread 9" [_thread_blocked, id=7696, stack(0x0000004547200000,0x0000004547300000)]
  0x0000021211891000 JavaThread "Unconstrained build operations Thread 10" [_thread_blocked, id=10808, stack(0x0000004547300000,0x0000004547400000)]
  0x000002121188c000 JavaThread "Unconstrained build operations Thread 11" [_thread_blocked, id=12972, stack(0x0000004547400000,0x0000004547500000)]
  0x0000021211893800 JavaThread "Unconstrained build operations Thread 12" [_thread_blocked, id=4624, stack(0x0000004547500000,0x0000004547600000)]
  0x0000021211898800 JavaThread "Unconstrained build operations Thread 13" [_thread_blocked, id=13828, stack(0x0000004547600000,0x0000004547700000)]
  0x0000021211896000 JavaThread "Unconstrained build operations Thread 14" [_thread_blocked, id=13964, stack(0x0000004547700000,0x0000004547800000)]
  0x0000021211897800 JavaThread "Unconstrained build operations Thread 15" [_thread_blocked, id=1160, stack(0x0000004547800000,0x0000004547900000)]
  0x0000021211892800 JavaThread "Unconstrained build operations Thread 16" [_thread_blocked, id=5112, stack(0x0000004547900000,0x0000004547a00000)]
  0x0000021211899000 JavaThread "Unconstrained build operations Thread 17" [_thread_blocked, id=1832, stack(0x0000004547a00000,0x0000004547b00000)]
  0x0000021211895000 JavaThread "Unconstrained build operations Thread 18" [_thread_blocked, id=6336, stack(0x0000004547b00000,0x0000004547c00000)]
  0x000002121189a000 JavaThread "Unconstrained build operations Thread 19" [_thread_blocked, id=6548, stack(0x0000004547c00000,0x0000004547d00000)]
  0x0000021211894000 JavaThread "Unconstrained build operations Thread 20" [_thread_blocked, id=13792, stack(0x0000004547d00000,0x0000004547e00000)]
  0x0000021211896800 JavaThread "Unconstrained build operations Thread 21" [_thread_blocked, id=5808, stack(0x0000004547e00000,0x0000004547f00000)]
  0x0000021216bd6000 JavaThread "Unconstrained build operations Thread 22" [_thread_blocked, id=11092, stack(0x0000004547f00000,0x0000004548000000)]
  0x0000021216bd9800 JavaThread "Unconstrained build operations Thread 23" [_thread_blocked, id=2076, stack(0x0000004548000000,0x0000004548100000)]
  0x0000021216bda800 JavaThread "Unconstrained build operations Thread 24" [_thread_blocked, id=13676, stack(0x0000004548100000,0x0000004548200000)]
  0x0000021216bdb000 JavaThread "Unconstrained build operations Thread 25" [_thread_blocked, id=9448, stack(0x0000004548200000,0x0000004548300000)]
  0x0000021216bd5800 JavaThread "Unconstrained build operations Thread 26" [_thread_blocked, id=5844, stack(0x0000004548300000,0x0000004548400000)]
  0x0000021216bdc000 JavaThread "Unconstrained build operations Thread 27" [_thread_blocked, id=11036, stack(0x0000004548400000,0x0000004548500000)]
  0x0000021216bdd000 JavaThread "Unconstrained build operations Thread 28" [_thread_blocked, id=8912, stack(0x0000004548500000,0x0000004548600000)]
  0x0000021216bd7000 JavaThread "Unconstrained build operations Thread 29" [_thread_blocked, id=9200, stack(0x0000004548600000,0x0000004548700000)]
  0x0000021216bdd800 JavaThread "Unconstrained build operations Thread 30" [_thread_blocked, id=5176, stack(0x0000004548700000,0x0000004548800000)]
  0x0000021216bde800 JavaThread "Unconstrained build operations Thread 31" [_thread_blocked, id=10252, stack(0x0000004548800000,0x0000004548900000)]
  0x0000021216bd8800 JavaThread "Unconstrained build operations Thread 32" [_thread_blocked, id=7868, stack(0x0000004548900000,0x0000004548a00000)]
  0x0000021216bdf000 JavaThread "Unconstrained build operations Thread 33" [_thread_blocked, id=9908, stack(0x0000004548a00000,0x0000004548b00000)]
  0x0000021216be1000 JavaThread "Unconstrained build operations Thread 34" [_thread_blocked, id=1672, stack(0x0000004548b00000,0x0000004548c00000)]
  0x0000021216be1800 JavaThread "Unconstrained build operations Thread 35" [_thread_blocked, id=8412, stack(0x0000004548c00000,0x0000004548d00000)]
  0x0000021216be0000 JavaThread "Unconstrained build operations Thread 36" [_thread_blocked, id=4876, stack(0x0000004548d00000,0x0000004548e00000)]
  0x0000021216be2800 JavaThread "Unconstrained build operations Thread 37" [_thread_blocked, id=6408, stack(0x0000004548e00000,0x0000004548f00000)]
  0x0000021216be3800 JavaThread "Unconstrained build operations Thread 38" [_thread_blocked, id=6480, stack(0x0000004548f00000,0x0000004549000000)]
  0x0000021216be4000 JavaThread "Unconstrained build operations Thread 39" [_thread_blocked, id=3616, stack(0x0000004549000000,0x0000004549100000)]
  0x00000212134ee800 JavaThread "Unconstrained build operations Thread 40" [_thread_blocked, id=4232, stack(0x0000004549100000,0x0000004549200000)]
  0x00000212134ed000 JavaThread "build event listener" [_thread_blocked, id=3044, stack(0x0000004549300000,0x0000004549400000)]
  0x00000212134e9800 JavaThread "pool-26-thread-1" [_thread_blocked, id=8536, stack(0x0000004549a00000,0x0000004549b00000)]
  0x00000212134f1000 JavaThread "build event listener" [_thread_blocked, id=11216, stack(0x0000004549c00000,0x0000004549d00000)]
  0x00000212134ef800 JavaThread "Execution worker for ':'" [_thread_blocked, id=4212, stack(0x0000004549d00000,0x0000004549e00000)]
  0x00000212134ec000 JavaThread "Execution worker for ':' Thread 2" [_thread_blocked, id=13928, stack(0x0000004549e00000,0x0000004549f00000)]
  0x00000212134f5000 JavaThread "Execution worker for ':' Thread 3" [_thread_blocked, id=6220, stack(0x000000454a000000,0x000000454a100000)]
  0x00000212134f2800 JavaThread "Cache worker for execution history cache (C:\Users\Dr. Pop Candy\AndroidStudioProjects\OlyxAdmin\.gradle\7.3.3\executionHistory)" [_thread_blocked, id=7228, stack(0x000000454a100000,0x000000454a200000)]
  0x00000212134f8000 JavaThread "Build operations" [_thread_blocked, id=11344, stack(0x0000004545700000,0x0000004545800000)]
  0x00000212134f7800 JavaThread "Build operations Thread 2" [_thread_blocked, id=5144, stack(0x000000454a200000,0x000000454a300000)]
  0x00000212134f6000 JavaThread "Build operations Thread 3" [_thread_blocked, id=1416, stack(0x000000454a300000,0x000000454a400000)]
  0x00000212134f3800 JavaThread "Build operations Thread 4" [_thread_blocked, id=7816, stack(0x000000454a400000,0x000000454a500000)]

Other Threads:
=>0x000002127f39b000 VMThread "VM Thread" [stack: 0x0000004544400000,0x0000004544500000] [id=2256]
  0x000002120f1be000 WatcherThread [stack: 0x0000004544e00000,0x0000004544f00000] [id=13512]
  0x00000212747c5800 GCTaskThread "GC Thread#0" [stack: 0x0000004543f00000,0x0000004544000000] [id=6372]
  0x000002120fbc7000 GCTaskThread "GC Thread#1" [stack: 0x0000004544f00000,0x0000004545000000] [id=864]
  0x000002120fbc8000 GCTaskThread "GC Thread#2" [stack: 0x0000004545000000,0x0000004545100000] [id=8928]
  0x0000021210bee800 GCTaskThread "GC Thread#3" [stack: 0x0000004545400000,0x0000004545500000] [id=3416]
  0x00000212747f5800 ConcurrentGCThread "G1 Main Marker" [stack: 0x0000004544000000,0x0000004544100000] [id=1168]
  0x00000212747f7000 ConcurrentGCThread "G1 Conc#0" [stack: 0x0000004544100000,0x0000004544200000] [id=9072]
  0x000002127488a000 ConcurrentGCThread "G1 Refine#0" [stack: 0x0000004544200000,0x0000004544300000] [id=6212]
  0x000002127488d000 ConcurrentGCThread "G1 Young RemSet Sampling" [stack: 0x0000004544300000,0x0000004544400000] [id=5304]

Threads with active compile tasks:
C2 CompilerThread011331802 21400 %     4       org.gradle.api.internal.tasks.compile.incremental.deps.ClassSetAnalysisData::reduceToTypesAffecting @ 42 (578 bytes)

VM state:at safepoint (normal execution)

VM Mutex/Monitor currently owned by a thread:  ([mutex/lock_event])
[0x00000212747a8e10] Threads_lock - owner thread: 0x000002127f39b000
[0x00000212747a98c0] Heap_lock - owner thread: 0x00000212134ef800

Heap address: 0x0000000080000000, size: 2048 MB, Compressed Oops mode: 32-bit
Narrow klass base: 0x0000000000000000, Narrow klass shift: 3
Compressed class space size: 1073741824 Address: 0x0000000100000000

Heap:
 garbage-first heap   total 576512K, used 126936K [0x0000000080000000, 0x0000000100000000)
  region size 1024K, 2 young (2048K), 2 survivors (2048K)
 Metaspace       used 122376K, capacity 125695K, committed 126540K, reserved 1159168K
  class space    used 15309K, capacity 16562K, committed 16844K, reserved 1048576K
Heap Regions: E=young(eden), S=young(survivor), O=old, HS=humongous(starts), HC=humongous(continues), CS=collection set, F=free, A=archive, TAMS=top-at-mark-start (previous, next)
|   0|0x0000000080000000, 0x0000000080100000, 0x0000000080100000|100%|HS|  |TAMS 0x0000000080100000, 0x0000000080100000| Complete 
|   1|0x0000000080100000, 0x0000000080200000, 0x0000000080200000|100%|HC|  |TAMS 0x0000000080200000, 0x0000000080200000| Complete 
|   2|0x0000000080200000, 0x0000000080300000, 0x0000000080300000|100%|HC|  |TAMS 0x0000000080300000, 0x0000000080300000| Complete 
|   3|0x0000000080300000, 0x0000000080400000, 0x0000000080400000|100%| O|  |TAMS 0x0000000080400000, 0x0000000080400000| Untracked 
|   4|0x0000000080400000, 0x0000000080500000, 0x0000000080500000|100%| O|  |TAMS 0x0000000080500000, 0x0000000080500000| Untracked 
|   5|0x0000000080500000, 0x0000000080600000, 0x0000000080600000|100%| O|  |TAMS 0x0000000080600000, 0x0000000080600000| Untracked 
|   6|0x0000000080600000, 0x0000000080700000, 0x0000000080700000|100%| O|  |TAMS 0x0000000080700000, 0x0000000080700000| Untracked 
|   7|0x0000000080700000, 0x0000000080800000, 0x0000000080800000|100%| O|  |TAMS 0x0000000080800000, 0x0000000080800000| Untracked 
|   8|0x0000000080800000, 0x0000000080900000, 0x0000000080900000|100%| O|  |TAMS 0x0000000080900000, 0x0000000080900000| Untracked 
|   9|0x0000000080900000, 0x0000000080a00000, 0x0000000080a00000|100%| O|  |TAMS 0x0000000080a00000, 0x0000000080a00000| Untracked 
|  10|0x0000000080a00000, 0x0000000080b00000, 0x0000000080b00000|100%| O|  |TAMS 0x0000000080b00000, 0x0000000080b00000| Untracked 
|  11|0x0000000080b00000, 0x0000000080c00000, 0x0000000080c00000|100%| O|  |TAMS 0x0000000080c00000, 0x0000000080c00000| Untracked 
|  12|0x0000000080c00000, 0x0000000080d00000, 0x0000000080d00000|100%| O|  |TAMS 0x0000000080d00000, 0x0000000080d00000| Untracked 
|  13|0x0000000080d00000, 0x0000000080e00000, 0x0000000080e00000|100%| O|  |TAMS 0x0000000080e00000, 0x0000000080e00000| Untracked 
|  14|0x0000000080e00000, 0x0000000080f00000, 0x0000000080f00000|100%| O|  |TAMS 0x0000000080f00000, 0x0000000080f00000| Untracked 
|  15|0x0000000080f00000, 0x0000000081000000, 0x0000000081000000|100%| O|  |TAMS 0x0000000081000000, 0x0000000081000000| Untracked 
|  16|0x0000000081000000, 0x0000000081100000, 0x0000000081100000|100%|HS|  |TAMS 0x0000000081100000, 0x0000000081100000| Complete 
|  17|0x0000000081100000, 0x0000000081200000, 0x0000000081200000|100%| O|  |TAMS 0x0000000081200000, 0x0000000081200000| Untracked 
|  18|0x0000000081200000, 0x0000000081300000, 0x0000000081300000|100%| O|  |TAMS 0x0000000081300000, 0x0000000081300000| Untracked 
|  19|0x0000000081300000, 0x0000000081400000, 0x0000000081400000|100%| O|  |TAMS 0x0000000081400000, 0x0000000081400000| Untracked 
|  20|0x0000000081400000, 0x0000000081500000, 0x0000000081500000|100%| O|  |TAMS 0x0000000081500000, 0x0000000081500000| Untracked 
|  21|0x0000000081500000, 0x0000000081600000, 0x0000000081600000|100%| O|  |TAMS 0x0000000081600000, 0x0000000081600000| Untracked 
|  22|0x0000000081600000, 0x0000000081700000, 0x0000000081700000|100%| O|  |TAMS 0x0000000081700000, 0x0000000081700000| Untracked 
|  23|0x0000000081700000, 0x0000000081800000, 0x0000000081800000|100%| O|  |TAMS 0x0000000081800000, 0x0000000081800000| Untracked 
|  24|0x0000000081800000, 0x0000000081900000, 0x0000000081900000|100%| O|  |TAMS 0x0000000081900000, 0x0000000081900000| Untracked 
|  25|0x0000000081900000, 0x0000000081a00000, 0x0000000081a00000|100%| O|  |TAMS 0x0000000081a00000, 0x0000000081a00000| Untracked 
|  26|0x0000000081a00000, 0x0000000081b00000, 0x0000000081b00000|100%| O|  |TAMS 0x0000000081b00000, 0x0000000081b00000| Untracked 
|  27|0x0000000081b00000, 0x0000000081c00000, 0x0000000081c00000|100%|HS|  |TAMS 0x0000000081c00000, 0x0000000081c00000| Complete 
|  28|0x0000000081c00000, 0x0000000081d00000, 0x0000000081d00000|100%|HS|  |TAMS 0x0000000081d00000, 0x0000000081d00000| Complete 
|  29|0x0000000081d00000, 0x0000000081e00000, 0x0000000081e00000|100%|HC|  |TAMS 0x0000000081e00000, 0x0000000081e00000| Complete 
|  30|0x0000000081e00000, 0x0000000081f00000, 0x0000000081f00000|100%| O|  |TAMS 0x0000000081f00000, 0x0000000081f00000| Untracked 
|  31|0x0000000081f00000, 0x0000000082000000, 0x0000000082000000|100%| O|  |TAMS 0x0000000082000000, 0x0000000082000000| Untracked 
|  32|0x0000000082000000, 0x0000000082100000, 0x0000000082100000|100%| O|  |TAMS 0x0000000082100000, 0x0000000082100000| Untracked 
|  33|0x0000000082100000, 0x0000000082200000, 0x0000000082200000|100%| O|  |TAMS 0x0000000082200000, 0x0000000082200000| Untracked 
|  34|0x0000000082200000, 0x0000000082300000, 0x0000000082300000|100%| O|  |TAMS 0x0000000082300000, 0x0000000082300000| Untracked 
|  35|0x0000000082300000, 0x0000000082400000, 0x0000000082400000|100%| O|  |TAMS 0x0000000082400000, 0x0000000082400000| Untracked 
|  36|0x0000000082400000, 0x0000000082500000, 0x0000000082500000|100%| O|  |TAMS 0x0000000082500000, 0x0000000082500000| Untracked 
|  37|0x0000000082500000, 0x0000000082600000, 0x0000000082600000|100%| O|  |TAMS 0x0000000082600000, 0x0000000082600000| Untracked 
|  38|0x0000000082600000, 0x0000000082700000, 0x0000000082700000|100%| O|  |TAMS 0x0000000082700000, 0x0000000082700000| Untracked 
|  39|0x0000000082700000, 0x0000000082800000, 0x0000000082800000|100%| O|  |TAMS 0x0000000082800000, 0x0000000082800000| Untracked 
|  40|0x0000000082800000, 0x0000000082900000, 0x0000000082900000|100%| O|  |TAMS 0x0000000082900000, 0x0000000082900000| Untracked 
|  41|0x0000000082900000, 0x0000000082a00000, 0x0000000082a00000|100%| O|  |TAMS 0x0000000082a00000, 0x0000000082a00000| Untracked 
|  42|0x0000000082a00000, 0x0000000082b00000, 0x0000000082b00000|100%| O|  |TAMS 0x0000000082b00000, 0x0000000082b00000| Untracked 
|  43|0x0000000082b00000, 0x0000000082c00000, 0x0000000082c00000|100%| O|  |TAMS 0x0000000082c00000, 0x0000000082c00000| Untracked 
|  44|0x0000000082c00000, 0x0000000082d00000, 0x0000000082d00000|100%| O|  |TAMS 0x0000000082d00000, 0x0000000082d00000| Untracked 
|  45|0x0000000082d00000, 0x0000000082e00000, 0x0000000082e00000|100%| O|  |TAMS 0x0000000082e00000, 0x0000000082e00000| Untracked 
|  46|0x0000000082e00000, 0x0000000082f00000, 0x0000000082f00000|100%| O|  |TAMS 0x0000000082f00000, 0x0000000082f00000| Untracked 
|  47|0x0000000082f00000, 0x0000000083000000, 0x0000000083000000|100%| O|  |TAMS 0x0000000083000000, 0x0000000083000000| Untracked 
|  48|0x0000000083000000, 0x0000000083100000, 0x0000000083100000|100%| O|  |TAMS 0x0000000083100000, 0x0000000083100000| Untracked 
|  49|0x0000000083100000, 0x0000000083200000, 0x0000000083200000|100%| O|  |TAMS 0x0000000083200000, 0x0000000083200000| Untracked 
|  50|0x0000000083200000, 0x0000000083300000, 0x0000000083300000|100%| O|  |TAMS 0x0000000083300000, 0x0000000083300000| Untracked 
|  51|0x0000000083300000, 0x0000000083400000, 0x0000000083400000|100%| O|  |TAMS 0x0000000083400000, 0x0000000083400000| Untracked 
|  52|0x0000000083400000, 0x0000000083500000, 0x0000000083500000|100%| O|  |TAMS 0x0000000083500000, 0x0000000083500000| Untracked 
|  53|0x0000000083500000, 0x0000000083600000, 0x0000000083600000|100%| O|  |TAMS 0x0000000083600000, 0x0000000083600000| Untracked 
|  54|0x0000000083600000, 0x0000000083700000, 0x0000000083700000|100%| O|  |TAMS 0x0000000083700000, 0x0000000083700000| Untracked 
|  55|0x0000000083700000, 0x0000000083800000, 0x0000000083800000|100%| O|  |TAMS 0x0000000083800000, 0x0000000083800000| Untracked 
|  56|0x0000000083800000, 0x0000000083900000, 0x0000000083900000|100%| O|  |TAMS 0x0000000083900000, 0x0000000083900000| Untracked 
|  57|0x0000000083900000, 0x0000000083a00000, 0x0000000083a00000|100%| O|  |TAMS 0x0000000083a00000, 0x0000000083a00000| Untracked 
|  58|0x0000000083a00000, 0x0000000083b00000, 0x0000000083b00000|100%| O|  |TAMS 0x0000000083b00000, 0x0000000083b00000| Untracked 
|  59|0x0000000083b00000, 0x0000000083c00000, 0x0000000083c00000|100%| O|  |TAMS 0x0000000083c00000, 0x0000000083c00000| Untracked 
|  60|0x0000000083c00000, 0x0000000083d00000, 0x0000000083d00000|100%| O|  |TAMS 0x0000000083d00000, 0x0000000083d00000| Untracked 
|  61|0x0000000083d00000, 0x0000000083e00000, 0x0000000083e00000|100%| O|  |TAMS 0x0000000083e00000, 0x0000000083e00000| Untracked 
|  62|0x0000000083e00000, 0x0000000083f00000, 0x0000000083f00000|100%| O|  |TAMS 0x0000000083f00000, 0x0000000083f00000| Untracked 
|  63|0x0000000083f00000, 0x0000000084000000, 0x0000000084000000|100%| O|  |TAMS 0x0000000084000000, 0x0000000084000000| Untracked 
|  64|0x0000000084000000, 0x0000000084100000, 0x0000000084100000|100%| O|  |TAMS 0x0000000084100000, 0x0000000084100000| Untracked 
|  65|0x0000000084100000, 0x0000000084200000, 0x0000000084200000|100%| O|  |TAMS 0x0000000084200000, 0x0000000084200000| Untracked 
|  66|0x0000000084200000, 0x0000000084300000, 0x0000000084300000|100%| O|  |TAMS 0x0000000084300000, 0x0000000084300000| Untracked 
|  67|0x0000000084300000, 0x0000000084400000, 0x0000000084400000|100%| O|  |TAMS 0x0000000084400000, 0x0000000084400000| Untracked 
|  68|0x0000000084400000, 0x0000000084500000, 0x0000000084500000|100%| O|  |TAMS 0x0000000084500000, 0x0000000084500000| Untracked 
|  69|0x0000000084500000, 0x0000000084600000, 0x0000000084600000|100%| O|  |TAMS 0x0000000084600000, 0x0000000084600000| Untracked 
|  70|0x0000000084600000, 0x0000000084700000, 0x0000000084700000|100%| O|  |TAMS 0x0000000084700000, 0x0000000084700000| Untracked 
|  71|0x0000000084700000, 0x0000000084800000, 0x0000000084800000|100%| O|  |TAMS 0x0000000084800000, 0x0000000084800000| Untracked 
|  72|0x0000000084800000, 0x0000000084900000, 0x0000000084900000|100%| O|  |TAMS 0x0000000084900000, 0x0000000084900000| Untracked 
|  73|0x0000000084900000, 0x0000000084a00000, 0x0000000084a00000|100%| O|  |TAMS 0x0000000084a00000, 0x0000000084a00000| Untracked 
|  74|0x0000000084a00000, 0x0000000084b00000, 0x0000000084b00000|100%| O|  |TAMS 0x0000000084b00000, 0x0000000084b00000| Untracked 
|  75|0x0000000084b00000, 0x0000000084c00000, 0x0000000084c00000|100%| O|  |TAMS 0x0000000084c00000, 0x0000000084c00000| Untracked 
|  76|0x0000000084c00000, 0x0000000084d00000, 0x0000000084d00000|100%| O|  |TAMS 0x0000000084d00000, 0x0000000084d00000| Untracked 
|  77|0x0000000084d00000, 0x0000000084e00000, 0x0000000084e00000|100%| O|  |TAMS 0x0000000084e00000, 0x0000000084e00000| Untracked 
|  78|0x0000000084e00000, 0x0000000084f00000, 0x0000000084f00000|100%| O|  |TAMS 0x0000000084f00000, 0x0000000084f00000| Untracked 
|  79|0x0000000084f00000, 0x0000000085000000, 0x0000000085000000|100%| O|  |TAMS 0x0000000085000000, 0x0000000085000000| Untracked 
|  80|0x0000000085000000, 0x0000000085100000, 0x0000000085100000|100%| O|  |TAMS 0x0000000085100000, 0x0000000085100000| Untracked 
|  81|0x0000000085100000, 0x0000000085200000, 0x0000000085200000|100%| O|  |TAMS 0x0000000085200000, 0x0000000085200000| Untracked 
|  82|0x0000000085200000, 0x0000000085300000, 0x0000000085300000|100%| O|  |TAMS 0x0000000085300000, 0x0000000085300000| Untracked 
|  83|0x0000000085300000, 0x0000000085400000, 0x0000000085400000|100%| O|  |TAMS 0x0000000085400000, 0x0000000085400000| Untracked 
|  84|0x0000000085400000, 0x0000000085500000, 0x0000000085500000|100%|HS|  |TAMS 0x0000000085500000, 0x0000000085500000| Complete 
|  85|0x0000000085500000, 0x0000000085600000, 0x0000000085600000|100%|HC|  |TAMS 0x0000000085600000, 0x0000000085600000| Complete 
|  86|0x0000000085600000, 0x0000000085700000, 0x0000000085700000|100%| O|  |TAMS 0x0000000085700000, 0x0000000085700000| Untracked 
|  87|0x0000000085700000, 0x0000000085800000, 0x0000000085800000|100%| O|  |TAMS 0x0000000085800000, 0x0000000085800000| Untracked 
|  88|0x0000000085800000, 0x0000000085900000, 0x0000000085900000|100%| O|  |TAMS 0x0000000085900000, 0x0000000085900000| Untracked 
|  89|0x0000000085900000, 0x0000000085a00000, 0x0000000085a00000|100%| O|  |TAMS 0x0000000085a00000, 0x0000000085a00000| Untracked 
|  90|0x0000000085a00000, 0x0000000085b00000, 0x0000000085b00000|100%| O|  |TAMS 0x0000000085b00000, 0x0000000085b00000| Untracked 
|  91|0x0000000085b00000, 0x0000000085c00000, 0x0000000085c00000|100%| O|  |TAMS 0x0000000085c00000, 0x0000000085c00000| Untracked 
|  92|0x0000000085c00000, 0x0000000085d00000, 0x0000000085d00000|100%| O|  |TAMS 0x0000000085d00000, 0x0000000085d00000| Untracked 
|  93|0x0000000085d00000, 0x0000000085e00000, 0x0000000085e00000|100%| O|  |TAMS 0x0000000085d5c000, 0x0000000085e00000| Untracked 
|  94|0x0000000085e00000, 0x0000000085f00000, 0x0000000085f00000|100%| O|  |TAMS 0x0000000085e00000, 0x0000000085f00000| Untracked 
|  95|0x0000000085f00000, 0x0000000086000000, 0x0000000086000000|100%| O|  |TAMS 0x0000000086000000, 0x0000000086000000| Untracked 
|  96|0x0000000086000000, 0x0000000086100000, 0x0000000086100000|100%| O|  |TAMS 0x0000000086100000, 0x0000000086100000| Untracked 
|  97|0x0000000086100000, 0x0000000086200000, 0x0000000086200000|100%| O|  |TAMS 0x0000000086200000, 0x0000000086200000| Untracked 
|  98|0x0000000086200000, 0x0000000086300000, 0x0000000086300000|100%| O|  |TAMS 0x0000000086300000, 0x0000000086300000| Untracked 
|  99|0x0000000086300000, 0x0000000086400000, 0x0000000086400000|100%| O|  |TAMS 0x0000000086400000, 0x0000000086400000| Untracked 
| 100|0x0000000086400000, 0x0000000086500000, 0x0000000086500000|100%| O|  |TAMS 0x0000000086400000, 0x0000000086500000| Untracked 
| 101|0x0000000086500000, 0x0000000086600000, 0x0000000086600000|100%| O|  |TAMS 0x0000000086500000, 0x0000000086600000| Untracked 
| 102|0x0000000086600000, 0x0000000086700000, 0x0000000086700000|100%| O|  |TAMS 0x0000000086600000, 0x0000000086700000| Untracked 
| 103|0x0000000086700000, 0x00000000867f6000, 0x0000000086800000| 96%| O|  |TAMS 0x0000000086700000, 0x00000000867f6000| Untracked 
| 104|0x0000000086800000, 0x0000000086800000, 0x0000000086900000|  0%| F|  |TAMS 0x0000000086800000, 0x0000000086800000| Untracked 
| 105|0x0000000086900000, 0x0000000086a00000, 0x0000000086a00000|100%| O|  |TAMS 0x0000000086a00000, 0x0000000086a00000| Untracked 
| 106|0x0000000086a00000, 0x0000000086b00000, 0x0000000086b00000|100%| O|  |TAMS 0x0000000086b00000, 0x0000000086b00000| Untracked 
| 107|0x0000000086b00000, 0x0000000086b00000, 0x0000000086c00000|  0%| F|  |TAMS 0x0000000086b00000, 0x0000000086b00000| Untracked 
| 108|0x0000000086c00000, 0x0000000086d00000, 0x0000000086d00000|100%| O|  |TAMS 0x0000000086d00000, 0x0000000086d00000| Untracked 
| 109|0x0000000086d00000, 0x0000000086d00000, 0x0000000086e00000|  0%| F|  |TAMS 0x0000000086d00000, 0x0000000086d00000| Untracked 
| 110|0x0000000086e00000, 0x0000000086e00000, 0x0000000086f00000|  0%| F|  |TAMS 0x0000000086e00000, 0x0000000086e00000| Untracked 
| 111|0x0000000086f00000, 0x0000000086f00000, 0x0000000087000000|  0%| F|  |TAMS 0x0000000086f00000, 0x0000000086f00000| Untracked 
| 112|0x0000000087000000, 0x0000000087000000, 0x0000000087100000|  0%| F|  |TAMS 0x0000000087000000, 0x0000000087000000| Untracked 
| 113|0x0000000087100000, 0x0000000087100000, 0x0000000087200000|  0%| F|  |TAMS 0x0000000087100000, 0x0000000087100000| Untracked 
| 114|0x0000000087200000, 0x0000000087200000, 0x0000000087300000|  0%| F|  |TAMS 0x0000000087200000, 0x0000000087200000| Untracked 
| 115|0x0000000087300000, 0x0000000087300000, 0x0000000087400000|  0%| F|  |TAMS 0x0000000087300000, 0x0000000087300000| Untracked 
| 116|0x0000000087400000, 0x0000000087400000, 0x0000000087500000|  0%| F|  |TAMS 0x0000000087400000, 0x0000000087400000| Untracked 
| 117|0x0000000087500000, 0x0000000087500000, 0x0000000087600000|  0%| F|  |TAMS 0x0000000087500000, 0x0000000087500000| Untracked 
| 118|0x0000000087600000, 0x0000000087600000, 0x0000000087700000|  0%| F|  |TAMS 0x0000000087600000, 0x0000000087600000| Untracked 
| 119|0x0000000087700000, 0x0000000087700000, 0x0000000087800000|  0%| F|  |TAMS 0x0000000087700000, 0x0000000087700000| Untracked 
| 120|0x0000000087800000, 0x0000000087800000, 0x0000000087900000|  0%| F|  |TAMS 0x0000000087800000, 0x0000000087800000| Untracked 
| 121|0x0000000087900000, 0x0000000087a00000, 0x0000000087a00000|100%| O|  |TAMS 0x0000000087a00000, 0x0000000087a00000| Untracked 
| 122|0x0000000087a00000, 0x0000000087a00000, 0x0000000087b00000|  0%| F|  |TAMS 0x0000000087a00000, 0x0000000087a00000| Untracked 
| 123|0x0000000087b00000, 0x0000000087b00000, 0x0000000087c00000|  0%| F|  |TAMS 0x0000000087b00000, 0x0000000087b00000| Untracked 
| 124|0x0000000087c00000, 0x0000000087c00000, 0x0000000087d00000|  0%| F|  |TAMS 0x0000000087c00000, 0x0000000087c00000| Untracked 
| 125|0x0000000087d00000, 0x0000000087e00000, 0x0000000087e00000|100%| O|  |TAMS 0x0000000087e00000, 0x0000000087e00000| Untracked 
| 126|0x0000000087e00000, 0x0000000087f00000, 0x0000000087f00000|100%| O|  |TAMS 0x0000000087f00000, 0x0000000087f00000| Untracked 
| 127|0x0000000087f00000, 0x0000000088000000, 0x0000000088000000|100%| O|  |TAMS 0x0000000088000000, 0x0000000088000000| Untracked 
| 128|0x0000000088000000, 0x0000000088000000, 0x0000000088100000|  0%| F|  |TAMS 0x0000000088000000, 0x0000000088000000| Untracked 
| 129|0x0000000088100000, 0x0000000088100000, 0x0000000088200000|  0%| F|  |TAMS 0x0000000088100000, 0x0000000088100000| Untracked 
| 130|0x0000000088200000, 0x0000000088200000, 0x0000000088300000|  0%| F|  |TAMS 0x0000000088200000, 0x0000000088200000| Untracked 
| 131|0x0000000088300000, 0x0000000088400000, 0x0000000088400000|100%| O|  |TAMS 0x0000000088400000, 0x0000000088400000| Untracked 
| 132|0x0000000088400000, 0x0000000088400000, 0x0000000088500000|  0%| F|  |TAMS 0x0000000088400000, 0x0000000088400000| Untracked 
| 133|0x0000000088500000, 0x0000000088500000, 0x0000000088600000|  0%| F|  |TAMS 0x0000000088500000, 0x0000000088500000| Untracked 
| 134|0x0000000088600000, 0x0000000088600000, 0x0000000088700000|  0%| F|  |TAMS 0x0000000088600000, 0x0000000088600000| Untracked 
| 135|0x0000000088700000, 0x0000000088700000, 0x0000000088800000|  0%| F|  |TAMS 0x0000000088700000, 0x0000000088700000| Untracked 
| 136|0x0000000088800000, 0x0000000088800000, 0x0000000088900000|  0%| F|  |TAMS 0x0000000088800000, 0x0000000088800000| Untracked 
| 137|0x0000000088900000, 0x0000000088900000, 0x0000000088a00000|  0%| F|  |TAMS 0x0000000088900000, 0x0000000088900000| Untracked 
| 138|0x0000000088a00000, 0x0000000088a00000, 0x0000000088b00000|  0%| F|  |TAMS 0x0000000088a00000, 0x0000000088a00000| Untracked 
| 139|0x0000000088b00000, 0x0000000088c00000, 0x0000000088c00000|100%| O|  |TAMS 0x0000000088c00000, 0x0000000088c00000| Untracked 
| 140|0x0000000088c00000, 0x0000000088d00000, 0x0000000088d00000|100%| O|  |TAMS 0x0000000088d00000, 0x0000000088d00000| Untracked 
| 141|0x0000000088d00000, 0x0000000088e00000, 0x0000000088e00000|100%| O|  |TAMS 0x0000000088e00000, 0x0000000088e00000| Untracked 
| 142|0x0000000088e00000, 0x0000000088f00000, 0x0000000088f00000|100%| O|  |TAMS 0x0000000088f00000, 0x0000000088f00000| Untracked 
| 143|0x0000000088f00000, 0x0000000088f00000, 0x0000000089000000|  0%| F|  |TAMS 0x0000000088f00000, 0x0000000088f00000| Untracked 
| 144|0x0000000089000000, 0x0000000089000000, 0x0000000089100000|  0%| F|  |TAMS 0x0000000089000000, 0x0000000089000000| Untracked 
| 145|0x0000000089100000, 0x0000000089200000, 0x0000000089200000|100%| O|  |TAMS 0x0000000089200000, 0x0000000089200000| Untracked 
| 146|0x0000000089200000, 0x0000000089300000, 0x0000000089300000|100%| O|  |TAMS 0x0000000089300000, 0x0000000089300000| Untracked 
| 147|0x0000000089300000, 0x0000000089400000, 0x0000000089400000|100%| O|  |TAMS 0x0000000089400000, 0x0000000089400000| Untracked 
| 148|0x0000000089400000, 0x0000000089500000, 0x0000000089500000|100%| O|  |TAMS 0x0000000089500000, 0x0000000089500000| Untracked 
| 149|0x0000000089500000, 0x0000000089600000, 0x0000000089600000|100%| O|  |TAMS 0x0000000089600000, 0x0000000089600000| Untracked 
| 150|0x0000000089600000, 0x0000000089700000, 0x0000000089700000|100%| O|  |TAMS 0x0000000089700000, 0x0000000089700000| Untracked 
| 151|0x0000000089700000, 0x0000000089700000, 0x0000000089800000|  0%| F|  |TAMS 0x0000000089700000, 0x0000000089700000| Untracked 
| 152|0x0000000089800000, 0x0000000089800000, 0x0000000089900000|  0%| F|  |TAMS 0x0000000089800000, 0x0000000089800000| Untracked 
| 153|0x0000000089900000, 0x0000000089900000, 0x0000000089a00000|  0%| F|  |TAMS 0x0000000089900000, 0x0000000089900000| Untracked 
| 154|0x0000000089a00000, 0x0000000089a00000, 0x0000000089b00000|  0%| F|  |TAMS 0x0000000089a00000, 0x0000000089a00000| Untracked 
| 155|0x0000000089b00000, 0x0000000089b00000, 0x0000000089c00000|  0%| F|  |TAMS 0x0000000089b00000, 0x0000000089b00000| Untracked 
| 156|0x0000000089c00000, 0x0000000089c00000, 0x0000000089d00000|  0%| F|  |TAMS 0x0000000089c00000, 0x0000000089c00000| Untracked 
| 157|0x0000000089d00000, 0x0000000089d00000, 0x0000000089e00000|  0%| F|  |TAMS 0x0000000089d00000, 0x0000000089d00000| Untracked 
| 158|0x0000000089e00000, 0x0000000089e00000, 0x0000000089f00000|  0%| F|  |TAMS 0x0000000089e00000, 0x0000000089e00000| Untracked 
| 159|0x0000000089f00000, 0x0000000089f00000, 0x000000008a000000|  0%| F|  |TAMS 0x0000000089f00000, 0x0000000089f00000| Untracked 
| 160|0x000000008a000000, 0x000000008a000000, 0x000000008a100000|  0%| F|  |TAMS 0x000000008a000000, 0x000000008a000000| Untracked 
| 161|0x000000008a100000, 0x000000008a100000, 0x000000008a200000|  0%| F|  |TAMS 0x000000008a100000, 0x000000008a100000| Untracked 
| 162|0x000000008a200000, 0x000000008a200000, 0x000000008a300000|  0%| F|  |TAMS 0x000000008a200000, 0x000000008a200000| Untracked 
| 163|0x000000008a300000, 0x000000008a300000, 0x000000008a400000|  0%| F|  |TAMS 0x000000008a300000, 0x000000008a300000| Untracked 
| 164|0x000000008a400000, 0x000000008a400000, 0x000000008a500000|  0%| F|  |TAMS 0x000000008a400000, 0x000000008a400000| Untracked 
| 165|0x000000008a500000, 0x000000008a500000, 0x000000008a600000|  0%| F|  |TAMS 0x000000008a500000, 0x000000008a500000| Untracked 
| 166|0x000000008a600000, 0x000000008a600000, 0x000000008a700000|  0%| F|  |TAMS 0x000000008a600000, 0x000000008a600000| Untracked 
| 167|0x000000008a700000, 0x000000008a700000, 0x000000008a800000|  0%| F|  |TAMS 0x000000008a700000, 0x000000008a700000| Untracked 
| 168|0x000000008a800000, 0x000000008a800000, 0x000000008a900000|  0%| F|  |TAMS 0x000000008a800000, 0x000000008a800000| Untracked 
| 169|0x000000008a900000, 0x000000008a900000, 0x000000008aa00000|  0%| F|  |TAMS 0x000000008a900000, 0x000000008a900000| Untracked 
| 170|0x000000008aa00000, 0x000000008aa00000, 0x000000008ab00000|  0%| F|  |TAMS 0x000000008aa00000, 0x000000008aa00000| Untracked 
| 171|0x000000008ab00000, 0x000000008ab00000, 0x000000008ac00000|  0%| F|  |TAMS 0x000000008ab00000, 0x000000008ab00000| Untracked 
| 172|0x000000008ac00000, 0x000000008ac00000, 0x000000008ad00000|  0%| F|  |TAMS 0x000000008ac00000, 0x000000008ac00000| Untracked 
| 173|0x000000008ad00000, 0x000000008ad00000, 0x000000008ae00000|  0%| F|  |TAMS 0x000000008ad00000, 0x000000008ad00000| Untracked 
| 174|0x000000008ae00000, 0x000000008ae00000, 0x000000008af00000|  0%| F|  |TAMS 0x000000008ae00000, 0x000000008ae00000| Untracked 
| 175|0x000000008af00000, 0x000000008af00000, 0x000000008b000000|  0%| F|  |TAMS 0x000000008af00000, 0x000000008af00000| Untracked 
| 176|0x000000008b000000, 0x000000008b000000, 0x000000008b100000|  0%| F|  |TAMS 0x000000008b000000, 0x000000008b000000| Untracked 
| 177|0x000000008b100000, 0x000000008b100000, 0x000000008b200000|  0%| F|  |TAMS 0x000000008b100000, 0x000000008b100000| Untracked 
| 178|0x000000008b200000, 0x000000008b200000, 0x000000008b300000|  0%| F|  |TAMS 0x000000008b200000, 0x000000008b200000| Untracked 
| 179|0x000000008b300000, 0x000000008b300000, 0x000000008b400000|  0%| F|  |TAMS 0x000000008b300000, 0x000000008b300000| Untracked 
| 180|0x000000008b400000, 0x000000008b400000, 0x000000008b500000|  0%| F|  |TAMS 0x000000008b400000, 0x000000008b400000| Untracked 
| 181|0x000000008b500000, 0x000000008b500000, 0x000000008b600000|  0%| F|  |TAMS 0x000000008b500000, 0x000000008b500000| Untracked 
| 182|0x000000008b600000, 0x000000008b600000, 0x000000008b700000|  0%| F|  |TAMS 0x000000008b600000, 0x000000008b600000| Untracked 
| 183|0x000000008b700000, 0x000000008b700000, 0x000000008b800000|  0%| F|  |TAMS 0x000000008b700000, 0x000000008b700000| Untracked 
| 184|0x000000008b800000, 0x000000008b800000, 0x000000008b900000|  0%| F|  |TAMS 0x000000008b800000, 0x000000008b800000| Untracked 
| 185|0x000000008b900000, 0x000000008b900000, 0x000000008ba00000|  0%| F|  |TAMS 0x000000008b900000, 0x000000008b900000| Untracked 
| 186|0x000000008ba00000, 0x000000008ba00000, 0x000000008bb00000|  0%| F|  |TAMS 0x000000008ba00000, 0x000000008ba00000| Untracked 
| 187|0x000000008bb00000, 0x000000008bb00000, 0x000000008bc00000|  0%| F|  |TAMS 0x000000008bb00000, 0x000000008bb00000| Untracked 
| 188|0x000000008bc00000, 0x000000008bc00000, 0x000000008bd00000|  0%| F|  |TAMS 0x000000008bc00000, 0x000000008bc00000| Untracked 
| 189|0x000000008bd00000, 0x000000008bd00000, 0x000000008be00000|  0%| F|  |TAMS 0x000000008bd00000, 0x000000008bd00000| Untracked 
| 190|0x000000008be00000, 0x000000008be00000, 0x000000008bf00000|  0%| F|  |TAMS 0x000000008be00000, 0x000000008be00000| Untracked 
| 191|0x000000008bf00000, 0x000000008bf00000, 0x000000008c000000|  0%| F|  |TAMS 0x000000008bf00000, 0x000000008bf00000| Untracked 
| 192|0x000000008c000000, 0x000000008c000000, 0x000000008c100000|  0%| F|  |TAMS 0x000000008c000000, 0x000000008c000000| Untracked 
| 193|0x000000008c100000, 0x000000008c100000, 0x000000008c200000|  0%| F|  |TAMS 0x000000008c100000, 0x000000008c100000| Untracked 
| 194|0x000000008c200000, 0x000000008c200000, 0x000000008c300000|  0%| F|  |TAMS 0x000000008c200000, 0x000000008c200000| Untracked 
| 195|0x000000008c300000, 0x000000008c300000, 0x000000008c400000|  0%| F|  |TAMS 0x000000008c300000, 0x000000008c300000| Untracked 
| 196|0x000000008c400000, 0x000000008c400000, 0x000000008c500000|  0%| F|  |TAMS 0x000000008c400000, 0x000000008c400000| Untracked 
| 197|0x000000008c500000, 0x000000008c500000, 0x000000008c600000|  0%| F|  |TAMS 0x000000008c500000, 0x000000008c500000| Untracked 
| 198|0x000000008c600000, 0x000000008c600000, 0x000000008c700000|  0%| F|  |TAMS 0x000000008c600000, 0x000000008c600000| Untracked 
| 199|0x000000008c700000, 0x000000008c700000, 0x000000008c800000|  0%| F|  |TAMS 0x000000008c700000, 0x000000008c700000| Untracked 
| 200|0x000000008c800000, 0x000000008c800000, 0x000000008c900000|  0%| F|  |TAMS 0x000000008c800000, 0x000000008c800000| Untracked 
| 201|0x000000008c900000, 0x000000008c900000, 0x000000008ca00000|  0%| F|  |TAMS 0x000000008c900000, 0x000000008c900000| Untracked 
| 202|0x000000008ca00000, 0x000000008ca00000, 0x000000008cb00000|  0%| F|  |TAMS 0x000000008ca00000, 0x000000008ca00000| Untracked 
| 203|0x000000008cb00000, 0x000000008cb00000, 0x000000008cc00000|  0%| F|  |TAMS 0x000000008cb00000, 0x000000008cb00000| Untracked 
| 204|0x000000008cc00000, 0x000000008cc00000, 0x000000008cd00000|  0%| F|  |TAMS 0x000000008cc00000, 0x000000008cc00000| Untracked 
| 205|0x000000008cd00000, 0x000000008cd00000, 0x000000008ce00000|  0%| F|  |TAMS 0x000000008cd00000, 0x000000008cd00000| Untracked 
| 206|0x000000008ce00000, 0x000000008ce00000, 0x000000008cf00000|  0%| F|  |TAMS 0x000000008ce00000, 0x000000008ce00000| Untracked 
| 207|0x000000008cf00000, 0x000000008cf00000, 0x000000008d000000|  0%| F|  |TAMS 0x000000008cf00000, 0x000000008cf00000| Untracked 
| 208|0x000000008d000000, 0x000000008d000000, 0x000000008d100000|  0%| F|  |TAMS 0x000000008d000000, 0x000000008d000000| Untracked 
| 209|0x000000008d100000, 0x000000008d100000, 0x000000008d200000|  0%| F|  |TAMS 0x000000008d100000, 0x000000008d100000| Untracked 
| 210|0x000000008d200000, 0x000000008d200000, 0x000000008d300000|  0%| F|  |TAMS 0x000000008d200000, 0x000000008d200000| Untracked 
| 211|0x000000008d300000, 0x000000008d300000, 0x000000008d400000|  0%| F|  |TAMS 0x000000008d300000, 0x000000008d300000| Untracked 
| 212|0x000000008d400000, 0x000000008d400000, 0x000000008d500000|  0%| F|  |TAMS 0x000000008d400000, 0x000000008d400000| Untracked 
| 213|0x000000008d500000, 0x000000008d500000, 0x000000008d600000|  0%| F|  |TAMS 0x000000008d500000, 0x000000008d500000| Untracked 
| 214|0x000000008d600000, 0x000000008d600000, 0x000000008d700000|  0%| F|  |TAMS 0x000000008d600000, 0x000000008d600000| Untracked 
| 215|0x000000008d700000, 0x000000008d700000, 0x000000008d800000|  0%| F|  |TAMS 0x000000008d700000, 0x000000008d700000| Untracked 
| 216|0x000000008d800000, 0x000000008d800000, 0x000000008d900000|  0%| F|  |TAMS 0x000000008d800000, 0x000000008d800000| Untracked 
| 217|0x000000008d900000, 0x000000008d900000, 0x000000008da00000|  0%| F|  |TAMS 0x000000008d900000, 0x000000008d900000| Untracked 
| 218|0x000000008da00000, 0x000000008da00000, 0x000000008db00000|  0%| F|  |TAMS 0x000000008da00000, 0x000000008da00000| Untracked 
| 219|0x000000008db00000, 0x000000008db00000, 0x000000008dc00000|  0%| F|  |TAMS 0x000000008db00000, 0x000000008db00000| Untracked 
| 220|0x000000008dc00000, 0x000000008dc00000, 0x000000008dd00000|  0%| F|  |TAMS 0x000000008dc00000, 0x000000008dc00000| Untracked 
| 221|0x000000008dd00000, 0x000000008dd00000, 0x000000008de00000|  0%| F|  |TAMS 0x000000008dd00000, 0x000000008dd00000| Untracked 
| 222|0x000000008de00000, 0x000000008de00000, 0x000000008df00000|  0%| F|  |TAMS 0x000000008de00000, 0x000000008de00000| Untracked 
| 223|0x000000008df00000, 0x000000008df00000, 0x000000008e000000|  0%| F|  |TAMS 0x000000008df00000, 0x000000008df00000| Untracked 
| 224|0x000000008e000000, 0x000000008e000000, 0x000000008e100000|  0%| F|  |TAMS 0x000000008e000000, 0x000000008e000000| Untracked 
| 225|0x000000008e100000, 0x000000008e100000, 0x000000008e200000|  0%| F|  |TAMS 0x000000008e100000, 0x000000008e100000| Untracked 
| 226|0x000000008e200000, 0x000000008e200000, 0x000000008e300000|  0%| F|  |TAMS 0x000000008e200000, 0x000000008e200000| Untracked 
| 227|0x000000008e300000, 0x000000008e300000, 0x000000008e400000|  0%| F|  |TAMS 0x000000008e300000, 0x000000008e300000| Untracked 
| 228|0x000000008e400000, 0x000000008e400000, 0x000000008e500000|  0%| F|  |TAMS 0x000000008e400000, 0x000000008e400000| Untracked 
| 229|0x000000008e500000, 0x000000008e500000, 0x000000008e600000|  0%| F|  |TAMS 0x000000008e500000, 0x000000008e500000| Untracked 
| 230|0x000000008e600000, 0x000000008e600000, 0x000000008e700000|  0%| F|  |TAMS 0x000000008e600000, 0x000000008e600000| Untracked 
| 231|0x000000008e700000, 0x000000008e700000, 0x000000008e800000|  0%| F|  |TAMS 0x000000008e700000, 0x000000008e700000| Untracked 
| 232|0x000000008e800000, 0x000000008e800000, 0x000000008e900000|  0%| F|  |TAMS 0x000000008e800000, 0x000000008e800000| Untracked 
| 233|0x000000008e900000, 0x000000008e900000, 0x000000008ea00000|  0%| F|  |TAMS 0x000000008e900000, 0x000000008e900000| Untracked 
| 234|0x000000008ea00000, 0x000000008ea00000, 0x000000008eb00000|  0%| F|  |TAMS 0x000000008ea00000, 0x000000008ea00000| Untracked 
| 235|0x000000008eb00000, 0x000000008eb00000, 0x000000008ec00000|  0%| F|  |TAMS 0x000000008eb00000, 0x000000008eb00000| Untracked 
| 236|0x000000008ec00000, 0x000000008ec00000, 0x000000008ed00000|  0%| F|  |TAMS 0x000000008ec00000, 0x000000008ec00000| Untracked 
| 237|0x000000008ed00000, 0x000000008ed00000, 0x000000008ee00000|  0%| F|  |TAMS 0x000000008ed00000, 0x000000008ed00000| Untracked 
| 238|0x000000008ee00000, 0x000000008ee00000, 0x000000008ef00000|  0%| F|  |TAMS 0x000000008ee00000, 0x000000008ee00000| Untracked 
| 239|0x000000008ef00000, 0x000000008ef00000, 0x000000008f000000|  0%| F|  |TAMS 0x000000008ef00000, 0x000000008ef00000| Untracked 
| 240|0x000000008f000000, 0x000000008f000000, 0x000000008f100000|  0%| F|  |TAMS 0x000000008f000000, 0x000000008f000000| Untracked 
| 241|0x000000008f100000, 0x000000008f100000, 0x000000008f200000|  0%| F|  |TAMS 0x000000008f100000, 0x000000008f100000| Untracked 
| 242|0x000000008f200000, 0x000000008f200000, 0x000000008f300000|  0%| F|  |TAMS 0x000000008f200000, 0x000000008f200000| Untracked 
| 243|0x000000008f300000, 0x000000008f300000, 0x000000008f400000|  0%| F|  |TAMS 0x000000008f300000, 0x000000008f300000| Untracked 
| 244|0x000000008f400000, 0x000000008f400000, 0x000000008f500000|  0%| F|  |TAMS 0x000000008f400000, 0x000000008f400000| Untracked 
| 245|0x000000008f500000, 0x000000008f500000, 0x000000008f600000|  0%| F|  |TAMS 0x000000008f500000, 0x000000008f500000| Untracked 
| 246|0x000000008f600000, 0x000000008f600000, 0x000000008f700000|  0%| F|  |TAMS 0x000000008f600000, 0x000000008f600000| Untracked 
| 247|0x000000008f700000, 0x000000008f700000, 0x000000008f800000|  0%| F|  |TAMS 0x000000008f700000, 0x000000008f700000| Untracked 
| 248|0x000000008f800000, 0x000000008f800000, 0x000000008f900000|  0%| F|  |TAMS 0x000000008f800000, 0x000000008f800000| Untracked 
| 249|0x000000008f900000, 0x000000008f900000, 0x000000008fa00000|  0%| F|  |TAMS 0x000000008f900000, 0x000000008f900000| Untracked 
| 250|0x000000008fa00000, 0x000000008fa00000, 0x000000008fb00000|  0%| F|  |TAMS 0x000000008fa00000, 0x000000008fa00000| Untracked 
| 251|0x000000008fb00000, 0x000000008fb00000, 0x000000008fc00000|  0%| F|  |TAMS 0x000000008fb00000, 0x000000008fb00000| Untracked 
| 252|0x000000008fc00000, 0x000000008fc00000, 0x000000008fd00000|  0%| F|  |TAMS 0x000000008fc00000, 0x000000008fc00000| Untracked 
| 253|0x000000008fd00000, 0x000000008fd00000, 0x000000008fe00000|  0%| F|  |TAMS 0x000000008fd00000, 0x000000008fd00000| Untracked 
| 254|0x000000008fe00000, 0x000000008fe00000, 0x000000008ff00000|  0%| F|  |TAMS 0x000000008fe00000, 0x000000008fe00000| Untracked 
| 255|0x000000008ff00000, 0x000000008ff00000, 0x0000000090000000|  0%| F|  |TAMS 0x000000008ff00000, 0x000000008ff00000| Untracked 
| 256|0x0000000090000000, 0x0000000090000000, 0x0000000090100000|  0%| F|  |TAMS 0x0000000090000000, 0x0000000090000000| Untracked 
| 257|0x0000000090100000, 0x0000000090100000, 0x0000000090200000|  0%| F|  |TAMS 0x0000000090100000, 0x0000000090100000| Untracked 
| 258|0x0000000090200000, 0x0000000090200000, 0x0000000090300000|  0%| F|  |TAMS 0x0000000090200000, 0x0000000090200000| Untracked 
| 259|0x0000000090300000, 0x0000000090300000, 0x0000000090400000|  0%| F|  |TAMS 0x0000000090300000, 0x0000000090300000| Untracked 
| 260|0x0000000090400000, 0x0000000090400000, 0x0000000090500000|  0%| F|  |TAMS 0x0000000090400000, 0x0000000090400000| Untracked 
| 261|0x0000000090500000, 0x0000000090500000, 0x0000000090600000|  0%| F|  |TAMS 0x0000000090500000, 0x0000000090500000| Untracked 
| 262|0x0000000090600000, 0x0000000090600000, 0x0000000090700000|  0%| F|  |TAMS 0x0000000090600000, 0x0000000090600000| Untracked 
| 263|0x0000000090700000, 0x0000000090700000, 0x0000000090800000|  0%| F|  |TAMS 0x0000000090700000, 0x0000000090700000| Untracked 
| 264|0x0000000090800000, 0x0000000090800000, 0x0000000090900000|  0%| F|  |TAMS 0x0000000090800000, 0x0000000090800000| Untracked 
| 265|0x0000000090900000, 0x0000000090900000, 0x0000000090a00000|  0%| F|  |TAMS 0x0000000090900000, 0x0000000090900000| Untracked 
| 266|0x0000000090a00000, 0x0000000090a00000, 0x0000000090b00000|  0%| F|  |TAMS 0x0000000090a00000, 0x0000000090a00000| Untracked 
| 267|0x0000000090b00000, 0x0000000090b00000, 0x0000000090c00000|  0%| F|  |TAMS 0x0000000090b00000, 0x0000000090b00000| Untracked 
| 268|0x0000000090c00000, 0x0000000090c00000, 0x0000000090d00000|  0%| F|  |TAMS 0x0000000090c00000, 0x0000000090c00000| Untracked 
| 269|0x0000000090d00000, 0x0000000090d00000, 0x0000000090e00000|  0%| F|  |TAMS 0x0000000090d00000, 0x0000000090d00000| Untracked 
| 270|0x0000000090e00000, 0x0000000090e00000, 0x0000000090f00000|  0%| F|  |TAMS 0x0000000090e00000, 0x0000000090e00000| Untracked 
| 271|0x0000000090f00000, 0x0000000090f00000, 0x0000000091000000|  0%| F|  |TAMS 0x0000000090f00000, 0x0000000090f00000| Untracked 
| 272|0x0000000091000000, 0x0000000091000000, 0x0000000091100000|  0%| F|  |TAMS 0x0000000091000000, 0x0000000091000000| Untracked 
| 273|0x0000000091100000, 0x0000000091100000, 0x0000000091200000|  0%| F|  |TAMS 0x0000000091100000, 0x0000000091100000| Untracked 
| 274|0x0000000091200000, 0x0000000091200000, 0x0000000091300000|  0%| F|  |TAMS 0x0000000091200000, 0x0000000091200000| Untracked 
| 275|0x0000000091300000, 0x0000000091300000, 0x0000000091400000|  0%| F|  |TAMS 0x0000000091300000, 0x0000000091300000| Untracked 
| 276|0x0000000091400000, 0x0000000091400000, 0x0000000091500000|  0%| F|  |TAMS 0x0000000091400000, 0x0000000091400000| Untracked 
| 277|0x0000000091500000, 0x0000000091500000, 0x0000000091600000|  0%| F|  |TAMS 0x0000000091500000, 0x0000000091500000| Untracked 
| 278|0x0000000091600000, 0x0000000091600000, 0x0000000091700000|  0%| F|  |TAMS 0x0000000091600000, 0x0000000091600000| Untracked 
| 279|0x0000000091700000, 0x0000000091700000, 0x0000000091800000|  0%| F|  |TAMS 0x0000000091700000, 0x0000000091700000| Untracked 
| 280|0x0000000091800000, 0x0000000091800000, 0x0000000091900000|  0%| F|  |TAMS 0x0000000091800000, 0x0000000091800000| Untracked 
| 281|0x0000000091900000, 0x0000000091900000, 0x0000000091a00000|  0%| F|  |TAMS 0x0000000091900000, 0x0000000091900000| Untracked 
| 282|0x0000000091a00000, 0x0000000091a00000, 0x0000000091b00000|  0%| F|  |TAMS 0x0000000091a00000, 0x0000000091a00000| Untracked 
| 283|0x0000000091b00000, 0x0000000091c00000, 0x0000000091c00000|100%| S|CS|TAMS 0x0000000091b00000, 0x0000000091b00000| Complete 
| 284|0x0000000091c00000, 0x0000000091d00000, 0x0000000091d00000|100%| S|CS|TAMS 0x0000000091c00000, 0x0000000091c00000| Complete 
| 285|0x0000000091d00000, 0x0000000091d00000, 0x0000000091e00000|  0%| F|  |TAMS 0x0000000091d00000, 0x0000000091d00000| Untracked 
| 286|0x0000000091e00000, 0x0000000091e00000, 0x0000000091f00000|  0%| F|  |TAMS 0x0000000091e00000, 0x0000000091e00000| Untracked 
| 287|0x0000000091f00000, 0x0000000091f00000, 0x0000000092000000|  0%| F|  |TAMS 0x0000000091f00000, 0x0000000091f00000| Untracked 
| 288|0x0000000092000000, 0x0000000092000000, 0x0000000092100000|  0%| F|  |TAMS 0x0000000092000000, 0x0000000092000000| Untracked 
| 289|0x0000000092100000, 0x0000000092100000, 0x0000000092200000|  0%| F|  |TAMS 0x0000000092100000, 0x0000000092100000| Untracked 
| 290|0x0000000092200000, 0x0000000092200000, 0x0000000092300000|  0%| F|  |TAMS 0x0000000092200000, 0x0000000092200000| Untracked 
| 291|0x0000000092300000, 0x0000000092300000, 0x0000000092400000|  0%| F|  |TAMS 0x0000000092300000, 0x0000000092300000| Untracked 
| 292|0x0000000092400000, 0x0000000092400000, 0x0000000092500000|  0%| F|  |TAMS 0x0000000092400000, 0x0000000092400000| Untracked 
| 293|0x0000000092500000, 0x0000000092500000, 0x0000000092600000|  0%| F|  |TAMS 0x0000000092500000, 0x0000000092500000| Untracked 
| 294|0x0000000092600000, 0x0000000092600000, 0x0000000092700000|  0%| F|  |TAMS 0x0000000092600000, 0x0000000092600000| Untracked 
| 295|0x0000000092700000, 0x0000000092700000, 0x0000000092800000|  0%| F|  |TAMS 0x0000000092700000, 0x0000000092700000| Untracked 
| 296|0x0000000092800000, 0x0000000092800000, 0x0000000092900000|  0%| F|  |TAMS 0x0000000092800000, 0x0000000092800000| Untracked 
| 297|0x0000000092900000, 0x0000000092900000, 0x0000000092a00000|  0%| F|  |TAMS 0x0000000092900000, 0x0000000092900000| Untracked 
| 298|0x0000000092a00000, 0x0000000092a00000, 0x0000000092b00000|  0%| F|  |TAMS 0x0000000092a00000, 0x0000000092a00000| Untracked 

Card table byte_map: [0x00000212786c0000,0x0000021278ac0000] _byte_map_base: 0x00000212782c0000

Marking Bits (Prev, Next): (CMBitMap*) 0x00000212747ece50, (CMBitMap*) 0x00000212747ece18
 Prev Bits: [0x000002127aec0000, 0x000002127cec0000)
 Next Bits: [0x0000021278ec0000, 0x000002127aec0000)

Polling page: 0x0000021272610000

Metaspace:

Usage:
  Non-class:    106.58 MB capacity,   104.56 MB ( 98%) used,     1.62 MB (  2%) free+waste,   408.31 KB ( <1%) overhead. 
      Class:     16.17 MB capacity,    14.95 MB ( 92%) used,     1.05 MB (  6%) free+waste,   179.19 KB (  1%) overhead. 
       Both:    122.75 MB capacity,   119.51 MB ( 97%) used,     2.67 MB (  2%) free+waste,   587.50 KB ( <1%) overhead. 

Virtual space:
  Non-class space:      108.00 MB reserved,     107.13 MB (>99%) committed 
      Class space:        1.00 GB reserved,      16.45 MB (  2%) committed 
             Both:        1.11 GB reserved,     123.57 MB ( 11%) committed 

Chunk freelists:
   Non-Class:  499.00 KB
       Class:  206.00 KB
        Both:  705.00 KB

MaxMetaspaceSize: 17179869184.00 GB
CompressedClassSpaceSize: 1.00 GB
Initial GC threshold: 20.80 MB
Current GC threshold: 205.54 MB
CDS: off

CodeHeap 'non-profiled nmethods': size=120064Kb used=16156Kb max_used=16156Kb free=103907Kb
 bounds [0x0000021207ac0000, 0x0000021208a90000, 0x000002120f000000]
CodeHeap 'profiled nmethods': size=120000Kb used=41084Kb max_used=42464Kb free=78915Kb
 bounds [0x0000021200590000, 0x0000021202f10000, 0x0000021207ac0000]
CodeHeap 'non-nmethods': size=5696Kb used=2444Kb max_used=2517Kb free=3251Kb
 bounds [0x0000021200000000, 0x0000021200280000, 0x0000021200590000]
 total_blobs=20422 nmethods=19457 adapters=875
 compilation: enabled
              stopped_count=0, restarted_count=0
 full_count=0

Compilation events (20 events):
Event: 11330.613 Thread 0x000002127f3c7000 nmethod 21378 0x0000021207cb0c90 code [0x0000021207cb0ec0, 0x0000021207cb1908]
Event: 11330.613 Thread 0x000002127f3c7000 21367       4       com.sun.tools.javac.util.List::length (24 bytes)
Event: 11330.614 Thread 0x000002127f3c7000 nmethod 21367 0x0000021207cb0990 code [0x0000021207cb0b20, 0x0000021207cb0bb8]
Event: 11330.614 Thread 0x000002127f3c7000 21353       4       com.sun.tools.javac.code.Types::containsTypeEquivalent (68 bytes)
Event: 11330.620 Thread 0x000002127f3c7000 nmethod 21353 0x0000021207cb0090 code [0x0000021207cb0260, 0x0000021207cb05d8]
Event: 11330.620 Thread 0x000002127f3c7000 21347       4       com.sun.tools.javac.code.Type$MethodType::accept (9 bytes)
Event: 11330.621 Thread 0x000002127f3c7000 nmethod 21347 0x0000021207cafc90 code [0x0000021207cafe20, 0x0000021207cafeb8]
Event: 11330.621 Thread 0x000002127f3c7000 21355       4       com.sun.tools.javac.code.Symbol$TypeSymbol::precedes (132 bytes)
Event: 11330.635 Thread 0x000002127f3d0000 21395       2       com.google.common.cache.LongAdder::add (108 bytes)
Event: 11330.636 Thread 0x000002127f3d0000 nmethod 21395 0x00000212014eff10 code [0x00000212014f00e0, 0x00000212014f03d8]
Event: 11330.647 Thread 0x000002127f3c7000 nmethod 21355 0x0000021207edbd10 code [0x0000021207edc060, 0x0000021207edd448]
Event: 11330.647 Thread 0x000002127f3c7000 21321       4       java.util.EnumSet::noneOf (63 bytes)
Event: 11330.654 Thread 0x000002127f3c7000 nmethod 21321 0x0000021207edb290 code [0x0000021207edb460, 0x0000021207edbae8]
Event: 11330.750 Thread 0x000002127f3c7000 21396       4       org.objectweb.asm.ClassReader::readUtf (161 bytes)
Event: 11330.789 Thread 0x000002127f3c7000 nmethod 21396 0x0000021207eda410 code [0x0000021207eda5e0, 0x0000021207edae78]
Event: 11330.789 Thread 0x000002127f3c7000 21397       4       org.objectweb.asm.ClassReader::readInt (52 bytes)
Event: 11330.792 Thread 0x000002127f3c7000 nmethod 21397 0x0000021207eda090 code [0x0000021207eda220, 0x0000021207eda318]
Event: 11330.868 Thread 0x000002127f3c7000 21398       4       org.objectweb.asm.ClassReader::readUtf (44 bytes)
Event: 11330.895 Thread 0x000002127f3c7000 nmethod 21398 0x00000212080d1a10 code [0x00000212080d1bc0, 0x00000212080d1e68]
Event: 11330.895 Thread 0x000002127f3c7000 21400 %     4       org.gradle.api.internal.tasks.compile.incremental.deps.ClassSetAnalysisData::reduceToTypesAffecting @ 42 (578 bytes)

GC Heap History (20 events):
Event: 11301.946 GC heap after
{Heap after GC invocations=132 (full 0):
 garbage-first heap   total 227328K, used 103864K [0x0000000080000000, 0x0000000100000000)
  region size 1024K, 3 young (3072K), 3 survivors (3072K)
 Metaspace       used 121785K, capacity 125017K, committed 126284K, reserved 1159168K
  class space    used 15256K, capacity 16471K, committed 16844K, reserved 1048576K
}
Event: 11304.505 GC heap before
{Heap before GC invocations=133 (full 0):
 garbage-first heap   total 227328K, used 120248K [0x0000000080000000, 0x0000000100000000)
  region size 1024K, 20 young (20480K), 3 survivors (3072K)
 Metaspace       used 121864K, capacity 125059K, committed 126284K, reserved 1159168K
  class space    used 15265K, capacity 16486K, committed 16844K, reserved 1048576K
}
Event: 11304.617 GC heap after
{Heap after GC invocations=134 (full 0):
 garbage-first heap   total 227328K, used 105653K [0x0000000080000000, 0x0000000100000000)
  region size 1024K, 2 young (2048K), 2 survivors (2048K)
 Metaspace       used 121864K, capacity 125059K, committed 126284K, reserved 1159168K
  class space    used 15265K, capacity 16486K, committed 16844K, reserved 1048576K
}
Event: 11305.291 GC heap before
{Heap before GC invocations=134 (full 0):
 garbage-first heap   total 227328K, used 114869K [0x0000000080000000, 0x0000000100000000)
  region size 1024K, 11 young (11264K), 2 survivors (2048K)
 Metaspace       used 121980K, capacity 125198K, committed 126284K, reserved 1159168K
  class space    used 15280K, capacity 16512K, committed 16844K, reserved 1048576K
}
Event: 11305.358 GC heap after
{Heap after GC invocations=135 (full 0):
 garbage-first heap   total 227328K, used 106791K [0x0000000080000000, 0x0000000100000000)
  region size 1024K, 2 young (2048K), 2 survivors (2048K)
 Metaspace       used 121980K, capacity 125198K, committed 126284K, reserved 1159168K
  class space    used 15280K, capacity 16512K, committed 16844K, reserved 1048576K
}
Event: 11313.480 GC heap before
{Heap before GC invocations=135 (full 0):
 garbage-first heap   total 227328K, used 126247K [0x0000000080000000, 0x0000000100000000)
  region size 1024K, 22 young (22528K), 2 survivors (2048K)
 Metaspace       used 122011K, capacity 125222K, committed 126284K, reserved 1159168K
  class space    used 15283K, capacity 16516K, committed 16844K, reserved 1048576K
}
Event: 11313.631 GC heap after
{Heap after GC invocations=136 (full 0):
 garbage-first heap   total 227328K, used 108752K [0x0000000080000000, 0x0000000100000000)
  region size 1024K, 3 young (3072K), 3 survivors (3072K)
 Metaspace       used 122011K, capacity 125222K, committed 126284K, reserved 1159168K
  class space    used 15283K, capacity 16516K, committed 16844K, reserved 1048576K
}
Event: 11315.000 GC heap before
{Heap before GC invocations=137 (full 0):
 garbage-first heap   total 227328K, used 130256K [0x0000000080000000, 0x0000000100000000)
  region size 1024K, 24 young (24576K), 3 survivors (3072K)
 Metaspace       used 122059K, capacity 125333K, committed 126284K, reserved 1159168K
  class space    used 15286K, capacity 16523K, committed 16844K, reserved 1048576K
}
Event: 11315.103 GC heap after
{Heap after GC invocations=138 (full 0):
 garbage-first heap   total 227328K, used 111418K [0x0000000080000000, 0x0000000100000000)
  region size 1024K, 3 young (3072K), 3 survivors (3072K)
 Metaspace       used 122059K, capacity 125333K, committed 126284K, reserved 1159168K
  class space    used 15286K, capacity 16523K, committed 16844K, reserved 1048576K
}
Event: 11322.695 GC heap before
{Heap before GC invocations=138 (full 0):
 garbage-first heap   total 227328K, used 118586K [0x0000000080000000, 0x0000000100000000)
  region size 1024K, 11 young (11264K), 3 survivors (3072K)
 Metaspace       used 122065K, capacity 125339K, committed 126284K, reserved 1159168K
  class space    used 15287K, capacity 16525K, committed 16844K, reserved 1048576K
}
Event: 11322.772 GC heap after
{Heap after GC invocations=139 (full 0):
 garbage-first heap   total 227328K, used 112054K [0x0000000080000000, 0x0000000100000000)
  region size 1024K, 2 young (2048K), 2 survivors (2048K)
 Metaspace       used 122065K, capacity 125339K, committed 126284K, reserved 1159168K
  class space    used 15287K, capacity 16525K, committed 16844K, reserved 1048576K
}
Event: 11322.871 GC heap before
{Heap before GC invocations=139 (full 0):
 garbage-first heap   total 227328K, used 112054K [0x0000000080000000, 0x0000000100000000)
  region size 1024K, 3 young (3072K), 2 survivors (2048K)
 Metaspace       used 122066K, capacity 125339K, committed 126284K, reserved 1159168K
  class space    used 15287K, capacity 16525K, committed 16844K, reserved 1048576K
}
Event: 11323.024 GC heap after
{Heap after GC invocations=140 (full 0):
 garbage-first heap   total 306176K, used 112075K [0x0000000080000000, 0x0000000100000000)
  region size 1024K, 2 young (2048K), 2 survivors (2048K)
 Metaspace       used 122066K, capacity 125339K, committed 126284K, reserved 1159168K
  class space    used 15287K, capacity 16525K, committed 16844K, reserved 1048576K
}
Event: 11325.086 GC heap before
{Heap before GC invocations=141 (full 0):
 garbage-first heap   total 306176K, used 126411K [0x0000000080000000, 0x0000000100000000)
  region size 1024K, 14 young (14336K), 2 survivors (2048K)
 Metaspace       used 122064K, capacity 125333K, committed 126284K, reserved 1159168K
  class space    used 15286K, capacity 16524K, committed 16844K, reserved 1048576K
}
Event: 11325.253 GC heap after
{Heap after GC invocations=142 (full 0):
 garbage-first heap   total 306176K, used 117940K [0x0000000080000000, 0x0000000100000000)
  region size 1024K, 2 young (2048K), 2 survivors (2048K)
 Metaspace       used 122064K, capacity 125333K, committed 126284K, reserved 1159168K
  class space    used 15286K, capacity 16524K, committed 16844K, reserved 1048576K
}
Event: 11328.155 GC heap before
{Heap before GC invocations=142 (full 0):
 garbage-first heap   total 306176K, used 130228K [0x0000000080000000, 0x0000000100000000)
  region size 1024K, 14 young (14336K), 2 survivors (2048K)
 Metaspace       used 122064K, capacity 125333K, committed 126284K, reserved 1159168K
  class space    used 15286K, capacity 16524K, committed 16844K, reserved 1048576K
}
Event: 11328.369 GC heap after
{Heap after GC invocations=143 (full 0):
 garbage-first heap   total 306176K, used 121200K [0x0000000080000000, 0x0000000100000000)
  region size 1024K, 2 young (2048K), 2 survivors (2048K)
 Metaspace       used 122064K, capacity 125333K, committed 126284K, reserved 1159168K
  class space    used 15286K, capacity 16524K, committed 16844K, reserved 1048576K
}
Event: 11329.685 GC heap before
{Heap before GC invocations=144 (full 0):
 garbage-first heap   total 306176K, used 133488K [0x0000000080000000, 0x0000000100000000)
  region size 1024K, 14 young (14336K), 2 survivors (2048K)
 Metaspace       used 122330K, capacity 125631K, committed 126540K, reserved 1159168K
  class space    used 15309K, capacity 16562K, committed 16844K, reserved 1048576K
}
Event: 11330.161 GC heap after
{Heap after GC invocations=145 (full 0):
 garbage-first heap   total 306176K, used 124516K [0x0000000080000000, 0x0000000100000000)
  region size 1024K, 2 young (2048K), 2 survivors (2048K)
 Metaspace       used 122330K, capacity 125631K, committed 126540K, reserved 1159168K
  class space    used 15309K, capacity 16562K, committed 16844K, reserved 1048576K
}
Event: 11330.950 GC heap before
{Heap before GC invocations=145 (full 0):
 garbage-first heap   total 306176K, used 136804K [0x0000000080000000, 0x0000000100000000)
  region size 1024K, 14 young (14336K), 2 survivors (2048K)
 Metaspace       used 122376K, capacity 125695K, committed 126540K, reserved 1159168K
  class space    used 15309K, capacity 16562K, committed 16844K, reserved 1048576K
}

Deoptimization events (20 events):
Event: 11315.303 Thread 0x00000212134f8000 DEOPT PACKING pc=0x000002120805e1b0 sp=0x00000045457fe000
Event: 11315.303 Thread 0x00000212134f8000 DEOPT UNPACKING pc=0x000002120004a1af sp=0x00000045457fdf40 mode 2
Event: 11328.394 Thread 0x00000212134ef800 DEOPT PACKING pc=0x0000021201e1be0f sp=0x0000004549df8760
Event: 11328.394 Thread 0x00000212134ef800 DEOPT UNPACKING pc=0x000002120004a95e sp=0x0000004549df7c18 mode 0
Event: 11328.497 Thread 0x00000212134ef800 Uncommon trap: trap_request=0xfffffff4 fr.pc=0x00000212082945d8 relative=0x00000000000070d8
Event: 11328.519 Thread 0x00000212134ef800 Uncommon trap: reason=null_check action=make_not_entrant pc=0x00000212082945d8 method=com.sun.tools.javac.util.UnsharedNameTable.fromUtf([BII)Lcom/sun/tools/javac/util/Name; @ 50 c2
Event: 11328.520 Thread 0x00000212134ef800 DEOPT PACKING pc=0x00000212082945d8 sp=0x0000004549df8300
Event: 11328.533 Thread 0x00000212134ef800 DEOPT UNPACKING pc=0x000002120004a1af sp=0x0000004549df8208 mode 2
Event: 11329.623 Thread 0x00000212134ef800 Uncommon trap: trap_request=0xffffffbe fr.pc=0x00000212089b013c relative=0x000000000000115c
Event: 11329.623 Thread 0x00000212134ef800 Uncommon trap: reason=profile_predicate action=maybe_recompile pc=0x00000212089b013c method=java.util.regex.Pattern$BnM.optimize(Ljava/util/regex/Pattern$Node;)Ljava/util/regex/Pattern$Node; @ 67 c2
Event: 11329.623 Thread 0x00000212134ef800 DEOPT PACKING pc=0x00000212089b013c sp=0x0000004549df9450
Event: 11329.624 Thread 0x00000212134ef800 DEOPT UNPACKING pc=0x000002120004a1af sp=0x0000004549df9398 mode 2
Event: 11329.624 Thread 0x00000212134ef800 Uncommon trap: trap_request=0xffffffbe fr.pc=0x00000212089b013c relative=0x000000000000115c
Event: 11329.624 Thread 0x00000212134ef800 Uncommon trap: reason=profile_predicate action=maybe_recompile pc=0x00000212089b013c method=java.util.regex.Pattern$BnM.optimize(Ljava/util/regex/Pattern$Node;)Ljava/util/regex/Pattern$Node; @ 67 c2
Event: 11329.624 Thread 0x00000212134ef800 DEOPT PACKING pc=0x00000212089b013c sp=0x0000004549df9450
Event: 11329.624 Thread 0x00000212134ef800 DEOPT UNPACKING pc=0x000002120004a1af sp=0x0000004549df9398 mode 2
Event: 11330.545 Thread 0x00000212134ef800 DEOPT PACKING pc=0x0000021201f27e0e sp=0x0000004549df95b0
Event: 11330.545 Thread 0x00000212134ef800 DEOPT UNPACKING pc=0x000002120004a95e sp=0x0000004549df8a28 mode 0
Event: 11330.883 Thread 0x00000212134ef800 DEOPT PACKING pc=0x0000021200649fd3 sp=0x0000004549dfa260
Event: 11330.894 Thread 0x00000212134ef800 DEOPT UNPACKING pc=0x000002120004a95e sp=0x0000004549df9820 mode 0

Classes redefined (0 events):
No events

Internal exceptions (20 events):
Event: 11329.347 Thread 0x00000212134ef800 Exception <a 'sun/nio/fs/WindowsException'{0x0000000092077298}> (0x0000000092077298) thrown at [./src/hotspot/share/prims/jni.cpp, line 615]
Event: 11329.347 Thread 0x00000212134ef800 Exception <a 'sun/nio/fs/WindowsException'{0x0000000092077428}> (0x0000000092077428) thrown at [./src/hotspot/share/prims/jni.cpp, line 615]
Event: 11330.221 Thread 0x00000212134ef800 Exception <a 'sun/nio/fs/WindowsException'{0x0000000092a395c8}> (0x0000000092a395c8) thrown at [./src/hotspot/share/prims/jni.cpp, line 615]
Event: 11330.232 Thread 0x00000212134ef800 Exception <a 'sun/nio/fs/WindowsException'{0x0000000092aab040}> (0x0000000092aab040) thrown at [./src/hotspot/share/prims/jni.cpp, line 615]
Event: 11330.233 Thread 0x00000212134ef800 Exception <a 'sun/nio/fs/WindowsException'{0x0000000092aab1a8}> (0x0000000092aab1a8) thrown at [./src/hotspot/share/prims/jni.cpp, line 615]
Event: 11330.281 Thread 0x00000212134ef800 Exception <a 'sun/nio/fs/WindowsException'{0x0000000092afe698}> (0x0000000092afe698) thrown at [./src/hotspot/share/prims/jni.cpp, line 615]
Event: 11330.281 Thread 0x00000212134ef800 Exception <a 'sun/nio/fs/WindowsException'{0x0000000092afe818}> (0x0000000092afe818) thrown at [./src/hotspot/share/prims/jni.cpp, line 615]
Event: 11330.338 Thread 0x00000212134ef800 Exception <a 'sun/nio/fs/WindowsException'{0x00000000929c71f0}> (0x00000000929c71f0) thrown at [./src/hotspot/share/prims/jni.cpp, line 615]
Event: 11330.338 Thread 0x00000212134ef800 Exception <a 'sun/nio/fs/WindowsException'{0x00000000929c7370}> (0x00000000929c7370) thrown at [./src/hotspot/share/prims/jni.cpp, line 615]
Event: 11330.341 Thread 0x00000212134ef800 Exception <a 'sun/nio/fs/WindowsException'{0x00000000929fc4f8}> (0x00000000929fc4f8) thrown at [./src/hotspot/share/prims/jni.cpp, line 615]
Event: 11330.341 Thread 0x00000212134ef800 Exception <a 'sun/nio/fs/WindowsException'{0x00000000929fc690}> (0x00000000929fc690) thrown at [./src/hotspot/share/prims/jni.cpp, line 615]
Event: 11330.426 Thread 0x00000212134ef800 Exception <a 'sun/nio/fs/WindowsException'{0x000000009270b530}> (0x000000009270b530) thrown at [./src/hotspot/share/prims/jni.cpp, line 615]
Event: 11330.426 Thread 0x00000212134ef800 Exception <a 'sun/nio/fs/WindowsException'{0x000000009270b698}> (0x000000009270b698) thrown at [./src/hotspot/share/prims/jni.cpp, line 615]
Event: 11330.446 Thread 0x00000212134ef800 Exception <a 'sun/nio/fs/WindowsException'{0x000000009277be68}> (0x000000009277be68) thrown at [./src/hotspot/share/prims/jni.cpp, line 615]
Event: 11330.446 Thread 0x00000212134ef800 Exception <a 'sun/nio/fs/WindowsException'{0x000000009277bfd0}> (0x000000009277bfd0) thrown at [./src/hotspot/share/prims/jni.cpp, line 615]
Event: 11330.531 Thread 0x00000212134ef800 Exception <a 'sun/nio/fs/WindowsException'{0x0000000092408b70}> (0x0000000092408b70) thrown at [./src/hotspot/share/prims/jni.cpp, line 615]
Event: 11330.531 Thread 0x00000212134ef800 Exception <a 'sun/nio/fs/WindowsException'{0x0000000092408ce8}> (0x0000000092408ce8) thrown at [./src/hotspot/share/prims/jni.cpp, line 615]
Event: 11330.539 Thread 0x00000212134ef800 Exception <a 'sun/nio/fs/WindowsException'{0x00000000924605f8}> (0x00000000924605f8) thrown at [./src/hotspot/share/prims/jni.cpp, line 615]
Event: 11330.543 Thread 0x00000212134ef800 Exception <a 'sun/nio/fs/WindowsException'{0x000000009247aaa0}> (0x000000009247aaa0) thrown at [./src/hotspot/share/prims/jni.cpp, line 615]
Event: 11330.548 Thread 0x00000212134ef800 Exception <a 'sun/nio/fs/WindowsException'{0x000000009248ff70}> (0x000000009248ff70) thrown at [./src/hotspot/share/prims/jni.cpp, line 615]

Events (20 events):
Event: 11329.563 loading class com/bumptech/glide/repackaged/com/google/common/collect/RegularImmutableSet done
Event: 11329.599 loading class com/bumptech/glide/repackaged/com/google/common/collect/ObjectArrays
Event: 11329.599 loading class com/bumptech/glide/repackaged/com/google/common/collect/ObjectArrays done
Event: 11329.601 loading class com/bumptech/glide/repackaged/com/google/common/collect/Hashing
Event: 11329.601 loading class com/bumptech/glide/repackaged/com/google/common/collect/Hashing done
Event: 11329.606 loading class com/bumptech/glide/annotation/compiler/ExtensionProcessor
Event: 11329.606 loading class com/bumptech/glide/annotation/compiler/ExtensionProcessor done
Event: 11329.609 loading class com/bumptech/glide/annotation/compiler/GlideExtensionValidator
Event: 11329.609 loading class com/bumptech/glide/annotation/compiler/GlideExtensionValidator done
Event: 11329.617 loading class com/bumptech/glide/annotation/GlideModule
Event: 11329.617 loading class com/bumptech/glide/annotation/GlideModule done
Event: 11329.622 loading class com/bumptech/glide/annotation/GlideExtension
Event: 11329.622 loading class com/bumptech/glide/annotation/GlideExtension done
Event: 11329.670 Executing VM operation: G1CollectForAllocation
Event: 11330.161 Executing VM operation: G1CollectForAllocation done
Event: 11330.368 Executing VM operation: ICBufferFull
Event: 11330.391 Executing VM operation: ICBufferFull done
Event: 11330.495 Executing VM operation: ICBufferFull
Event: 11330.495 Executing VM operation: ICBufferFull done
Event: 11330.949 Executing VM operation: G1CollectForAllocation


Dynamic libraries:
0x00007ff64c980000 - 0x00007ff64c98a000 	C:\Program Files\Android\Android Studio\jre\bin\java.exe
0x00007ffeb12b0000 - 0x00007ffeb14a8000 	C:\WINDOWS\SYSTEM32\ntdll.dll
0x00007ffeb0930000 - 0x00007ffeb09ef000 	C:\WINDOWS\System32\KERNEL32.DLL
0x00007ffeaef10000 - 0x00007ffeaf1e2000 	C:\WINDOWS\System32\KERNELBASE.dll
0x00007ffeaf1f0000 - 0x00007ffeaf2f0000 	C:\WINDOWS\System32\ucrtbase.dll
0x00007ffea5c90000 - 0x00007ffea5ca9000 	C:\Program Files\Android\Android Studio\jre\bin\jli.dll
0x00007ffea7dc0000 - 0x00007ffea7dd7000 	C:\Program Files\Android\Android Studio\jre\bin\VCRUNTIME140.dll
0x00007ffeafec0000 - 0x00007ffeb0061000 	C:\WINDOWS\System32\USER32.dll
0x00007ffea0ec0000 - 0x00007ffea115a000 	C:\WINDOWS\WinSxS\amd64_microsoft.windows.common-controls_6595b64144ccf1df_6.0.19041.1110_none_60b5254171f9507e\COMCTL32.dll
0x00007ffeaee20000 - 0x00007ffeaee42000 	C:\WINDOWS\System32\win32u.dll
0x00007ffeb1020000 - 0x00007ffeb10be000 	C:\WINDOWS\System32\msvcrt.dll
0x00007ffeaf410000 - 0x00007ffeaf43b000 	C:\WINDOWS\System32\GDI32.dll
0x00007ffeae9a0000 - 0x00007ffeaeaaf000 	C:\WINDOWS\System32\gdi32full.dll
0x00007ffeaeab0000 - 0x00007ffeaeb4d000 	C:\WINDOWS\System32\msvcp_win.dll
0x00007ffeaf3d0000 - 0x00007ffeaf402000 	C:\WINDOWS\System32\IMM32.DLL
0x00007ffe8fc40000 - 0x00007ffe8fcdd000 	C:\Program Files\Android\Android Studio\jre\bin\msvcp140.dll
0x00007ffe6b630000 - 0x00007ffe6c115000 	C:\Program Files\Android\Android Studio\jre\bin\server\jvm.dll
0x00007ffeb0cb0000 - 0x00007ffeb0d5e000 	C:\WINDOWS\System32\ADVAPI32.dll
0x00007ffeb0140000 - 0x00007ffeb01dc000 	C:\WINDOWS\System32\sechost.dll
0x00007ffeafd90000 - 0x00007ffeafeb5000 	C:\WINDOWS\System32\RPCRT4.dll
0x00007ffeb0d60000 - 0x00007ffeb0d68000 	C:\WINDOWS\System32\PSAPI.DLL
0x00007ffeaa2b0000 - 0x00007ffeaa2b9000 	C:\WINDOWS\SYSTEM32\WSOCK32.dll
0x00007ffea1220000 - 0x00007ffea1247000 	C:\WINDOWS\SYSTEM32\WINMM.dll
0x00007ffead0f0000 - 0x00007ffead0fa000 	C:\WINDOWS\SYSTEM32\VERSION.dll
0x00007ffeb0070000 - 0x00007ffeb00db000 	C:\WINDOWS\System32\WS2_32.dll
0x00007ffead5e0000 - 0x00007ffead5f2000 	C:\WINDOWS\SYSTEM32\kernel.appcore.dll
0x00007ffe9f900000 - 0x00007ffe9f911000 	C:\Program Files\Android\Android Studio\jre\bin\verify.dll
0x00007ffea7020000 - 0x00007ffea7204000 	C:\WINDOWS\SYSTEM32\DBGHELP.DLL
0x00007ffea6b20000 - 0x00007ffea6b55000 	C:\WINDOWS\SYSTEM32\dbgcore.DLL
0x00007ffeaed90000 - 0x00007ffeaee12000 	C:\WINDOWS\System32\bcryptPrimitives.dll
0x00007ffe9c070000 - 0x00007ffe9c099000 	C:\Program Files\Android\Android Studio\jre\bin\java.dll
0x00007ffea8120000 - 0x00007ffea812b000 	C:\Program Files\Android\Android Studio\jre\bin\jimage.dll
0x00007ffe9f0a0000 - 0x00007ffe9f0b8000 	C:\Program Files\Android\Android Studio\jre\bin\zip.dll
0x00007ffeb01e0000 - 0x00007ffeb0925000 	C:\WINDOWS\System32\SHELL32.dll
0x00007ffeac940000 - 0x00007ffead0d2000 	C:\WINDOWS\SYSTEM32\windows.storage.dll
0x00007ffeafa30000 - 0x00007ffeafd85000 	C:\WINDOWS\System32\combase.dll
0x00007ffeae320000 - 0x00007ffeae350000 	C:\WINDOWS\SYSTEM32\Wldp.dll
0x00007ffeb0f70000 - 0x00007ffeb101d000 	C:\WINDOWS\System32\SHCORE.dll
0x00007ffeb0c50000 - 0x00007ffeb0ca5000 	C:\WINDOWS\System32\shlwapi.dll
0x00007ffeae8e0000 - 0x00007ffeae8ff000 	C:\WINDOWS\SYSTEM32\profapi.dll
0x00007ffe9bf90000 - 0x00007ffe9bfaa000 	C:\Program Files\Android\Android Studio\jre\bin\net.dll
0x00007ffea8240000 - 0x00007ffea834c000 	C:\WINDOWS\SYSTEM32\WINHTTP.dll
0x00007ffeae080000 - 0x00007ffeae0ea000 	C:\WINDOWS\system32\mswsock.dll
0x00007ffe9bb80000 - 0x00007ffe9bb94000 	C:\Program Files\Android\Android Studio\jre\bin\nio.dll
0x00007ffe98450000 - 0x00007ffe98477000 	C:\Users\Dr. Pop Candy\.gradle\native\e1d6ef7f7dcc3fd88c89a11ec53ec762bb8ba0a96d01ffa2cd45eb1d1d8dd5c5\windows-amd64\native-platform.dll
0x00007ffe81d00000 - 0x00007ffe81e44000 	C:\Users\Dr. Pop Candy\.gradle\native\5664cfc778a61ccfe75a443a1ab52a65af34e5dc3c78e0209fed803814484fcb\windows-amd64\native-platform-file-events.dll
0x00007ffea5ec0000 - 0x00007ffea5eca000 	C:\Program Files\Android\Android Studio\jre\bin\management.dll
0x00007ffea5030000 - 0x00007ffea503d000 	C:\Program Files\Android\Android Studio\jre\bin\management_ext.dll
0x00007ffeae280000 - 0x00007ffeae298000 	C:\WINDOWS\SYSTEM32\CRYPTSP.dll
0x00007ffead9a0000 - 0x00007ffead9d4000 	C:\WINDOWS\system32\rsaenh.dll
0x00007ffeaeb50000 - 0x00007ffeaeb77000 	C:\WINDOWS\System32\bcrypt.dll
0x00007ffeae860000 - 0x00007ffeae88e000 	C:\WINDOWS\SYSTEM32\USERENV.dll
0x00007ffeae270000 - 0x00007ffeae27c000 	C:\WINDOWS\SYSTEM32\CRYPTBASE.dll
0x00007ffeadd70000 - 0x00007ffeaddab000 	C:\WINDOWS\SYSTEM32\IPHLPAPI.DLL
0x00007ffeaf4d0000 - 0x00007ffeaf4d8000 	C:\WINDOWS\System32\NSI.dll
0x00007ffea9130000 - 0x00007ffea9147000 	C:\WINDOWS\SYSTEM32\dhcpcsvc6.DLL
0x00007ffea90f0000 - 0x00007ffea910d000 	C:\WINDOWS\SYSTEM32\dhcpcsvc.DLL
0x00007ffeaddb0000 - 0x00007ffeade7b000 	C:\WINDOWS\SYSTEM32\DNSAPI.dll
0x00007ffea7df0000 - 0x00007ffea7e17000 	C:\Program Files\Android\Android Studio\jre\bin\sunec.dll

dbghelp: loaded successfully - version: 4.0.5 - missing functions: none
symbol engine: initialized successfully - sym options: 0x614 - pdb path: .;C:\Program Files\Android\Android Studio\jre\bin;C:\WINDOWS\SYSTEM32;C:\WINDOWS\WinSxS\amd64_microsoft.windows.common-controls_6595b64144ccf1df_6.0.19041.1110_none_60b5254171f9507e;C:\Program Files\Android\Android Studio\jre\bin\server;C:\Users\Dr. Pop Candy\.gradle\native\e1d6ef7f7dcc3fd88c89a11ec53ec762bb8ba0a96d01ffa2cd45eb1d1d8dd5c5\windows-amd64;C:\Users\Dr. Pop Candy\.gradle\native\5664cfc778a61ccfe75a443a1ab52a65af34e5dc3c78e0209fed803814484fcb\windows-amd64

VM Arguments:
jvm_args: --add-opens=java.base/java.util=ALL-UNNAMED --add-opens=java.base/java.lang=ALL-UNNAMED --add-opens=java.base/java.lang.invoke=ALL-UNNAMED --add-opens=java.base/java.util=ALL-UNNAMED --add-opens=java.prefs/java.util.prefs=ALL-UNNAMED --add-opens=java.prefs/java.util.prefs=ALL-UNNAMED --add-opens=java.base/java.nio.charset=ALL-UNNAMED --add-opens=java.base/java.net=ALL-UNNAMED --add-opens=java.base/java.util.concurrent.atomic=ALL-UNNAMED -Xmx2048m -Dfile.encoding=UTF-8 -Duser.country=US -Duser.language=en -Duser.variant 
java_command: org.gradle.launcher.daemon.bootstrap.GradleDaemon 7.3.3
java_class_path (initial): C:\Users\Dr. Pop Candy\.gradle\wrapper\dists\gradle-7.3.3-bin\6a41zxkdtcxs8rphpq6y0069z\gradle-7.3.3\lib\gradle-launcher-7.3.3.jar
Launcher Type: SUN_STANDARD

[Global flags]
     intx CICompilerCount                          = 3                                         {product} {ergonomic}
     uint ConcGCThreads                            = 1                                         {product} {ergonomic}
     uint G1ConcRefinementThreads                  = 4                                         {product} {ergonomic}
   size_t G1HeapRegionSize                         = 1048576                                   {product} {ergonomic}
    uintx GCDrainStackTargetSize                   = 64                                        {product} {ergonomic}
   size_t InitialHeapSize                          = 134217728                                 {product} {ergonomic}
   size_t MarkStackSize                            = 4194304                                   {product} {ergonomic}
   size_t MaxHeapSize                              = 2147483648                                {product} {command line}
   size_t MaxNewSize                               = 1287651328                                {product} {ergonomic}
   size_t MinHeapDeltaBytes                        = 1048576                                   {product} {ergonomic}
    uintx NonNMethodCodeHeapSize                   = 5830732                                {pd product} {ergonomic}
    uintx NonProfiledCodeHeapSize                  = 122913754                              {pd product} {ergonomic}
    uintx ProfiledCodeHeapSize                     = 122913754                              {pd product} {ergonomic}
    uintx ReservedCodeCacheSize                    = 251658240                              {pd product} {ergonomic}
     bool SegmentedCodeCache                       = true                                      {product} {ergonomic}
     bool UseCompressedClassPointers               = true                                 {lp64_product} {ergonomic}
     bool UseCompressedOops                        = true                                 {lp64_product} {ergonomic}
     bool UseG1GC                                  = true                                      {product} {ergonomic}
     bool UseLargePagesIndividualAllocation        = false                                  {pd product} {ergonomic}

Logging:
Log output configuration:
 #0: stdout all=warning uptime,level,tags
 #1: stderr all=off uptime,level,tags

Environment Variables:
PATH=C:\Python311\Scripts\;C:\Python311\;C:\Python310\Scripts\;C:\Python310\;C:\WINDOWS\system32;C:\WINDOWS;C:\WINDOWS\System32\Wbem;C:\WINDOWS\System32\WindowsPowerShell\v1.0\;C:\WINDOWS\System32\OpenSSH\;C:\Program Files\Git\cmd;C:\ProgramData\chocolatey\bin;C:\Program Files\nodejs\;C:\Users\Dr. Pop Candy\AppData\Local\Microsoft\WindowsApps;;C:\Users\Dr. Pop Candy\AppData\Local\Programs\Microsoft VS Code\bin;C:\Users\Dr. Pop Candy\AppData\Roaming\npm
USERNAME=Dr. Pop Candy
OS=Windows_NT
PROCESSOR_IDENTIFIER=Intel64 Family 6 Model 42 Stepping 7, GenuineIntel



---------------  S Y S T E M  ---------------

OS: Windows 10 , 64 bit Build 19041 (10.0.19041.2546)
OS uptime: 12 days 22:59 hours

CPU:total 4 (initial active 4) (2 cores per cpu, 2 threads per core) family 6 model 42 stepping 7 microcode 0x2f, cmov, cx8, fxsr, mmx, sse, sse2, sse3, ssse3, sse4.1, sse4.2, popcnt, avx, aes, clmul, ht, tsc, tscinvbit

Memory: 4k page, system-wide physical 8142M (333M free)
TotalPageFile size 21032M (AvailPageFile size 234M)
current process WorkingSet (physical memory assigned to process): 414M, peak: 583M
current process commit charge ("private bytes"): 680M, peak: 944M

vm_info: OpenJDK 64-Bit Server VM (11.0.12+7-b1504.28-7817840) for windows-amd64 JRE (11.0.12+7-b1504.28-7817840), built on Oct 13 2021 22:12:33 by "builder" with MS VC++ 14.0 (VS2015)

END.
