#
# There is insufficient memory for the Java Runtime Environment to continue.
# Native memory allocation (mmap) failed to map 119537664 bytes for Failed to commit area from 0x000000008aa00000 to 0x0000000091c00000 of length 119537664.
# Possible reasons:
#   The system is out of physical RAM or swap space
#   The process is running with CompressedOops enabled, and the Java Heap may be blocking the growth of the native heap
# Possible solutions:
#   Reduce memory load on the system
#   Increase physical memory or swap space
#   Check if swap backing stores is full
#   Decrease Java heap size (-Xmx/-Xms)
#   Decrease number of Java threads
#   Decrease Java thread stack sizes (-Xss)
#   Set larger code cache with -XX:ReservedCodeCacheSize=
#   JVM is running with Unscaled Compressed Oops mode in which the Java heap is
#     placed in the first 4GB address space. The Java Heap base address is the
#     maximum limit for the native heap growth. Please use -XX:HeapBaseMinAddress
#     to set the Java Heap base and to place the Java Heap above 4GB virtual address.
# This output file may be truncated or incomplete.
#
#  Out of Memory Error (./src/hotspot/os/windows/os_windows.cpp:3521), pid=17252, tid=11156
#
# JRE version: OpenJDK Runtime Environment (11.0.12+7) (build 11.0.12+7-b1504.28-7817840)
# Java VM: OpenJDK 64-Bit Server VM (11.0.12+7-b1504.28-7817840, mixed mode, tiered, compressed oops, g1 gc, windows-amd64)
# No core dump will be written. Minidumps are not enabled by default on client versions of Windows
#

---------------  S U M M A R Y ------------

Command Line: --add-opens=java.base/java.util=ALL-UNNAMED --add-opens=java.base/java.lang=ALL-UNNAMED --add-opens=java.base/java.lang.invoke=ALL-UNNAMED --add-opens=java.base/java.util=ALL-UNNAMED --add-opens=java.prefs/java.util.prefs=ALL-UNNAMED --add-opens=java.prefs/java.util.prefs=ALL-UNNAMED --add-opens=java.base/java.nio.charset=ALL-UNNAMED --add-opens=java.base/java.net=ALL-UNNAMED --add-opens=java.base/java.util.concurrent.atomic=ALL-UNNAMED -Xmx2048m -Dfile.encoding=UTF-8 -Duser.country=US -Duser.language=en -Duser.variant org.gradle.launcher.daemon.bootstrap.GradleDaemon 7.3.3

Host: Intel(R) Core(TM) i5-2520M CPU @ 2.50GHz, 4 cores, 7G,  Windows 10 , 64 bit Build 19041 (10.0.19041.2364)
Time: Tue Feb 21 15:37:53 2023 E. Africa Standard Time elapsed time: 80.059005 seconds (0d 0h 1m 20s)

---------------  T H R E A D  ---------------

Current thread (0x0000015cb0469800):  VMThread "VM Thread" [stack: 0x0000002dfab00000,0x0000002dfac00000] [id=11156]

Stack: [0x0000002dfab00000,0x0000002dfac00000]
[error occurred during error reporting (printing stack bounds), id 0xc0000005, EXCEPTION_ACCESS_VIOLATION (0xc0000005) at pc=0x0000015c9a39112d]

Native frames: (J=compiled Java code, j=interpreted, Vv=VM code, C=native code)
V  [jvm.dll+0x5fbcea]
V  [jvm.dll+0x731905]
V  [jvm.dll+0x732f1d]
V  [jvm.dll+0x733535]
V  [jvm.dll+0x7334eb]
V  [jvm.dll+0x5fb080]
V  [jvm.dll+0x5fb818]
C  [ntdll.dll+0xa241f]
C  [ntdll.dll+0x514a4]
C  [ntdll.dll+0xa0f4e]
C  0x0000015c9a39112d

VM_Operation (0x0000002d807fd3b0): G1CollectForAllocation, mode: safepoint, requested by thread 0x0000015cb3a95800


---------------  P R O C E S S  ---------------

Threads class SMR info:
_java_thread_list=0x0000015cb642e580, length=87, elements={
0x0000015c9687f000, 0x0000015cb046b800, 0x0000015cb0471000, 0x0000015cb0489000,
0x0000015cb048a000, 0x0000015cb048c000, 0x0000015cb048f000, 0x0000015cb049d800,
0x0000015cb04a1000, 0x0000015cb0f5c800, 0x0000015cb2c0f800, 0x0000015cb21de800,
0x0000015cb24da800, 0x0000015cb1eb2000, 0x0000015cb24fc800, 0x0000015cb2d11000,
0x0000015cb2bbe800, 0x0000015cb1e64000, 0x0000015cb2d23800, 0x0000015cb2d1d800,
0x0000015cb2d21000, 0x0000015cb2d22000, 0x0000015cb2d24800, 0x0000015cb2d22800,
0x0000015cb2d1e800, 0x0000015cb2d1f800, 0x0000015cb2d20000, 0x0000015cb3af3000,
0x0000015cb3af5800, 0x0000015cb3af4800, 0x0000015cb3af7000, 0x0000015cb3af8000,
0x0000015cb3af2000, 0x0000015cb3af8800, 0x0000015cb3af9800, 0x0000015cb3af4000,
0x0000015cb3afc000, 0x0000015cb3afd000, 0x0000015cb3afb000, 0x0000015cb3afe800,
0x0000015cb3afd800, 0x0000015cb3aff800, 0x0000015cb3b00000, 0x0000015cb3afa800,
0x0000015cb2592000, 0x0000015cb2593000, 0x0000015cb2590800, 0x0000015cb2591000,
0x0000015cb2593800, 0x0000015cb2594800, 0x0000015cb258f800, 0x0000015cb258e800,
0x0000015cb2595000, 0x0000015cb2597000, 0x0000015cb259b000, 0x0000015cb2597800,
0x0000015cb2598800, 0x0000015cb259c000, 0x0000015cb2599800, 0x0000015cb259a000,
0x0000015cb2596000, 0x0000015cb259c800, 0x0000015cb259d800, 0x0000015cb521c000,
0x0000015cb521d000, 0x0000015cb521b000, 0x0000015cb521a800, 0x0000015cb521d800,
0x0000015cb521e800, 0x0000015cb5218800, 0x0000015cb521f800, 0x0000015cb5219800,
0x0000015cb5221000, 0x0000015cb5225000, 0x0000015cb5220000, 0x0000015cb5226800,
0x0000015cb5227800, 0x0000015cb5221800, 0x0000015cb5222800, 0x0000015cb5223800,
0x0000015cb5224000, 0x0000015cb3a94800, 0x0000015cb3a91000, 0x0000015cb3a90800,
0x0000015cb3a92000, 0x0000015cb3a95800, 0x0000015cb3a96000
}

Java Threads: ( => current thread )
  0x0000015c9687f000 JavaThread "main" [_thread_blocked, id=4144, stack(0x0000002dfa500000,0x0000002dfa600000)]
  0x0000015cb046b800 JavaThread "Reference Handler" daemon [_thread_blocked, id=10744, stack(0x0000002dfac00000,0x0000002dfad00000)]
  0x0000015cb0471000 JavaThread "Finalizer" daemon [_thread_blocked, id=10268, stack(0x0000002dfad00000,0x0000002dfae00000)]
  0x0000015cb0489000 JavaThread "Signal Dispatcher" daemon [_thread_blocked, id=7428, stack(0x0000002dfae00000,0x0000002dfaf00000)]
  0x0000015cb048a000 JavaThread "Attach Listener" daemon [_thread_blocked, id=348, stack(0x0000002dfaf00000,0x0000002dfb000000)]
  0x0000015cb048c000 JavaThread "Service Thread" daemon [_thread_blocked, id=13988, stack(0x0000002dfb000000,0x0000002dfb100000)]
  0x0000015cb048f000 JavaThread "C2 CompilerThread0" daemon [_thread_blocked, id=15528, stack(0x0000002dfb100000,0x0000002dfb200000)]
  0x0000015cb049d800 JavaThread "C1 CompilerThread0" daemon [_thread_blocked, id=8380, stack(0x0000002dfb200000,0x0000002dfb300000)]
  0x0000015cb04a1000 JavaThread "Sweeper thread" daemon [_thread_blocked, id=11700, stack(0x0000002dfb300000,0x0000002dfb400000)]
  0x0000015cb0f5c800 JavaThread "Common-Cleaner" daemon [_thread_blocked, id=14240, stack(0x0000002dfb400000,0x0000002dfb500000)]
  0x0000015cb2c0f800 JavaThread "Daemon health stats" [_thread_blocked, id=9304, stack(0x0000002dfb600000,0x0000002dfb700000)]
  0x0000015cb21de800 JavaThread "Incoming local TCP Connector on port 65173" [_thread_in_native, id=13708, stack(0x0000002dfb900000,0x0000002dfba00000)]
  0x0000015cb24da800 JavaThread "Daemon periodic checks" [_thread_blocked, id=11004, stack(0x0000002dfba00000,0x0000002dfbb00000)]
  0x0000015cb1eb2000 JavaThread "Daemon" [_thread_blocked, id=10552, stack(0x0000002dfbb00000,0x0000002dfbc00000)]
  0x0000015cb24fc800 JavaThread "Handler for socket connection from /127.0.0.1:65173 to /127.0.0.1:65174" [_thread_in_native, id=7312, stack(0x0000002dfbc00000,0x0000002dfbd00000)]
  0x0000015cb2d11000 JavaThread "Cancel handler" [_thread_blocked, id=15408, stack(0x0000002dfbd00000,0x0000002dfbe00000)]
  0x0000015cb2bbe800 JavaThread "Daemon worker" [_thread_blocked, id=14088, stack(0x0000002dfbe00000,0x0000002dfbf00000)]
  0x0000015cb1e64000 JavaThread "Asynchronous log dispatcher for DefaultDaemonConnection: socket connection from /127.0.0.1:65173 to /127.0.0.1:65174" [_thread_blocked, id=2244, stack(0x0000002dfc000000,0x0000002dfc100000)]
  0x0000015cb2d23800 JavaThread "Daemon client event forwarder" [_thread_blocked, id=4824, stack(0x0000002dfc200000,0x0000002dfc300000)]
  0x0000015cb2d1d800 JavaThread "Cache worker for journal cache (C:\Users\Dr. Pop Candy\.gradle\caches\journal-1)" [_thread_blocked, id=17020, stack(0x0000002dfc400000,0x0000002dfc500000)]
  0x0000015cb2d21000 JavaThread "File lock request listener" [_thread_in_native, id=2520, stack(0x0000002dfc500000,0x0000002dfc600000)]
  0x0000015cb2d22000 JavaThread "Cache worker for file hash cache (C:\Users\Dr. Pop Candy\.gradle\caches\7.3.3\fileHashes)" [_thread_blocked, id=16628, stack(0x0000002dfc600000,0x0000002dfc700000)]
  0x0000015cb2d24800 JavaThread "Cache worker for file hash cache (C:\Users\Dr. Pop Candy\AndroidStudioProjects\OlyxAdmin\.gradle\7.3.3\fileHashes)" [_thread_blocked, id=13556, stack(0x0000002dfc700000,0x0000002dfc800000)]
  0x0000015cb2d22800 JavaThread "File watcher server" daemon [_thread_blocked, id=5996, stack(0x0000002dfc800000,0x0000002dfc900000)]
  0x0000015cb2d1e800 JavaThread "File watcher consumer" daemon [_thread_blocked, id=16360, stack(0x0000002dfc900000,0x0000002dfca00000)]
  0x0000015cb2d1f800 JavaThread "Cache worker for checksums cache (C:\Users\Dr. Pop Candy\AndroidStudioProjects\OlyxAdmin\.gradle\7.3.3\checksums)" [_thread_blocked, id=11196, stack(0x0000002dfbf00000,0x0000002dfc000000)]
  0x0000015cb2d20000 JavaThread "Cache worker for cache directory md-supplier (C:\Users\Dr. Pop Candy\.gradle\caches\7.3.3\md-supplier)" [_thread_blocked, id=5376, stack(0x0000002dfca00000,0x0000002dfcb00000)]
  0x0000015cb3af3000 JavaThread "Cache worker for cache directory md-rule (C:\Users\Dr. Pop Candy\.gradle\caches\7.3.3\md-rule)" [_thread_blocked, id=6468, stack(0x0000002dfcc00000,0x0000002dfcd00000)]
  0x0000015cb3af5800 JavaThread "Cache worker for execution history cache (C:\Users\Dr. Pop Candy\.gradle\caches\7.3.3\executionHistory)" [_thread_blocked, id=16868, stack(0x0000002dfcd00000,0x0000002dfce00000)]
  0x0000015cb3af4800 JavaThread "jar transforms" [_thread_blocked, id=16656, stack(0x0000002dfcb00000,0x0000002dfcc00000)]
  0x0000015cb3af7000 JavaThread "Cache worker for file content cache (C:\Users\Dr. Pop Candy\.gradle\caches\7.3.3\fileContent)" [_thread_blocked, id=7384, stack(0x0000002dfce00000,0x0000002dfcf00000)]
  0x0000015cb3af8000 JavaThread "jar transforms Thread 2" [_thread_blocked, id=11812, stack(0x0000002dfcf00000,0x0000002dfd000000)]
  0x0000015cb3af2000 JavaThread "Cache worker for dependencies-accessors (C:\Users\Dr. Pop Candy\AndroidStudioProjects\OlyxAdmin\.gradle\7.3.3\dependencies-accessors)" [_thread_blocked, id=11712, stack(0x0000002dfd000000,0x0000002dfd100000)]
  0x0000015cb3af8800 JavaThread "jar transforms Thread 3" [_thread_blocked, id=12236, stack(0x0000002dfd100000,0x0000002dfd200000)]
  0x0000015cb3af9800 JavaThread "Cache worker for Build Output Cleanup Cache (C:\Users\Dr. Pop Candy\AndroidStudioProjects\OlyxAdmin\.gradle\buildOutputCleanup)" [_thread_blocked, id=7480, stack(0x0000002dfd200000,0x0000002dfd300000)]
  0x0000015cb3af4000 JavaThread "Unconstrained build operations" [_thread_blocked, id=10768, stack(0x0000002dfd300000,0x0000002dfd400000)]
  0x0000015cb3afc000 JavaThread "Unconstrained build operations Thread 2" [_thread_blocked, id=14640, stack(0x0000002dfd400000,0x0000002dfd500000)]
  0x0000015cb3afd000 JavaThread "Unconstrained build operations Thread 3" [_thread_blocked, id=14856, stack(0x0000002dfd500000,0x0000002dfd600000)]
  0x0000015cb3afb000 JavaThread "Unconstrained build operations Thread 4" [_thread_blocked, id=10992, stack(0x0000002dfd600000,0x0000002dfd700000)]
  0x0000015cb3afe800 JavaThread "Unconstrained build operations Thread 5" [_thread_blocked, id=16232, stack(0x0000002dfd700000,0x0000002dfd800000)]
  0x0000015cb3afd800 JavaThread "Unconstrained build operations Thread 6" [_thread_blocked, id=10252, stack(0x0000002dfd800000,0x0000002dfd900000)]
  0x0000015cb3aff800 JavaThread "Unconstrained build operations Thread 7" [_thread_blocked, id=9492, stack(0x0000002dfd900000,0x0000002dfda00000)]
  0x0000015cb3b00000 JavaThread "Unconstrained build operations Thread 8" [_thread_blocked, id=7416, stack(0x0000002dfda00000,0x0000002dfdb00000)]
  0x0000015cb3afa800 JavaThread "Unconstrained build operations Thread 9" [_thread_blocked, id=10500, stack(0x0000002dfdb00000,0x0000002dfdc00000)]
  0x0000015cb2592000 JavaThread "Unconstrained build operations Thread 10" [_thread_blocked, id=17332, stack(0x0000002dfdc00000,0x0000002dfdd00000)]
  0x0000015cb2593000 JavaThread "Unconstrained build operations Thread 11" [_thread_blocked, id=3244, stack(0x0000002dfdd00000,0x0000002dfde00000)]
  0x0000015cb2590800 JavaThread "Unconstrained build operations Thread 12" [_thread_blocked, id=11732, stack(0x0000002dfde00000,0x0000002dfdf00000)]
  0x0000015cb2591000 JavaThread "Unconstrained build operations Thread 13" [_thread_blocked, id=368, stack(0x0000002dfdf00000,0x0000002dfe000000)]
  0x0000015cb2593800 JavaThread "Unconstrained build operations Thread 14" [_thread_blocked, id=13608, stack(0x0000002dfe000000,0x0000002dfe100000)]
  0x0000015cb2594800 JavaThread "Unconstrained build operations Thread 15" [_thread_blocked, id=7816, stack(0x0000002dfe100000,0x0000002dfe200000)]
  0x0000015cb258f800 JavaThread "Unconstrained build operations Thread 16" [_thread_blocked, id=13372, stack(0x0000002dfe200000,0x0000002dfe300000)]
  0x0000015cb258e800 JavaThread "Unconstrained build operations Thread 17" [_thread_blocked, id=12244, stack(0x0000002dfe300000,0x0000002dfe400000)]
  0x0000015cb2595000 JavaThread "Unconstrained build operations Thread 18" [_thread_blocked, id=10956, stack(0x0000002dfe400000,0x0000002dfe500000)]
  0x0000015cb2597000 JavaThread "Unconstrained build operations Thread 19" [_thread_blocked, id=6192, stack(0x0000002dfe500000,0x0000002dfe600000)]
  0x0000015cb259b000 JavaThread "Unconstrained build operations Thread 20" [_thread_blocked, id=7340, stack(0x0000002dfe600000,0x0000002dfe700000)]
  0x0000015cb2597800 JavaThread "Unconstrained build operations Thread 21" [_thread_blocked, id=11608, stack(0x0000002dfe700000,0x0000002dfe800000)]
  0x0000015cb2598800 JavaThread "Unconstrained build operations Thread 22" [_thread_blocked, id=7532, stack(0x0000002dfe800000,0x0000002dfe900000)]
  0x0000015cb259c000 JavaThread "Unconstrained build operations Thread 23" [_thread_blocked, id=15304, stack(0x0000002dfe900000,0x0000002dfea00000)]
  0x0000015cb2599800 JavaThread "Unconstrained build operations Thread 24" [_thread_blocked, id=15816, stack(0x0000002dfea00000,0x0000002dfeb00000)]
  0x0000015cb259a000 JavaThread "Unconstrained build operations Thread 25" [_thread_blocked, id=16284, stack(0x0000002dfeb00000,0x0000002dfec00000)]
  0x0000015cb2596000 JavaThread "Unconstrained build operations Thread 26" [_thread_blocked, id=6752, stack(0x0000002dfec00000,0x0000002dfed00000)]
  0x0000015cb259c800 JavaThread "Unconstrained build operations Thread 27" [_thread_blocked, id=16760, stack(0x0000002dfed00000,0x0000002dfee00000)]
  0x0000015cb259d800 JavaThread "Unconstrained build operations Thread 28" [_thread_blocked, id=13980, stack(0x0000002dfee00000,0x0000002dfef00000)]
  0x0000015cb521c000 JavaThread "Unconstrained build operations Thread 29" [_thread_blocked, id=2096, stack(0x0000002dfef00000,0x0000002dff000000)]
  0x0000015cb521d000 JavaThread "Unconstrained build operations Thread 30" [_thread_blocked, id=3120, stack(0x0000002dff000000,0x0000002dff100000)]
  0x0000015cb521b000 JavaThread "Unconstrained build operations Thread 31" [_thread_blocked, id=4176, stack(0x0000002dff100000,0x0000002dff200000)]
  0x0000015cb521a800 JavaThread "Unconstrained build operations Thread 32" [_thread_blocked, id=2704, stack(0x0000002dff200000,0x0000002dff300000)]
  0x0000015cb521d800 JavaThread "Unconstrained build operations Thread 33" [_thread_blocked, id=17276, stack(0x0000002dff300000,0x0000002dff400000)]
  0x0000015cb521e800 JavaThread "Unconstrained build operations Thread 34" [_thread_blocked, id=5352, stack(0x0000002dff400000,0x0000002dff500000)]
  0x0000015cb5218800 JavaThread "Unconstrained build operations Thread 35" [_thread_blocked, id=9112, stack(0x0000002dff500000,0x0000002dff600000)]
  0x0000015cb521f800 JavaThread "Unconstrained build operations Thread 36" [_thread_blocked, id=13668, stack(0x0000002dff600000,0x0000002dff700000)]
  0x0000015cb5219800 JavaThread "Unconstrained build operations Thread 37" [_thread_blocked, id=17164, stack(0x0000002dff700000,0x0000002dff800000)]
  0x0000015cb5221000 JavaThread "Unconstrained build operations Thread 38" [_thread_blocked, id=10888, stack(0x0000002dff800000,0x0000002dff900000)]
  0x0000015cb5225000 JavaThread "Unconstrained build operations Thread 39" [_thread_blocked, id=416, stack(0x0000002dff900000,0x0000002dffa00000)]
  0x0000015cb5220000 JavaThread "Unconstrained build operations Thread 40" [_thread_blocked, id=3044, stack(0x0000002dffa00000,0x0000002dffb00000)]
  0x0000015cb5226800 JavaThread "jar transforms Thread 4" [_thread_blocked, id=1012, stack(0x0000002dffb00000,0x0000002dffc00000)]
  0x0000015cb5227800 JavaThread "Memory manager" [_thread_blocked, id=4680, stack(0x0000002dffc00000,0x0000002dffd00000)]
  0x0000015cb5221800 JavaThread "build event listener" [_thread_blocked, id=6500, stack(0x0000002dfff00000,0x0000002e00000000)]
  0x0000015cb5222800 JavaThread "pool-3-thread-1" [_thread_blocked, id=10164, stack(0x0000002d80000000,0x0000002d80100000)]
  0x0000015cb5223800 JavaThread "build event listener" [_thread_blocked, id=14008, stack(0x0000002d80100000,0x0000002d80200000)]
  0x0000015cb5224000 JavaThread "Execution worker for ':'" [_thread_blocked, id=6944, stack(0x0000002d80200000,0x0000002d80300000)]
  0x0000015cb3a94800 JavaThread "Execution worker for ':' Thread 2" [_thread_blocked, id=14708, stack(0x0000002d80300000,0x0000002d80400000)]
  0x0000015cb3a91000 JavaThread "Execution worker for ':' Thread 3" [_thread_blocked, id=15864, stack(0x0000002d80400000,0x0000002d80500000)]
  0x0000015cb3a90800 JavaThread "Cache worker for execution history cache (C:\Users\Dr. Pop Candy\AndroidStudioProjects\OlyxAdmin\.gradle\7.3.3\executionHistory)" [_thread_blocked, id=7372, stack(0x0000002d80500000,0x0000002d80600000)]
  0x0000015cb3a92000 JavaThread "WorkerExecutor Queue" [_thread_blocked, id=2208, stack(0x0000002d80600000,0x0000002d80700000)]
  0x0000015cb3a95800 JavaThread "WorkerExecutor Queue Thread 2" [_thread_blocked, id=6800, stack(0x0000002d80700000,0x0000002d80800000)]
  0x0000015cb3a96000 JavaThread "WorkerExecutor Queue Thread 3" [_thread_blocked, id=9020, stack(0x0000002d80800000,0x0000002d80900000)]

Other Threads:
=>0x0000015cb0469800 VMThread "VM Thread" [stack: 0x0000002dfab00000,0x0000002dfac00000] [id=11156]
  0x0000015cb0f81000 WatcherThread [stack: 0x0000002dfb500000,0x0000002dfb600000] [id=5536]
  0x0000015c96895000 GCTaskThread "GC Thread#0" [stack: 0x0000002dfa600000,0x0000002dfa700000] [id=10628]
  0x0000015cb1796800 GCTaskThread "GC Thread#1" [stack: 0x0000002dfb700000,0x0000002dfb800000] [id=15232]
  0x0000015cb11fb000 GCTaskThread "GC Thread#2" [stack: 0x0000002dfb800000,0x0000002dfb900000] [id=11288]
  0x0000015cb2dba800 GCTaskThread "GC Thread#3" [stack: 0x0000002dfc300000,0x0000002dfc400000] [id=12804]
  0x0000015c968c7800 ConcurrentGCThread "G1 Main Marker" [stack: 0x0000002dfa700000,0x0000002dfa800000] [id=9872]
  0x0000015c968c9800 ConcurrentGCThread "G1 Conc#0" [stack: 0x0000002dfa800000,0x0000002dfa900000] [id=9980]
  0x0000015c96957800 ConcurrentGCThread "G1 Refine#0" [stack: 0x0000002dfa900000,0x0000002dfaa00000] [id=1612]
  0x0000015c96958800 ConcurrentGCThread "G1 Young RemSet Sampling" [stack: 0x0000002dfaa00000,0x0000002dfab00000] [id=9644]

Threads with active compile tasks:
C2 CompilerThread0  80164 11543       4       com.android.tools.r8.internal.aA::a (290 bytes)

VM state:at safepoint (normal execution)

VM Mutex/Monitor currently owned by a thread:  ([mutex/lock_event])
[0x0000015c9687d5b0] Threads_lock - owner thread: 0x0000015cb0469800
[0x0000015c9687c8c0] Heap_lock - owner thread: 0x0000015cb3a95800

Heap address: 0x0000000080000000, size: 2048 MB, Compressed Oops mode: 32-bit
Narrow klass base: 0x0000000000000000, Narrow klass shift: 3
Compressed class space size: 1073741824 Address: 0x0000000100000000

Heap:
 garbage-first heap   total 290816K, used 165604K [0x0000000080000000, 0x0000000100000000)
  region size 1024K, 1 young (1024K), 1 survivors (1024K)
 Metaspace       used 90079K, capacity 92329K, committed 92544K, reserved 1130496K
  class space    used 11615K, capacity 12415K, committed 12416K, reserved 1048576K
Heap Regions: E=young(eden), S=young(survivor), O=old, HS=humongous(starts), HC=humongous(continues), CS=collection set, F=free, A=archive, TAMS=top-at-mark-start (previous, next)
|   0|0x0000000080000000, 0x0000000080100000, 0x0000000080100000|100%|HS|  |TAMS 0x0000000080100000, 0x0000000080000000| Complete 
|   1|0x0000000080100000, 0x0000000080200000, 0x0000000080200000|100%|HC|  |TAMS 0x0000000080200000, 0x0000000080100000| Complete 
|   2|0x0000000080200000, 0x0000000080300000, 0x0000000080300000|100%|HC|  |TAMS 0x0000000080300000, 0x0000000080200000| Complete 
|   3|0x0000000080300000, 0x0000000080400000, 0x0000000080400000|100%| O|  |TAMS 0x0000000080400000, 0x0000000080300000| Updating 
|   4|0x0000000080400000, 0x0000000080500000, 0x0000000080500000|100%| O|  |TAMS 0x0000000080500000, 0x0000000080400000| Updating 
|   5|0x0000000080500000, 0x0000000080600000, 0x0000000080600000|100%| O|  |TAMS 0x0000000080600000, 0x0000000080500000| Updating 
|   6|0x0000000080600000, 0x0000000080700000, 0x0000000080700000|100%| O|  |TAMS 0x0000000080700000, 0x0000000080600000| Updating 
|   7|0x0000000080700000, 0x0000000080800000, 0x0000000080800000|100%| O|  |TAMS 0x0000000080800000, 0x0000000080700000| Updating 
|   8|0x0000000080800000, 0x0000000080900000, 0x0000000080900000|100%| O|  |TAMS 0x0000000080900000, 0x0000000080800000| Updating 
|   9|0x0000000080900000, 0x0000000080a00000, 0x0000000080a00000|100%| O|  |TAMS 0x0000000080a00000, 0x0000000080900000| Updating 
|  10|0x0000000080a00000, 0x0000000080b00000, 0x0000000080b00000|100%| O|  |TAMS 0x0000000080b00000, 0x0000000080a00000| Updating 
|  11|0x0000000080b00000, 0x0000000080c00000, 0x0000000080c00000|100%| O|  |TAMS 0x0000000080c00000, 0x0000000080b00000| Updating 
|  12|0x0000000080c00000, 0x0000000080d00000, 0x0000000080d00000|100%| O|  |TAMS 0x0000000080d00000, 0x0000000080c00000| Updating 
|  13|0x0000000080d00000, 0x0000000080e00000, 0x0000000080e00000|100%| O|  |TAMS 0x0000000080e00000, 0x0000000080d00000| Updating 
|  14|0x0000000080e00000, 0x0000000080f00000, 0x0000000080f00000|100%| O|  |TAMS 0x0000000080f00000, 0x0000000080e00000| Updating 
|  15|0x0000000080f00000, 0x0000000081000000, 0x0000000081000000|100%| O|  |TAMS 0x0000000081000000, 0x0000000080f00000| Updating 
|  16|0x0000000081000000, 0x0000000081100000, 0x0000000081100000|100%|HS|  |TAMS 0x0000000081100000, 0x0000000081000000| Complete 
|  17|0x0000000081100000, 0x0000000081200000, 0x0000000081200000|100%| O|  |TAMS 0x0000000081200000, 0x0000000081100000| Updating 
|  18|0x0000000081200000, 0x0000000081300000, 0x0000000081300000|100%| O|  |TAMS 0x0000000081300000, 0x0000000081200000| Updating 
|  19|0x0000000081300000, 0x0000000081400000, 0x0000000081400000|100%| O|  |TAMS 0x0000000081400000, 0x0000000081300000| Updating 
|  20|0x0000000081400000, 0x0000000081500000, 0x0000000081500000|100%| O|  |TAMS 0x0000000081500000, 0x0000000081400000| Updating 
|  21|0x0000000081500000, 0x0000000081600000, 0x0000000081600000|100%| O|  |TAMS 0x0000000081600000, 0x0000000081500000| Updating 
|  22|0x0000000081600000, 0x0000000081700000, 0x0000000081700000|100%| O|  |TAMS 0x0000000081700000, 0x0000000081600000| Updating 
|  23|0x0000000081700000, 0x0000000081800000, 0x0000000081800000|100%| O|  |TAMS 0x0000000081800000, 0x0000000081700000| Updating 
|  24|0x0000000081800000, 0x0000000081900000, 0x0000000081900000|100%| O|  |TAMS 0x0000000081900000, 0x0000000081800000| Updating 
|  25|0x0000000081900000, 0x0000000081a00000, 0x0000000081a00000|100%| O|  |TAMS 0x0000000081a00000, 0x0000000081900000| Updating 
|  26|0x0000000081a00000, 0x0000000081b00000, 0x0000000081b00000|100%| O|  |TAMS 0x0000000081b00000, 0x0000000081a00000| Updating 
|  27|0x0000000081b00000, 0x0000000081c00000, 0x0000000081c00000|100%| O|  |TAMS 0x0000000081b00000, 0x0000000081b00000| Untracked 
|  28|0x0000000081c00000, 0x0000000081d00000, 0x0000000081d00000|100%|HS|  |TAMS 0x0000000081d00000, 0x0000000081c00000| Complete 
|  29|0x0000000081d00000, 0x0000000081e00000, 0x0000000081e00000|100%|HS|  |TAMS 0x0000000081e00000, 0x0000000081d00000| Complete 
|  30|0x0000000081e00000, 0x0000000081f00000, 0x0000000081f00000|100%|HC|  |TAMS 0x0000000081f00000, 0x0000000081e00000| Complete 
|  31|0x0000000081f00000, 0x0000000082000000, 0x0000000082000000|100%| O|  |TAMS 0x0000000082000000, 0x0000000081f00000| Updating 
|  32|0x0000000082000000, 0x0000000082100000, 0x0000000082100000|100%|HS|  |TAMS 0x0000000082100000, 0x0000000082000000| Complete 
|  33|0x0000000082100000, 0x0000000082200000, 0x0000000082200000|100%| O|  |TAMS 0x0000000082200000, 0x0000000082100000| Updating 
|  34|0x0000000082200000, 0x0000000082300000, 0x0000000082300000|100%| O|  |TAMS 0x0000000082300000, 0x0000000082200000| Updating 
|  35|0x0000000082300000, 0x0000000082400000, 0x0000000082400000|100%| O|  |TAMS 0x0000000082400000, 0x0000000082300000| Updating 
|  36|0x0000000082400000, 0x0000000082500000, 0x0000000082500000|100%| O|  |TAMS 0x0000000082500000, 0x0000000082400000| Updating 
|  37|0x0000000082500000, 0x0000000082600000, 0x0000000082600000|100%| O|  |TAMS 0x0000000082600000, 0x0000000082500000| Updating 
|  38|0x0000000082600000, 0x0000000082700000, 0x0000000082700000|100%| O|  |TAMS 0x0000000082700000, 0x0000000082600000| Updating 
|  39|0x0000000082700000, 0x0000000082800000, 0x0000000082800000|100%| O|  |TAMS 0x0000000082800000, 0x0000000082700000| Updating 
|  40|0x0000000082800000, 0x0000000082900000, 0x0000000082900000|100%| O|  |TAMS 0x0000000082900000, 0x0000000082800000| Updating 
|  41|0x0000000082900000, 0x0000000082a00000, 0x0000000082a00000|100%| O|  |TAMS 0x0000000082a00000, 0x0000000082900000| Updating 
|  42|0x0000000082a00000, 0x0000000082b00000, 0x0000000082b00000|100%| O|  |TAMS 0x0000000082b00000, 0x0000000082a00000| Updating 
|  43|0x0000000082b00000, 0x0000000082c00000, 0x0000000082c00000|100%| O|  |TAMS 0x0000000082c00000, 0x0000000082b00000| Updating 
|  44|0x0000000082c00000, 0x0000000082d00000, 0x0000000082d00000|100%| O|  |TAMS 0x0000000082c00000, 0x0000000082c00000| Untracked 
|  45|0x0000000082d00000, 0x0000000082e00000, 0x0000000082e00000|100%| O|  |TAMS 0x0000000082e00000, 0x0000000082d00000| Updating 
|  46|0x0000000082e00000, 0x0000000082f00000, 0x0000000082f00000|100%| O|  |TAMS 0x0000000082f00000, 0x0000000082e00000| Updating 
|  47|0x0000000082f00000, 0x0000000083000000, 0x0000000083000000|100%| O|  |TAMS 0x0000000083000000, 0x0000000082f00000| Updating 
|  48|0x0000000083000000, 0x0000000083100000, 0x0000000083100000|100%| O|  |TAMS 0x0000000083100000, 0x0000000083000000| Updating 
|  49|0x0000000083100000, 0x0000000083200000, 0x0000000083200000|100%| O|  |TAMS 0x0000000083200000, 0x0000000083100000| Updating 
|  50|0x0000000083200000, 0x0000000083300000, 0x0000000083300000|100%| O|  |TAMS 0x0000000083300000, 0x0000000083200000| Updating 
|  51|0x0000000083300000, 0x0000000083400000, 0x0000000083400000|100%| O|  |TAMS 0x0000000083400000, 0x0000000083300000| Updating 
|  52|0x0000000083400000, 0x0000000083500000, 0x0000000083500000|100%| O|  |TAMS 0x0000000083500000, 0x0000000083400000| Updating 
|  53|0x0000000083500000, 0x0000000083600000, 0x0000000083600000|100%| O|  |TAMS 0x0000000083600000, 0x0000000083500000| Updating 
|  54|0x0000000083600000, 0x0000000083700000, 0x0000000083700000|100%| O|  |TAMS 0x0000000083700000, 0x0000000083600000| Updating 
|  55|0x0000000083700000, 0x0000000083800000, 0x0000000083800000|100%| O|  |TAMS 0x0000000083800000, 0x0000000083700000| Updating 
|  56|0x0000000083800000, 0x0000000083900000, 0x0000000083900000|100%|HS|  |TAMS 0x0000000083800000, 0x0000000083800000| Complete 
|  57|0x0000000083900000, 0x0000000083a00000, 0x0000000083a00000|100%| O|  |TAMS 0x0000000083a00000, 0x0000000083900000| Updating 
|  58|0x0000000083a00000, 0x0000000083b00000, 0x0000000083b00000|100%| O|  |TAMS 0x0000000083b00000, 0x0000000083a00000| Updating 
|  59|0x0000000083b00000, 0x0000000083c00000, 0x0000000083c00000|100%| O|  |TAMS 0x0000000083c00000, 0x0000000083b00000| Updating 
|  60|0x0000000083c00000, 0x0000000083d00000, 0x0000000083d00000|100%| O|  |TAMS 0x0000000083d00000, 0x0000000083c00000| Updating 
|  61|0x0000000083d00000, 0x0000000083e00000, 0x0000000083e00000|100%| O|  |TAMS 0x0000000083e00000, 0x0000000083d00000| Updating 
|  62|0x0000000083e00000, 0x0000000083f00000, 0x0000000083f00000|100%| O|  |TAMS 0x0000000083f00000, 0x0000000083e00000| Updating 
|  63|0x0000000083f00000, 0x0000000084000000, 0x0000000084000000|100%| O|  |TAMS 0x0000000084000000, 0x0000000083f00000| Updating 
|  64|0x0000000084000000, 0x0000000084100000, 0x0000000084100000|100%| O|  |TAMS 0x0000000084100000, 0x0000000084000000| Updating 
|  65|0x0000000084100000, 0x0000000084200000, 0x0000000084200000|100%| O|  |TAMS 0x0000000084200000, 0x0000000084100000| Updating 
|  66|0x0000000084200000, 0x0000000084300000, 0x0000000084300000|100%| O|  |TAMS 0x0000000084300000, 0x0000000084200000| Updating 
|  67|0x0000000084300000, 0x0000000084400000, 0x0000000084400000|100%| O|  |TAMS 0x0000000084400000, 0x0000000084300000| Updating 
|  68|0x0000000084400000, 0x0000000084500000, 0x0000000084500000|100%| O|  |TAMS 0x0000000084500000, 0x0000000084400000| Updating 
|  69|0x0000000084500000, 0x0000000084600000, 0x0000000084600000|100%| O|  |TAMS 0x0000000084600000, 0x0000000084500000| Updating 
|  70|0x0000000084600000, 0x0000000084700000, 0x0000000084700000|100%| O|  |TAMS 0x0000000084700000, 0x0000000084600000| Updating 
|  71|0x0000000084700000, 0x0000000084800000, 0x0000000084800000|100%| O|  |TAMS 0x0000000084800000, 0x0000000084700000| Updating 
|  72|0x0000000084800000, 0x0000000084900000, 0x0000000084900000|100%| O|  |TAMS 0x0000000084900000, 0x0000000084800000| Updating 
|  73|0x0000000084900000, 0x0000000084a00000, 0x0000000084a00000|100%| O|  |TAMS 0x0000000084a00000, 0x0000000084900000| Updating 
|  74|0x0000000084a00000, 0x0000000084b00000, 0x0000000084b00000|100%| O|  |TAMS 0x0000000084b00000, 0x0000000084a00000| Updating 
|  75|0x0000000084b00000, 0x0000000084c00000, 0x0000000084c00000|100%| O|  |TAMS 0x0000000084c00000, 0x0000000084b00000| Updating 
|  76|0x0000000084c00000, 0x0000000084d00000, 0x0000000084d00000|100%| O|  |TAMS 0x0000000084d00000, 0x0000000084c00000| Updating 
|  77|0x0000000084d00000, 0x0000000084e00000, 0x0000000084e00000|100%| O|  |TAMS 0x0000000084e00000, 0x0000000084d00000| Updating 
|  78|0x0000000084e00000, 0x0000000084f00000, 0x0000000084f00000|100%| O|  |TAMS 0x0000000084f00000, 0x0000000084e00000| Updating 
|  79|0x0000000084f00000, 0x0000000085000000, 0x0000000085000000|100%| O|  |TAMS 0x0000000085000000, 0x0000000084f00000| Updating 
|  80|0x0000000085000000, 0x0000000085100000, 0x0000000085100000|100%| O|  |TAMS 0x0000000085100000, 0x0000000085000000| Updating 
|  81|0x0000000085100000, 0x0000000085200000, 0x0000000085200000|100%| O|  |TAMS 0x0000000085200000, 0x0000000085100000| Updating 
|  82|0x0000000085200000, 0x0000000085300000, 0x0000000085300000|100%| O|  |TAMS 0x0000000085300000, 0x0000000085200000| Updating 
|  83|0x0000000085300000, 0x0000000085400000, 0x0000000085400000|100%| O|  |TAMS 0x0000000085400000, 0x0000000085300000| Updating 
|  84|0x0000000085400000, 0x0000000085500000, 0x0000000085500000|100%| O|  |TAMS 0x0000000085500000, 0x0000000085400000| Updating 
|  85|0x0000000085500000, 0x0000000085600000, 0x0000000085600000|100%| O|  |TAMS 0x0000000085600000, 0x0000000085500000| Updating 
|  86|0x0000000085600000, 0x0000000085700000, 0x0000000085700000|100%| O|  |TAMS 0x0000000085700000, 0x0000000085600000| Updating 
|  87|0x0000000085700000, 0x0000000085800000, 0x0000000085800000|100%| O|  |TAMS 0x0000000085800000, 0x0000000085700000| Updating 
|  88|0x0000000085800000, 0x0000000085900000, 0x0000000085900000|100%| O|  |TAMS 0x0000000085900000, 0x0000000085800000| Updating 
|  89|0x0000000085900000, 0x0000000085a00000, 0x0000000085a00000|100%| O|  |TAMS 0x0000000085a00000, 0x0000000085900000| Updating 
|  90|0x0000000085a00000, 0x0000000085b00000, 0x0000000085b00000|100%| O|  |TAMS 0x0000000085b00000, 0x0000000085a00000| Updating 
|  91|0x0000000085b00000, 0x0000000085c00000, 0x0000000085c00000|100%| O|  |TAMS 0x0000000085c00000, 0x0000000085b00000| Updating 
|  92|0x0000000085c00000, 0x0000000085d00000, 0x0000000085d00000|100%| O|  |TAMS 0x0000000085d00000, 0x0000000085c00000| Updating 
|  93|0x0000000085d00000, 0x0000000085e00000, 0x0000000085e00000|100%| O|  |TAMS 0x0000000085e00000, 0x0000000085d00000| Updating 
|  94|0x0000000085e00000, 0x0000000085f00000, 0x0000000085f00000|100%| O|  |TAMS 0x0000000085f00000, 0x0000000085e00000| Updating 
|  95|0x0000000085f00000, 0x0000000086000000, 0x0000000086000000|100%|HS|  |TAMS 0x0000000086000000, 0x0000000085f00000| Complete 
|  96|0x0000000086000000, 0x0000000086100000, 0x0000000086100000|100%|HC|  |TAMS 0x0000000086100000, 0x0000000086000000| Complete 
|  97|0x0000000086100000, 0x0000000086200000, 0x0000000086200000|100%|HS|  |TAMS 0x0000000086200000, 0x0000000086100000| Complete 
|  98|0x0000000086200000, 0x0000000086300000, 0x0000000086300000|100%|HS|  |TAMS 0x0000000086300000, 0x0000000086200000| Complete 
|  99|0x0000000086300000, 0x0000000086400000, 0x0000000086400000|100%|HS|  |TAMS 0x0000000086400000, 0x0000000086300000| Complete 
| 100|0x0000000086400000, 0x0000000086500000, 0x0000000086500000|100%|HS|  |TAMS 0x0000000086500000, 0x0000000086400000| Complete 
| 101|0x0000000086500000, 0x0000000086600000, 0x0000000086600000|100%|HC|  |TAMS 0x0000000086600000, 0x0000000086500000| Complete 
| 102|0x0000000086600000, 0x0000000086700000, 0x0000000086700000|100%|HS|  |TAMS 0x0000000086700000, 0x0000000086600000| Complete 
| 103|0x0000000086700000, 0x0000000086800000, 0x0000000086800000|100%|HC|  |TAMS 0x0000000086800000, 0x0000000086700000| Complete 
| 104|0x0000000086800000, 0x0000000086900000, 0x0000000086900000|100%|HS|  |TAMS 0x0000000086900000, 0x0000000086800000| Complete 
| 105|0x0000000086900000, 0x0000000086a00000, 0x0000000086a00000|100%|HC|  |TAMS 0x0000000086a00000, 0x0000000086900000| Complete 
| 106|0x0000000086a00000, 0x0000000086b00000, 0x0000000086b00000|100%|HC|  |TAMS 0x0000000086b00000, 0x0000000086a00000| Complete 
| 107|0x0000000086b00000, 0x0000000086c00000, 0x0000000086c00000|100%| O|  |TAMS 0x0000000086c00000, 0x0000000086b00000| Updating 
| 108|0x0000000086c00000, 0x0000000086d00000, 0x0000000086d00000|100%| O|  |TAMS 0x0000000086d00000, 0x0000000086c00000| Updating 
| 109|0x0000000086d00000, 0x0000000086e00000, 0x0000000086e00000|100%| O|  |TAMS 0x0000000086e00000, 0x0000000086d00000| Updating 
| 110|0x0000000086e00000, 0x0000000086f00000, 0x0000000086f00000|100%| O|  |TAMS 0x0000000086f00000, 0x0000000086e00000| Updating 
| 111|0x0000000086f00000, 0x0000000087000000, 0x0000000087000000|100%| O|  |TAMS 0x0000000087000000, 0x0000000086f00000| Updating 
| 112|0x0000000087000000, 0x0000000087100000, 0x0000000087100000|100%| O|  |TAMS 0x0000000087100000, 0x0000000087000000| Updating 
| 113|0x0000000087100000, 0x0000000087200000, 0x0000000087200000|100%| O|  |TAMS 0x0000000087200000, 0x0000000087100000| Updating 
| 114|0x0000000087200000, 0x0000000087300000, 0x0000000087300000|100%| O|  |TAMS 0x0000000087300000, 0x0000000087200000| Updating 
| 115|0x0000000087300000, 0x0000000087400000, 0x0000000087400000|100%| O|  |TAMS 0x0000000087300000, 0x0000000087300000| Untracked 
| 116|0x0000000087400000, 0x0000000087500000, 0x0000000087500000|100%| O|  |TAMS 0x0000000087400000, 0x0000000087400000| Untracked 
| 117|0x0000000087500000, 0x0000000087600000, 0x0000000087600000|100%|HS|  |TAMS 0x0000000087500000, 0x0000000087500000| Complete 
| 118|0x0000000087600000, 0x0000000087700000, 0x0000000087700000|100%|HC|  |TAMS 0x0000000087600000, 0x0000000087600000| Complete 
| 119|0x0000000087700000, 0x0000000087800000, 0x0000000087800000|100%| O|  |TAMS 0x0000000087700000, 0x0000000087700000| Untracked 
| 120|0x0000000087800000, 0x0000000087900000, 0x0000000087900000|100%| O|  |TAMS 0x0000000087900000, 0x0000000087800000| Updating 
| 121|0x0000000087900000, 0x0000000087a00000, 0x0000000087a00000|100%| O|  |TAMS 0x0000000087a00000, 0x0000000087900000| Updating 
| 122|0x0000000087a00000, 0x0000000087b00000, 0x0000000087b00000|100%| O|  |TAMS 0x0000000087b00000, 0x0000000087a00000| Updating 
| 123|0x0000000087b00000, 0x0000000087c00000, 0x0000000087c00000|100%| O|  |TAMS 0x0000000087c00000, 0x0000000087b00000| Updating 
| 124|0x0000000087c00000, 0x0000000087d00000, 0x0000000087d00000|100%| O|  |TAMS 0x0000000087d00000, 0x0000000087c00000| Updating 
| 125|0x0000000087d00000, 0x0000000087e00000, 0x0000000087e00000|100%| O|  |TAMS 0x0000000087e00000, 0x0000000087d00000| Updating 
| 126|0x0000000087e00000, 0x0000000087f00000, 0x0000000087f00000|100%| O|  |TAMS 0x0000000087e68e00, 0x0000000087e00000| Updating 
| 127|0x0000000087f00000, 0x0000000088000000, 0x0000000088000000|100%|HS|  |TAMS 0x0000000087f00000, 0x0000000087f00000| Complete 
| 128|0x0000000088000000, 0x0000000088100000, 0x0000000088100000|100%| O|  |TAMS 0x0000000088000000, 0x0000000088000000| Untracked 
| 129|0x0000000088100000, 0x0000000088200000, 0x0000000088200000|100%|HS|  |TAMS 0x0000000088100000, 0x0000000088100000| Complete 
| 130|0x0000000088200000, 0x0000000088300000, 0x0000000088300000|100%| O|  |TAMS 0x0000000088200000, 0x0000000088200000| Untracked 
| 131|0x0000000088300000, 0x0000000088400000, 0x0000000088400000|100%|HS|  |TAMS 0x0000000088300000, 0x0000000088300000| Complete 
| 132|0x0000000088400000, 0x0000000088500000, 0x0000000088500000|100%| O|  |TAMS 0x0000000088400000, 0x0000000088400000| Untracked 
| 133|0x0000000088500000, 0x0000000088600000, 0x0000000088600000|100%| O|  |TAMS 0x0000000088500000, 0x0000000088500000| Untracked 
| 134|0x0000000088600000, 0x0000000088700000, 0x0000000088700000|100%| O|  |TAMS 0x0000000088600000, 0x0000000088600000| Untracked 
| 135|0x0000000088700000, 0x0000000088800000, 0x0000000088800000|100%| O|  |TAMS 0x0000000088700000, 0x0000000088700000| Untracked 
| 136|0x0000000088800000, 0x0000000088900000, 0x0000000088900000|100%| O|  |TAMS 0x0000000088800000, 0x0000000088800000| Untracked 
| 137|0x0000000088900000, 0x0000000088a00000, 0x0000000088a00000|100%|HS|  |TAMS 0x0000000088900000, 0x0000000088900000| Complete 
| 138|0x0000000088a00000, 0x0000000088b00000, 0x0000000088b00000|100%|HC|  |TAMS 0x0000000088a00000, 0x0000000088a00000| Complete 
| 139|0x0000000088b00000, 0x0000000088c00000, 0x0000000088c00000|100%| O|  |TAMS 0x0000000088b00000, 0x0000000088b00000| Untracked 
| 140|0x0000000088c00000, 0x0000000088d00000, 0x0000000088d00000|100%| O|  |TAMS 0x0000000088c00000, 0x0000000088c00000| Untracked 
| 141|0x0000000088d00000, 0x0000000088e00000, 0x0000000088e00000|100%|HS|  |TAMS 0x0000000088d00000, 0x0000000088d00000| Complete 
| 142|0x0000000088e00000, 0x0000000088f00000, 0x0000000088f00000|100%|HC|  |TAMS 0x0000000088e00000, 0x0000000088e00000| Complete 
| 143|0x0000000088f00000, 0x0000000089000000, 0x0000000089000000|100%| O|  |TAMS 0x0000000088f00000, 0x0000000088f00000| Untracked 
| 144|0x0000000089000000, 0x0000000089100000, 0x0000000089100000|100%| O|  |TAMS 0x0000000089000000, 0x0000000089000000| Untracked 
| 145|0x0000000089100000, 0x0000000089200000, 0x0000000089200000|100%| O|  |TAMS 0x0000000089100000, 0x0000000089100000| Untracked 
| 146|0x0000000089200000, 0x0000000089300000, 0x0000000089300000|100%| O|  |TAMS 0x0000000089200000, 0x0000000089200000| Updating 
| 147|0x0000000089300000, 0x0000000089400000, 0x0000000089400000|100%| O|  |TAMS 0x0000000089300000, 0x0000000089300000| Untracked 
| 148|0x0000000089400000, 0x0000000089500000, 0x0000000089500000|100%|HS|  |TAMS 0x0000000089400000, 0x0000000089400000| Complete 
| 149|0x0000000089500000, 0x0000000089600000, 0x0000000089600000|100%|HS|  |TAMS 0x0000000089500000, 0x0000000089500000| Complete 
| 150|0x0000000089600000, 0x0000000089600000, 0x0000000089700000|  0%| F|  |TAMS 0x0000000089600000, 0x0000000089600000| Untracked 
| 151|0x0000000089700000, 0x0000000089700000, 0x0000000089800000|  0%| F|  |TAMS 0x0000000089700000, 0x0000000089700000| Untracked 
| 152|0x0000000089800000, 0x0000000089800000, 0x0000000089900000|  0%| F|  |TAMS 0x0000000089800000, 0x0000000089800000| Untracked 
| 153|0x0000000089900000, 0x0000000089900000, 0x0000000089a00000|  0%| F|  |TAMS 0x0000000089900000, 0x0000000089900000| Untracked 
| 154|0x0000000089a00000, 0x0000000089a00000, 0x0000000089b00000|  0%| F|  |TAMS 0x0000000089a00000, 0x0000000089a00000| Untracked 
| 155|0x0000000089b00000, 0x0000000089b00000, 0x0000000089c00000|  0%| F|  |TAMS 0x0000000089b00000, 0x0000000089b00000| Untracked 
| 156|0x0000000089c00000, 0x0000000089c00000, 0x0000000089d00000|  0%| F|  |TAMS 0x0000000089c00000, 0x0000000089c00000| Untracked 
| 157|0x0000000089d00000, 0x0000000089e00000, 0x0000000089e00000|100%|HS|  |TAMS 0x0000000089d00000, 0x0000000089d00000| Complete 
| 158|0x0000000089e00000, 0x0000000089f00000, 0x0000000089f00000|100%|HC|  |TAMS 0x0000000089e00000, 0x0000000089e00000| Complete 
| 159|0x0000000089f00000, 0x000000008a000000, 0x000000008a000000|100%|HC|  |TAMS 0x0000000089f00000, 0x0000000089f00000| Complete 
| 160|0x000000008a000000, 0x000000008a100000, 0x000000008a100000|100%| O|  |TAMS 0x000000008a000000, 0x000000008a000000| Untracked 
| 161|0x000000008a100000, 0x000000008a200000, 0x000000008a200000|100%| O|  |TAMS 0x000000008a100000, 0x000000008a100000| Untracked 
| 162|0x000000008a200000, 0x000000008a200000, 0x000000008a300000|  0%| F|  |TAMS 0x000000008a200000, 0x000000008a200000| Untracked 
| 163|0x000000008a300000, 0x000000008a400000, 0x000000008a400000|100%| O|  |TAMS 0x000000008a300000, 0x000000008a300000| Untracked 
| 164|0x000000008a400000, 0x000000008a500000, 0x000000008a500000|100%| O|  |TAMS 0x000000008a400000, 0x000000008a400000| Untracked 
| 165|0x000000008a500000, 0x000000008a600000, 0x000000008a600000|100%| O|  |TAMS 0x000000008a500000, 0x000000008a500000| Untracked 
| 166|0x000000008a600000, 0x000000008a700000, 0x000000008a700000|100%| S|CS|TAMS 0x000000008a600000, 0x000000008a600000| Complete 
| 167|0x000000008a700000, 0x000000008a800000, 0x000000008a800000|100%| O|  |TAMS 0x000000008a700000, 0x000000008a700000| Untracked 
| 168|0x000000008a800000, 0x000000008a900000, 0x000000008a900000|100%| O|  |TAMS 0x000000008a800000, 0x000000008a800000| Untracked 
| 169|0x000000008a900000, 0x000000008a9b9000, 0x000000008aa00000| 72%| O|  |TAMS 0x000000008a900000, 0x000000008a900000| Untracked 

Card table byte_map: [0x0000015ca9790000,0x0000015ca9b90000] _byte_map_base: 0x0000015ca9390000

Marking Bits (Prev, Next): (CMBitMap*) 0x0000015c968be7e8, (CMBitMap*) 0x0000015c968be820
 Prev Bits: [0x0000015ca9f90000, 0x0000015cabf90000)
 Next Bits: [0x0000015cabf90000, 0x0000015cadf90000)

Polling page: 0x0000015c947f0000

Metaspace:

Usage:
  Non-class:     78.04 MB capacity,    76.63 MB ( 98%) used,     1.17 MB (  1%) free+waste,   256.50 KB ( <1%) overhead. 
      Class:     12.12 MB capacity,    11.34 MB ( 94%) used,   685.60 KB (  6%) free+waste,   114.25 KB ( <1%) overhead. 
       Both:     90.17 MB capacity,    87.97 MB ( 98%) used,     1.83 MB (  2%) free+waste,   370.75 KB ( <1%) overhead. 

Virtual space:
  Non-class space:       80.00 MB reserved,      78.25 MB ( 98%) committed 
      Class space:        1.00 GB reserved,      12.13 MB (  1%) committed 
             Both:        1.08 GB reserved,      90.38 MB (  8%) committed 

Chunk freelists:
   Non-Class:  22.00 KB
       Class:  1.00 KB
        Both:  23.00 KB

MaxMetaspaceSize: 17179869184.00 GB
CompressedClassSpaceSize: 1.00 GB
Initial GC threshold: 20.80 MB
Current GC threshold: 150.63 MB
CDS: off

CodeHeap 'non-profiled nmethods': size=120064Kb used=7280Kb max_used=7280Kb free=112783Kb
 bounds [0x0000015ca1e50000, 0x0000015ca2570000, 0x0000015ca9390000]
CodeHeap 'profiled nmethods': size=120000Kb used=24770Kb max_used=24770Kb free=95230Kb
 bounds [0x0000015c9a920000, 0x0000015c9c160000, 0x0000015ca1e50000]
CodeHeap 'non-nmethods': size=5696Kb used=2381Kb max_used=2420Kb free=3315Kb
 bounds [0x0000015c9a390000, 0x0000015c9a600000, 0x0000015c9a920000]
 total_blobs=12323 nmethods=11430 adapters=805
 compilation: enabled
              stopped_count=0, restarted_count=0
 full_count=0

Compilation events (20 events):
Event: 79.891 Thread 0x0000015cb048f000 nmethod 11521 0x0000015ca2568c90 code [0x0000015ca2568e40, 0x0000015ca2569188]
Event: 79.892 Thread 0x0000015cb048f000 11486       4       com.android.tools.r8.internal.ml::a (10 bytes)
Event: 79.892 Thread 0x0000015cb048f000 nmethod 11486 0x0000015ca2569290 code [0x0000015ca2569420, 0x0000015ca2569478]
Event: 79.892 Thread 0x0000015cb048f000 11531       4       com.android.tools.r8.internal.Wt::a (434 bytes)
Event: 79.894 Thread 0x0000015cb048f000 nmethod 11531 0x0000015ca2569590 code [0x0000015ca2569740, 0x0000015ca2569948]
Event: 79.894 Thread 0x0000015cb048f000 11532       4       java.io.ByteArrayOutputStream::grow (43 bytes)
Event: 79.896 Thread 0x0000015cb049d800 11536       3       com.android.tools.r8.internal.ml::a (73 bytes)
Event: 79.898 Thread 0x0000015cb049d800 nmethod 11536 0x0000015c9c14dd90 code [0x0000015c9c14e0c0, 0x0000015c9c14ee78]
Event: 79.898 Thread 0x0000015cb048f000 nmethod 11532 0x0000015ca2569b90 code [0x0000015ca2569d40, 0x0000015ca256a138]
Event: 79.898 Thread 0x0000015cb048f000 11535       4       com.android.tools.r8.graph.d1::g (45 bytes)
Event: 79.939 Thread 0x0000015cb048f000 nmethod 11535 0x0000015ca256a290 code [0x0000015ca256a420, 0x0000015ca256a5b8]
Event: 79.939 Thread 0x0000015cb048f000 11537       4       java.util.Arrays::equals (43 bytes)
Event: 79.944 Thread 0x0000015cb048f000 nmethod 11537 0x0000015ca256a690 code [0x0000015ca256a820, 0x0000015ca256aa18]
Event: 79.944 Thread 0x0000015cb048f000 11540       4       java.lang.Long::parseLong (267 bytes)
Event: 79.952 Thread 0x0000015cb048f000 nmethod 11540 0x0000015ca256ac10 code [0x0000015ca256ade0, 0x0000015ca256b238]
Event: 79.952 Thread 0x0000015cb048f000 11525       4       com.android.tools.r8.graph.r0::d0 (34 bytes)
Event: 79.959 Thread 0x0000015cb049d800 11541       3       com.android.tools.r8.internal.Hq::d (190 bytes)
Event: 79.961 Thread 0x0000015cb049d800 nmethod 11541 0x0000015c9c14f410 code [0x0000015c9c14f6a0, 0x0000015c9c150368]
Event: 79.976 Thread 0x0000015cb048f000 nmethod 11525 0x0000015ca256b710 code [0x0000015ca256b8c0, 0x0000015ca256bef8]
Event: 79.976 Thread 0x0000015cb048f000 11543       4       com.android.tools.r8.internal.aA::a (290 bytes)

GC Heap History (20 events):
Event: 79.300 GC heap after
{Heap after GC invocations=35 (full 0):
 garbage-first heap   total 157696K, used 121545K [0x0000000080000000, 0x0000000100000000)
  region size 1024K, 1 young (1024K), 1 survivors (1024K)
 Metaspace       used 88816K, capacity 91098K, committed 91392K, reserved 1128448K
  class space    used 11443K, capacity 12237K, committed 12288K, reserved 1048576K
}
Event: 79.503 GC heap before
{Heap before GC invocations=35 (full 0):
 garbage-first heap   total 157696K, used 124617K [0x0000000080000000, 0x0000000100000000)
  region size 1024K, 6 young (6144K), 1 survivors (1024K)
 Metaspace       used 89841K, capacity 92129K, committed 92288K, reserved 1128448K
  class space    used 11592K, capacity 12413K, committed 12416K, reserved 1048576K
}
Event: 79.506 GC heap after
{Heap after GC invocations=36 (full 0):
 garbage-first heap   total 157696K, used 122152K [0x0000000080000000, 0x0000000100000000)
  region size 1024K, 1 young (1024K), 1 survivors (1024K)
 Metaspace       used 89841K, capacity 92129K, committed 92288K, reserved 1128448K
  class space    used 11592K, capacity 12413K, committed 12416K, reserved 1048576K
}
Event: 79.521 GC heap before
{Heap before GC invocations=36 (full 0):
 garbage-first heap   total 157696K, used 145704K [0x0000000080000000, 0x0000000100000000)
  region size 1024K, 12 young (12288K), 1 survivors (1024K)
 Metaspace       used 89846K, capacity 92129K, committed 92288K, reserved 1128448K
  class space    used 11592K, capacity 12413K, committed 12416K, reserved 1048576K
}
Event: 79.524 GC heap after
{Heap after GC invocations=37 (full 0):
 garbage-first heap   total 157696K, used 132625K [0x0000000080000000, 0x0000000100000000)
  region size 1024K, 2 young (2048K), 2 survivors (2048K)
 Metaspace       used 89846K, capacity 92129K, committed 92288K, reserved 1128448K
  class space    used 11592K, capacity 12413K, committed 12416K, reserved 1048576K
}
Event: 79.529 GC heap before
{Heap before GC invocations=37 (full 0):
 garbage-first heap   total 157696K, used 136721K [0x0000000080000000, 0x0000000100000000)
  region size 1024K, 7 young (7168K), 2 survivors (2048K)
 Metaspace       used 89847K, capacity 92129K, committed 92288K, reserved 1128448K
  class space    used 11592K, capacity 12413K, committed 12416K, reserved 1048576K
}
Event: 79.532 GC heap after
{Heap after GC invocations=38 (full 0):
 garbage-first heap   total 157696K, used 134786K [0x0000000080000000, 0x0000000100000000)
  region size 1024K, 1 young (1024K), 1 survivors (1024K)
 Metaspace       used 89847K, capacity 92129K, committed 92288K, reserved 1128448K
  class space    used 11592K, capacity 12413K, committed 12416K, reserved 1048576K
}
Event: 79.544 GC heap before
{Heap before GC invocations=38 (full 0):
 garbage-first heap   total 163840K, used 159362K [0x0000000080000000, 0x0000000100000000)
  region size 1024K, 7 young (7168K), 1 survivors (1024K)
 Metaspace       used 89848K, capacity 92129K, committed 92288K, reserved 1128448K
  class space    used 11592K, capacity 12413K, committed 12416K, reserved 1048576K
}
Event: 79.545 GC heap after
{Heap after GC invocations=39 (full 0):
 garbage-first heap   total 163840K, used 143963K [0x0000000080000000, 0x0000000100000000)
  region size 1024K, 1 young (1024K), 1 survivors (1024K)
 Metaspace       used 89848K, capacity 92129K, committed 92288K, reserved 1128448K
  class space    used 11592K, capacity 12413K, committed 12416K, reserved 1048576K
}
Event: 79.649 GC heap before
{Heap before GC invocations=39 (full 0):
 garbage-first heap   total 163840K, used 150107K [0x0000000080000000, 0x0000000100000000)
  region size 1024K, 8 young (8192K), 1 survivors (1024K)
 Metaspace       used 90064K, capacity 92329K, committed 92544K, reserved 1130496K
  class space    used 11615K, capacity 12415K, committed 12416K, reserved 1048576K
}
Event: 79.654 GC heap after
{Heap after GC invocations=40 (full 0):
 garbage-first heap   total 163840K, used 147906K [0x0000000080000000, 0x0000000100000000)
  region size 1024K, 1 young (1024K), 1 survivors (1024K)
 Metaspace       used 90064K, capacity 92329K, committed 92544K, reserved 1130496K
  class space    used 11615K, capacity 12415K, committed 12416K, reserved 1048576K
}
Event: 79.738 GC heap before
{Heap before GC invocations=40 (full 0):
 garbage-first heap   total 163840K, used 154050K [0x0000000080000000, 0x0000000100000000)
  region size 1024K, 8 young (8192K), 1 survivors (1024K)
 Metaspace       used 90077K, capacity 92329K, committed 92544K, reserved 1130496K
  class space    used 11615K, capacity 12415K, committed 12416K, reserved 1048576K
}
Event: 79.746 GC heap after
{Heap after GC invocations=41 (full 0):
 garbage-first heap   total 163840K, used 150967K [0x0000000080000000, 0x0000000100000000)
  region size 1024K, 1 young (1024K), 1 survivors (1024K)
 Metaspace       used 90077K, capacity 92329K, committed 92544K, reserved 1130496K
  class space    used 11615K, capacity 12415K, committed 12416K, reserved 1048576K
}
Event: 79.794 GC heap before
{Heap before GC invocations=41 (full 0):
 garbage-first heap   total 163840K, used 158135K [0x0000000080000000, 0x0000000100000000)
  region size 1024K, 8 young (8192K), 1 survivors (1024K)
 Metaspace       used 90078K, capacity 92329K, committed 92544K, reserved 1130496K
  class space    used 11615K, capacity 12415K, committed 12416K, reserved 1048576K
}
Event: 79.805 GC heap after
{Heap after GC invocations=42 (full 0):
 garbage-first heap   total 163840K, used 154341K [0x0000000080000000, 0x0000000100000000)
  region size 1024K, 1 young (1024K), 1 survivors (1024K)
 Metaspace       used 90078K, capacity 92329K, committed 92544K, reserved 1130496K
  class space    used 11615K, capacity 12415K, committed 12416K, reserved 1048576K
}
Event: 79.865 GC heap before
{Heap before GC invocations=42 (full 0):
 garbage-first heap   total 163840K, used 160485K [0x0000000080000000, 0x0000000100000000)
  region size 1024K, 8 young (8192K), 1 survivors (1024K)
 Metaspace       used 90078K, capacity 92329K, committed 92544K, reserved 1130496K
  class space    used 11615K, capacity 12415K, committed 12416K, reserved 1048576K
}
Event: 79.879 GC heap after
{Heap after GC invocations=43 (full 0):
 garbage-first heap   total 165888K, used 157696K [0x0000000080000000, 0x0000000100000000)
  region size 1024K, 1 young (1024K), 1 survivors (1024K)
 Metaspace       used 90078K, capacity 92329K, committed 92544K, reserved 1130496K
  class space    used 11615K, capacity 12415K, committed 12416K, reserved 1048576K
}
Event: 79.921 GC heap before
{Heap before GC invocations=43 (full 0):
 garbage-first heap   total 165888K, used 165888K [0x0000000080000000, 0x0000000100000000)
  region size 1024K, 8 young (8192K), 1 survivors (1024K)
 Metaspace       used 90079K, capacity 92329K, committed 92544K, reserved 1130496K
  class space    used 11615K, capacity 12415K, committed 12416K, reserved 1048576K
}
Event: 79.935 GC heap after
{Heap after GC invocations=44 (full 0):
 garbage-first heap   total 169984K, used 161725K [0x0000000080000000, 0x0000000100000000)
  region size 1024K, 1 young (1024K), 1 survivors (1024K)
 Metaspace       used 90079K, capacity 92329K, committed 92544K, reserved 1130496K
  class space    used 11615K, capacity 12415K, committed 12416K, reserved 1048576K
}
Event: 79.991 GC heap before
{Heap before GC invocations=44 (full 0):
 garbage-first heap   total 169984K, used 169917K [0x0000000080000000, 0x0000000100000000)
  region size 1024K, 8 young (8192K), 1 survivors (1024K)
 Metaspace       used 90079K, capacity 92329K, committed 92544K, reserved 1130496K
  class space    used 11615K, capacity 12415K, committed 12416K, reserved 1048576K
}

Deoptimization events (20 events):
Event: 79.748 Thread 0x0000015cb3a95800 DEOPT PACKING pc=0x0000015c9c0f837e sp=0x0000002d807fd960
Event: 79.748 Thread 0x0000015cb3a95800 DEOPT UNPACKING pc=0x0000015c9a3da95e sp=0x0000002d807fcdd8 mode 0
Event: 79.749 Thread 0x0000015cb3a95800 DEOPT PACKING pc=0x0000015c9c0f837e sp=0x0000002d807fd960
Event: 79.749 Thread 0x0000015cb3a95800 DEOPT UNPACKING pc=0x0000015c9a3da95e sp=0x0000002d807fcdd8 mode 0
Event: 79.751 Thread 0x0000015cb3a95800 DEOPT PACKING pc=0x0000015c9c0f837e sp=0x0000002d807fd970
Event: 79.751 Thread 0x0000015cb3a95800 DEOPT UNPACKING pc=0x0000015c9a3da95e sp=0x0000002d807fcde8 mode 0
Event: 79.767 Thread 0x0000015cb3a95800 DEOPT PACKING pc=0x0000015c9c0f837e sp=0x0000002d807fda20
Event: 79.767 Thread 0x0000015cb3a95800 DEOPT UNPACKING pc=0x0000015c9a3da95e sp=0x0000002d807fce98 mode 0
Event: 79.770 Thread 0x0000015cb3a95800 DEOPT PACKING pc=0x0000015c9c0f837e sp=0x0000002d807fd970
Event: 79.770 Thread 0x0000015cb3a95800 DEOPT UNPACKING pc=0x0000015c9a3da95e sp=0x0000002d807fcde8 mode 0
Event: 79.771 Thread 0x0000015cb3a95800 DEOPT PACKING pc=0x0000015c9c0f837e sp=0x0000002d807fd970
Event: 79.771 Thread 0x0000015cb3a95800 DEOPT UNPACKING pc=0x0000015c9a3da95e sp=0x0000002d807fcde8 mode 0
Event: 79.772 Thread 0x0000015cb3a95800 DEOPT PACKING pc=0x0000015c9c0f837e sp=0x0000002d807fd970
Event: 79.772 Thread 0x0000015cb3a95800 DEOPT UNPACKING pc=0x0000015c9a3da95e sp=0x0000002d807fcde8 mode 0
Event: 79.773 Thread 0x0000015cb3a95800 DEOPT PACKING pc=0x0000015c9c0f837e sp=0x0000002d807fd970
Event: 79.773 Thread 0x0000015cb3a95800 DEOPT UNPACKING pc=0x0000015c9a3da95e sp=0x0000002d807fcde8 mode 0
Event: 79.787 Thread 0x0000015cb3a95800 DEOPT PACKING pc=0x0000015c9c0f837e sp=0x0000002d807fda20
Event: 79.787 Thread 0x0000015cb3a95800 DEOPT UNPACKING pc=0x0000015c9a3da95e sp=0x0000002d807fce98 mode 0
Event: 79.817 Thread 0x0000015cb3a95800 DEOPT PACKING pc=0x0000015c9c0f837e sp=0x0000002d807fda20
Event: 79.817 Thread 0x0000015cb3a95800 DEOPT UNPACKING pc=0x0000015c9a3da95e sp=0x0000002d807fce98 mode 0

Classes redefined (0 events):
No events

Internal exceptions (20 events):
Event: 38.096 Thread 0x0000015cb3a94800 Exception <a 'java/lang/IncompatibleClassChangeError'{0x000000008836d228}: Found class java.lang.Object, but interface was expected> (0x000000008836d228) thrown at [./src/hotspot/share/interpreter/linkResolver.cpp, line 839]
Event: 38.146 Thread 0x0000015cb2d23800 Exception <a 'java/lang/NoSuchMethodError'{0x00000000882a9770}: <clinit>> (0x00000000882a9770) thrown at [./src/hotspot/share/prims/jni.cpp, line 1365]
Event: 38.147 Thread 0x0000015cb3a94800 Exception <a 'java/lang/NoSuchMethodError'{0x0000000088270d88}: 'java.lang.Object java.lang.invoke.DirectMethodHandle$Holder.invokeInterface(java.lang.Object, java.lang.Object, int)'> (0x0000000088270d88) thrown at [./src/hotspot/share/interpreter/linkResolver.cpp, line 773]
Event: 38.151 Thread 0x0000015cb3a94800 Exception <a 'java/lang/NoSuchMethodError'{0x00000000882b6458}: 'void java.lang.invoke.DirectMethodHandle$Holder.invokeStatic(java.lang.Object, java.lang.Object, java.lang.Object, int)'> (0x00000000882b6458) thrown at [./src/hotspot/share/interpreter/linkResolver.cpp, line 773]
Event: 38.385 Thread 0x0000015cb3a94800 Implicit null exception at 0x0000015ca22fda77 to 0x0000015ca22fdc0c
Event: 38.422 Thread 0x0000015cb3a94800 Exception <a 'java/lang/IncompatibleClassChangeError'{0x00000000880c1fa8}: Found class java.lang.Object, but interface was expected> (0x00000000880c1fa8) thrown at [./src/hotspot/share/interpreter/linkResolver.cpp, line 839]
Event: 41.654 Thread 0x0000015cb3a94800 Exception <a 'java/lang/NoSuchMethodError'{0x0000000086fccd20}: 'void java.lang.invoke.DirectMethodHandle$Holder.invokeStatic(java.lang.Object, java.lang.Object, java.lang.Object, java.lang.Object, int, java.lang.Object, java.lang.Object)'> (0x0000000086fccd20) thrown at [./src/hotspot/share/interpreter/linkResolver.cpp, line 773]
Event: 41.734 Thread 0x0000015cb2592000 Exception <a 'java/lang/NoSuchMethodError'{0x0000000086a3bef8}: 'java.lang.Object java.lang.invoke.DirectMethodHandle$Holder.invokeSpecialIFC(java.lang.Object, java.lang.Object, java.lang.Object)'> (0x0000000086a3bef8) thrown at [./src/hotspot/share/interpreter/linkResolver.cpp, line 773]
Event: 42.668 Thread 0x0000015cb2592000 Exception <a 'java/lang/NoSuchMethodError'{0x00000000868c6938}: 'int java.lang.invoke.DirectMethodHandle$Holder.invokeStaticInit(java.lang.Object, java.lang.Object, java.lang.Object, java.lang.Object, java.lang.Object)'> (0x00000000868c6938) thrown at [./src/hotspot/share/interpreter/linkResolver.cpp, line 773]
Event: 51.252 Thread 0x0000015cb2592000 Exception <a 'java/lang/NoSuchMethodError'{0x00000000883124c8}: 'void java.lang.invoke.DirectMethodHandle$Holder.invokeVirtual(java.lang.Object, java.lang.Object)'> (0x00000000883124c8) thrown at [./src/hotspot/share/interpreter/linkResolver.cpp, line 773]
Event: 51.253 Thread 0x0000015cb3af4000 Exception <a 'java/lang/NoSuchMethodError'{0x0000000087a21bb0}: 'void java.lang.invoke.DirectMethodHandle$Holder.invokeVirtual(java.lang.Object, java.lang.Object)'> (0x0000000087a21bb0) thrown at [./src/hotspot/share/interpreter/linkResolver.cpp, line 773]
Event: 54.624 Thread 0x0000015cb3afd000 Implicit null exception at 0x0000015ca23a74f8 to 0x0000015ca23a7e6c
Event: 54.625 Thread 0x0000015cb3afd000 Implicit null exception at 0x0000015ca23a68db to 0x0000015ca23a696c
Event: 55.154 Thread 0x0000015cb3af4000 Implicit null exception at 0x0000015ca23b3dc4 to 0x0000015ca23b45e0
Event: 70.184 Thread 0x0000015cb3a94800 Exception <a 'java/lang/NoSuchMethodError'{0x00000000898fd358}: <clinit>> (0x00000000898fd358) thrown at [./src/hotspot/share/prims/jni.cpp, line 1365]
Event: 70.634 Thread 0x0000015cb2d23800 Exception <a 'java/lang/NoSuchMethodError'{0x0000000088c68a60}: <clinit>> (0x0000000088c68a60) thrown at [./src/hotspot/share/prims/jni.cpp, line 1365]
Event: 70.639 Thread 0x0000015cb2d23800 Exception <a 'java/lang/NoSuchMethodError'{0x0000000088ca9500}: <clinit>> (0x0000000088ca9500) thrown at [./src/hotspot/share/prims/jni.cpp, line 1365]
Event: 70.641 Thread 0x0000015cb2d23800 Exception <a 'java/lang/NoSuchMethodError'{0x0000000088cbb2f8}: <clinit>> (0x0000000088cbb2f8) thrown at [./src/hotspot/share/prims/jni.cpp, line 1365]
Event: 78.974 Thread 0x0000015cb3a95800 Exception <a 'sun/nio/fs/WindowsException'{0x0000000087906168}> (0x0000000087906168) thrown at [./src/hotspot/share/prims/jni.cpp, line 615]
Event: 79.496 Thread 0x0000015cb3a95800 Exception <a 'java/lang/NoSuchMethodError'{0x000000008958b408}: 'java.lang.Object java.lang.invoke.DirectMethodHandle$Holder.invokeStaticInit(java.lang.Object, java.lang.Object, java.lang.Object, java.lang.Object, java.lang.Object, java.lang.Object, java.lang.Object, java.lang.Object, java.lang.Object, java.lang.Object, java.lang.Object, java.lang.Object, java.lang.Object, java.lang.Object, java.lang.Object, java.lang.Object, java.lang.Object, java.lang.Object, int, java.lang.Object, java.lang.Object)'> (0

Events (20 events):
Event: 79.582 loading class com/android/tools/r8/graph/f1 done
Event: 79.582 loading class com/android/tools/r8/graph/f1
Event: 79.582 loading class com/android/tools/r8/graph/f1 done
Event: 79.582 loading class com/android/tools/r8/dex/j
Event: 79.582 loading class com/android/tools/r8/dex/j done
Event: 79.583 loading class com/android/tools/r8/graph/I
Event: 79.583 loading class com/android/tools/r8/graph/I done
Event: 79.649 Executing VM operation: G1CollectForAllocation
Event: 79.654 Executing VM operation: G1CollectForAllocation done
Event: 79.738 Executing VM operation: G1CollectForAllocation
Event: 79.746 Executing VM operation: G1CollectForAllocation done
Event: 79.794 Executing VM operation: G1CollectForAllocation
Event: 79.806 Executing VM operation: G1CollectForAllocation done
Event: 79.823 Executing VM operation: CGC_Operation
Event: 79.837 Executing VM operation: CGC_Operation done
Event: 79.865 Executing VM operation: G1CollectForAllocation
Event: 79.879 Executing VM operation: G1CollectForAllocation done
Event: 79.920 Executing VM operation: G1CollectForAllocation
Event: 79.935 Executing VM operation: G1CollectForAllocation done
Event: 79.991 Executing VM operation: G1CollectForAllocation


Dynamic libraries:
0x00007ff7f2a40000 - 0x00007ff7f2a4a000 	C:\Program Files\Android\Android Studio\jre\bin\java.exe
0x00007ffc41170000 - 0x00007ffc41368000 	C:\WINDOWS\SYSTEM32\ntdll.dll
0x00007ffc3f1b0000 - 0x00007ffc3f26f000 	C:\WINDOWS\System32\KERNEL32.DLL
0x00007ffc3e860000 - 0x00007ffc3eb32000 	C:\WINDOWS\System32\KERNELBASE.dll
0x00007ffc3efa0000 - 0x00007ffc3f0a0000 	C:\WINDOWS\System32\ucrtbase.dll
0x00007ffc2e500000 - 0x00007ffc2e519000 	C:\Program Files\Android\Android Studio\jre\bin\jli.dll
0x00007ffc2ccb0000 - 0x00007ffc2ccc7000 	C:\Program Files\Android\Android Studio\jre\bin\VCRUNTIME140.dll
0x00007ffc3f400000 - 0x00007ffc3f5a1000 	C:\WINDOWS\System32\USER32.dll
0x00007ffc3ebd0000 - 0x00007ffc3ebf2000 	C:\WINDOWS\System32\win32u.dll
0x00007ffc316b0000 - 0x00007ffc3194a000 	C:\WINDOWS\WinSxS\amd64_microsoft.windows.common-controls_6595b64144ccf1df_6.0.19041.1110_none_60b5254171f9507e\COMCTL32.dll
0x00007ffc3fc60000 - 0x00007ffc3fc8b000 	C:\WINDOWS\System32\GDI32.dll
0x00007ffc40ef0000 - 0x00007ffc40f8e000 	C:\WINDOWS\System32\msvcrt.dll
0x00007ffc3f0a0000 - 0x00007ffc3f1af000 	C:\WINDOWS\System32\gdi32full.dll
0x00007ffc3ee80000 - 0x00007ffc3ef1d000 	C:\WINDOWS\System32\msvcp_win.dll
0x00007ffc3fe50000 - 0x00007ffc3fe82000 	C:\WINDOWS\System32\IMM32.DLL
0x00007ffc1dfe0000 - 0x00007ffc1e07d000 	C:\Program Files\Android\Android Studio\jre\bin\msvcp140.dll
0x00007ffc12470000 - 0x00007ffc12f55000 	C:\Program Files\Android\Android Studio\jre\bin\server\jvm.dll
0x00007ffc3fd00000 - 0x00007ffc3fdae000 	C:\WINDOWS\System32\ADVAPI32.dll
0x00007ffc3f5b0000 - 0x00007ffc3f64c000 	C:\WINDOWS\System32\sechost.dll
0x00007ffc40b20000 - 0x00007ffc40c45000 	C:\WINDOWS\System32\RPCRT4.dll
0x00007ffc3fe30000 - 0x00007ffc3fe38000 	C:\WINDOWS\System32\PSAPI.DLL
0x00007ffc3a6e0000 - 0x00007ffc3a6e9000 	C:\WINDOWS\SYSTEM32\WSOCK32.dll
0x00007ffc31240000 - 0x00007ffc31267000 	C:\WINDOWS\SYSTEM32\WINMM.dll
0x00007ffc33820000 - 0x00007ffc3382a000 	C:\WINDOWS\SYSTEM32\VERSION.dll
0x00007ffc3fc90000 - 0x00007ffc3fcfb000 	C:\WINDOWS\System32\WS2_32.dll
0x00007ffc3c720000 - 0x00007ffc3c732000 	C:\WINDOWS\SYSTEM32\kernel.appcore.dll
0x00007ffc398e0000 - 0x00007ffc398f1000 	C:\Program Files\Android\Android Studio\jre\bin\verify.dll
0x00007ffc38130000 - 0x00007ffc38314000 	C:\WINDOWS\SYSTEM32\DBGHELP.DLL
0x00007ffc379a0000 - 0x00007ffc379d5000 	C:\WINDOWS\SYSTEM32\dbgcore.DLL
0x00007ffc3eb40000 - 0x00007ffc3ebc2000 	C:\WINDOWS\System32\bcryptPrimitives.dll
0x00007ffc33680000 - 0x00007ffc336a9000 	C:\Program Files\Android\Android Studio\jre\bin\java.dll
0x00007ffc39d70000 - 0x00007ffc39d7b000 	C:\Program Files\Android\Android Studio\jre\bin\jimage.dll
0x00007ffc39870000 - 0x00007ffc39888000 	C:\Program Files\Android\Android Studio\jre\bin\zip.dll
0x00007ffc3fe90000 - 0x00007ffc405d4000 	C:\WINDOWS\System32\SHELL32.dll
0x00007ffc3c920000 - 0x00007ffc3d0b2000 	C:\WINDOWS\SYSTEM32\windows.storage.dll
0x00007ffc3f650000 - 0x00007ffc3f9a5000 	C:\WINDOWS\System32\combase.dll
0x00007ffc3e1e0000 - 0x00007ffc3e210000 	C:\WINDOWS\SYSTEM32\Wldp.dll
0x00007ffc41080000 - 0x00007ffc4112d000 	C:\WINDOWS\System32\SHCORE.dll
0x00007ffc41020000 - 0x00007ffc41075000 	C:\WINDOWS\System32\shlwapi.dll
0x00007ffc3e7a0000 - 0x00007ffc3e7bf000 	C:\WINDOWS\SYSTEM32\profapi.dll
0x00007ffc39380000 - 0x00007ffc3939a000 	C:\Program Files\Android\Android Studio\jre\bin\net.dll
0x00007ffc38580000 - 0x00007ffc3868c000 	C:\WINDOWS\SYSTEM32\WINHTTP.dll
0x00007ffc3df40000 - 0x00007ffc3dfaa000 	C:\WINDOWS\system32\mswsock.dll
0x00007ffc342f0000 - 0x00007ffc34304000 	C:\Program Files\Android\Android Studio\jre\bin\nio.dll
0x00007ffc2f130000 - 0x00007ffc2f157000 	C:\Users\Dr. Pop Candy\.gradle\native\e1d6ef7f7dcc3fd88c89a11ec53ec762bb8ba0a96d01ffa2cd45eb1d1d8dd5c5\windows-amd64\native-platform.dll
0x00007ffc1bf80000 - 0x00007ffc1c0c4000 	C:\Users\Dr. Pop Candy\.gradle\native\5664cfc778a61ccfe75a443a1ab52a65af34e5dc3c78e0209fed803814484fcb\windows-amd64\native-platform-file-events.dll
0x00007ffc39b80000 - 0x00007ffc39b8a000 	C:\Program Files\Android\Android Studio\jre\bin\management.dll
0x00007ffc39ae0000 - 0x00007ffc39aed000 	C:\Program Files\Android\Android Studio\jre\bin\management_ext.dll
0x00007ffc3e140000 - 0x00007ffc3e158000 	C:\WINDOWS\SYSTEM32\CRYPTSP.dll
0x00007ffc3d860000 - 0x00007ffc3d894000 	C:\WINDOWS\system32\rsaenh.dll
0x00007ffc3ef20000 - 0x00007ffc3ef47000 	C:\WINDOWS\System32\bcrypt.dll
0x00007ffc3e760000 - 0x00007ffc3e78e000 	C:\WINDOWS\SYSTEM32\USERENV.dll
0x00007ffc3e130000 - 0x00007ffc3e13c000 	C:\WINDOWS\SYSTEM32\CRYPTBASE.dll
0x00007ffc3dc30000 - 0x00007ffc3dc6b000 	C:\WINDOWS\SYSTEM32\IPHLPAPI.DLL
0x00007ffc3fe40000 - 0x00007ffc3fe48000 	C:\WINDOWS\System32\NSI.dll
0x00007ffc39260000 - 0x00007ffc39277000 	C:\WINDOWS\SYSTEM32\dhcpcsvc6.DLL
0x00007ffc38ed0000 - 0x00007ffc38eed000 	C:\WINDOWS\SYSTEM32\dhcpcsvc.DLL
0x00007ffc3dc70000 - 0x00007ffc3dd3a000 	C:\WINDOWS\SYSTEM32\DNSAPI.dll

dbghelp: loaded successfully - version: 4.0.5 - missing functions: none
symbol engine: initialized successfully - sym options: 0x614 - pdb path: .;C:\Program Files\Android\Android Studio\jre\bin;C:\WINDOWS\SYSTEM32;C:\WINDOWS\WinSxS\amd64_microsoft.windows.common-controls_6595b64144ccf1df_6.0.19041.1110_none_60b5254171f9507e;C:\Program Files\Android\Android Studio\jre\bin\server;C:\Users\Dr. Pop Candy\.gradle\native\e1d6ef7f7dcc3fd88c89a11ec53ec762bb8ba0a96d01ffa2cd45eb1d1d8dd5c5\windows-amd64;C:\Users\Dr. Pop Candy\.gradle\native\5664cfc778a61ccfe75a443a1ab52a65af34e5dc3c78e0209fed803814484fcb\windows-amd64

VM Arguments:
jvm_args: --add-opens=java.base/java.util=ALL-UNNAMED --add-opens=java.base/java.lang=ALL-UNNAMED --add-opens=java.base/java.lang.invoke=ALL-UNNAMED --add-opens=java.base/java.util=ALL-UNNAMED --add-opens=java.prefs/java.util.prefs=ALL-UNNAMED --add-opens=java.prefs/java.util.prefs=ALL-UNNAMED --add-opens=java.base/java.nio.charset=ALL-UNNAMED --add-opens=java.base/java.net=ALL-UNNAMED --add-opens=java.base/java.util.concurrent.atomic=ALL-UNNAMED -Xmx2048m -Dfile.encoding=UTF-8 -Duser.country=US -Duser.language=en -Duser.variant 
java_command: org.gradle.launcher.daemon.bootstrap.GradleDaemon 7.3.3
java_class_path (initial): C:\Users\Dr. Pop Candy\.gradle\wrapper\dists\gradle-7.3.3-bin\6a41zxkdtcxs8rphpq6y0069z\gradle-7.3.3\lib\gradle-launcher-7.3.3.jar
Launcher Type: SUN_STANDARD

[Global flags]
     intx CICompilerCount                          = 3                                         {product} {ergonomic}
     uint ConcGCThreads                            = 1                                         {product} {ergonomic}
     uint G1ConcRefinementThreads                  = 4                                         {product} {ergonomic}
   size_t G1HeapRegionSize                         = 1048576                                   {product} {ergonomic}
    uintx GCDrainStackTargetSize                   = 64                                        {product} {ergonomic}
   size_t InitialHeapSize                          = 134217728                                 {product} {ergonomic}
   size_t MarkStackSize                            = 4194304                                   {product} {ergonomic}
   size_t MaxHeapSize                              = 2147483648                                {product} {command line}
   size_t MaxNewSize                               = 1287651328                                {product} {ergonomic}
   size_t MinHeapDeltaBytes                        = 1048576                                   {product} {ergonomic}
    uintx NonNMethodCodeHeapSize                   = 5830732                                {pd product} {ergonomic}
    uintx NonProfiledCodeHeapSize                  = 122913754                              {pd product} {ergonomic}
    uintx ProfiledCodeHeapSize                     = 122913754                              {pd product} {ergonomic}
    uintx ReservedCodeCacheSize                    = 251658240                              {pd product} {ergonomic}
     bool SegmentedCodeCache                       = true                                      {product} {ergonomic}
     bool UseCompressedClassPointers               = true                                 {lp64_product} {ergonomic}
     bool UseCompressedOops                        = true                                 {lp64_product} {ergonomic}
     bool UseG1GC                                  = true                                      {product} {ergonomic}
     bool UseLargePagesIndividualAllocation        = false                                  {pd product} {ergonomic}

Logging:
Log output configuration:
 #0: stdout all=warning uptime,level,tags
 #1: stderr all=off uptime,level,tags

Environment Variables:
PATH=C:\Python310\Scripts\;C:\Python310\;C:\WINDOWS\system32;C:\WINDOWS;C:\WINDOWS\System32\Wbem;C:\WINDOWS\System32\WindowsPowerShell\v1.0\;C:\WINDOWS\System32\OpenSSH\;C:\Program Files\Git\cmd;C:\ProgramData\chocolatey\bin;C:\Program Files\nodejs\;C:\Users\Dr. Pop Candy\AppData\Local\Microsoft\WindowsApps;;C:\Users\Dr. Pop Candy\AppData\Local\Programs\Microsoft VS Code\bin;C:\Users\Dr. Pop Candy\AppData\Roaming\npm
USERNAME=Dr. Pop Candy
OS=Windows_NT
PROCESSOR_IDENTIFIER=Intel64 Family 6 Model 42 Stepping 7, GenuineIntel



---------------  S Y S T E M  ---------------

OS: Windows 10 , 64 bit Build 19041 (10.0.19041.2364)
OS uptime: 41 days 0:34 hours

CPU:total 4 (initial active 4) (2 cores per cpu, 2 threads per core) family 6 model 42 stepping 7 microcode 0x2f, cmov, cx8, fxsr, mmx, sse, sse2, sse3, ssse3, sse4.1, sse4.2, popcnt, avx, aes, clmul, ht, tsc, tscinvbit

Memory: 4k page, system-wide physical 8142M (282M free)
TotalPageFile size 21032M (AvailPageFile size 106M)
current process WorkingSet (physical memory assigned to process): 420M, peak: 420M
current process commit charge ("private bytes"): 452M, peak: 566M

vm_info: OpenJDK 64-Bit Server VM (11.0.12+7-b1504.28-7817840) for windows-amd64 JRE (11.0.12+7-b1504.28-7817840), built on Oct 13 2021 22:12:33 by "builder" with MS VC++ 14.0 (VS2015)

END.
